<?xml version="1.0" encoding="utf-8"?><testsuites name="pytest tests"><testsuite name="pytest" errors="0" failures="0" skipped="0" tests="23" time="2.586" timestamp="2026-02-27T17:37:17.881828+00:00" hostname="agent-env-8b6d3573-c27b-48a3-a8e7-485159df483d"><testcase classname="backend.tests.test_articoli_payments.TestArticoliCRUD" name="test_list_articoli_empty_or_existing" time="0.154" /><testcase classname="backend.tests.test_articoli_payments.TestArticoliCRUD" name="test_create_articolo" time="0.065" /><testcase classname="backend.tests.test_articoli_payments.TestArticoliCRUD" name="test_get_articolo_by_id" time="0.070" /><testcase classname="backend.tests.test_articoli_payments.TestArticoliCRUD" name="test_update_articolo" time="0.072" /><testcase classname="backend.tests.test_articoli_payments.TestArticoliCRUD" name="test_search_articoli" time="0.055" /><testcase classname="backend.tests.test_articoli_payments.TestArticoliCRUD" name="test_bulk_import_articoli" time="0.063" /><testcase classname="backend.tests.test_articoli_payments.TestArticoliCRUD" name="test_list_articoli_with_filter" time="0.058" /><testcase classname="backend.tests.test_articoli_payments.TestArticoliCRUD" name="test_delete_articolo" time="0.110" /><testcase classname="backend.tests.test_articoli_payments.TestArticoliCRUD" name="test_cleanup_bulk_articoli" time="0.236" /><testcase classname="backend.tests.test_articoli_payments.TestPaymentTracking" name="test_create_invoice_for_payments" time="0.221" /><testcase classname="backend.tests.test_articoli_payments.TestPaymentTracking" name="test_get_scadenze_initial" time="0.066" /><testcase classname="backend.tests.test_articoli_payments.TestPaymentTracking" name="test_record_partial_payment" time="0.138" /><testcase classname="backend.tests.test_articoli_payments.TestPaymentTracking" name="test_get_scadenze_after_partial_payment" time="0.055" /><testcase classname="backend.tests.test_articoli_payments.TestPaymentTracking" name="test_record_full_payment" time="0.158" /><testcase classname="backend.tests.test_articoli_payments.TestPaymentTracking" name="test_delete_payment" time="0.119" /><testcase classname="backend.tests.test_articoli_payments.TestPaymentTracking" name="test_invoices_list_has_payment_columns" time="0.063" /><testcase classname="backend.tests.test_articoli_payments.TestInvoiceDuplicate" name="test_create_invoice_to_duplicate" time="0.055" /><testcase classname="backend.tests.test_articoli_payments.TestInvoiceDuplicate" name="test_duplicate_invoice" time="0.058" /><testcase classname="backend.tests.test_articoli_payments.TestInvoiceDuplicate" name="test_duplicated_invoice_has_same_lines" time="0.137" /><testcase classname="backend.tests.test_articoli_payments.TestInvoiceDuplicate" name="test_cleanup_duplicate_invoices" time="0.185" /><testcase classname="backend.tests.test_articoli_payments.TestAuthRequired" name="test_articoli_requires_auth" time="0.115" /><testcase classname="backend.tests.test_articoli_payments.TestAuthRequired" name="test_scadenze_requires_auth" time="0.120" /><testcase classname="backend.tests.test_articoli_payments.TestAuthRequired" name="test_duplicate_requires_auth" time="0.150" /></testsuite></testsuites>