<?xml version="1.0" encoding="utf-8"?><testsuites name="pytest tests"><testsuite name="pytest" errors="0" failures="0" skipped="0" tests="17" time="9.982" timestamp="2026-02-28T19:58:35.827657+00:00" hostname="agent-env-7f73c45c-7969-4598-8550-6fd97ecf1bed"><testcase classname="tests.test_cam_report_aziendale.TestCAMReportAziendaleAuth" name="test_report_aziendale_requires_auth" time="0.558" /><testcase classname="tests.test_cam_report_aziendale.TestCAMReportAziendaleAuth" name="test_report_aziendale_pdf_requires_auth" time="0.133" /><testcase classname="tests.test_cam_report_aziendale.TestCAMReportAziendaleEmpty" name="test_report_empty_returns_zero_values" time="0.122" /><testcase classname="tests.test_cam_report_aziendale.TestCAMReportAziendaleEmpty" name="test_report_pdf_empty_returns_400" time="0.120" /><testcase classname="tests.test_cam_report_aziendale.TestCAMReportAziendaleWithData" name="test_report_aggregation_total_lotti" time="0.486" /><testcase classname="tests.test_cam_report_aziendale.TestCAMReportAziendaleWithData" name="test_report_aggregation_peso_totale" time="0.483" /><testcase classname="tests.test_cam_report_aziendale.TestCAMReportAziendaleWithData" name="test_report_aggregation_peso_riciclato" time="0.469" /><testcase classname="tests.test_cam_report_aziendale.TestCAMReportAziendaleWithData" name="test_report_co2_calculation" time="0.429" /><testcase classname="tests.test_cam_report_aziendale.TestCAMReportAziendaleWithData" name="test_report_co2_formula_verification" time="0.524" /><testcase classname="tests.test_cam_report_aziendale.TestCAMReportAziendaleWithData" name="test_report_commesse_array" time="0.530" /><testcase classname="tests.test_cam_report_aziendale.TestCAMReportAziendaleWithData" name="test_report_fornitori_array" time="0.453" /><testcase classname="tests.test_cam_report_aziendale.TestCAMReportAziendaleWithData" name="test_report_metodi_produttivi" time="0.441" /><testcase classname="tests.test_cam_report_aziendale.TestCAMReportAziendaleWithData" name="test_report_commesse_conformi_count" time="0.430" /><testcase classname="tests.test_cam_report_aziendale.TestCAMReportAziendalePDF" name="test_pdf_returns_valid_pdf" time="0.687" /><testcase classname="tests.test_cam_report_aziendale.TestCAMReportAziendalePDF" name="test_pdf_content_disposition" time="0.339" /><testcase classname="tests.test_cam_report_aziendale.TestCAMReportYearFilter" name="test_report_filters_by_year" time="0.231" /><testcase classname="tests.test_cam_report_aziendale.TestCAMReportYearFilter" name="test_report_without_year_uses_current" time="3.455" /></testsuite></testsuites>