<?xml version="1.0" encoding="utf-8"?><testsuites name="pytest tests"><testsuite name="pytest" errors="0" failures="0" skipped="0" tests="5" time="8.286" timestamp="2026-03-04T13:02:46.635013+00:00" hostname="agent-env-4157f3cb-051f-4a54-8c90-e063a2b97057"><testcase classname="backend.tests.test_cascade_delete.TestCascadeDelete" name="test_cascade_delete_by_source_doc_id" time="2.175" /><testcase classname="backend.tests.test_cascade_delete.TestCascadeDelete" name="test_cascade_delete_multiple_profiles" time="1.939" /><testcase classname="backend.tests.test_cascade_delete.TestCascadeDelete" name="test_cascade_nuke_when_last_cert_deleted" time="1.690" /><testcase classname="backend.tests.test_cascade_delete.TestCascadeDelete" name="test_delete_cert_preserves_other_cert_data" time="1.795" /><testcase classname="backend.tests.test_cascade_delete.TestCascadeDelete" name="test_api_response_includes_cascade_details" time="0.629" /></testsuite></testsuites>