<?xml version="1.0" encoding="utf-8"?><testsuites name="pytest tests"><testsuite name="pytest" errors="0" failures="0" skipped="0" tests="15" time="3.193" timestamp="2026-02-27T08:26:27.186977+00:00" hostname="agent-env-db94c522-7528-411c-b462-4261eb3bf058"><testcase classname="backend.tests.test_certificazioni.TestCertificazioniCRUD" name="test_list_certificazioni_empty" time="0.552" /><testcase classname="backend.tests.test_certificazioni.TestCertificazioniCRUD" name="test_create_certificazione_en1090" time="0.125" /><testcase classname="backend.tests.test_certificazioni.TestCertificazioniCRUD" name="test_create_certificazione_en13241" time="0.153" /><testcase classname="backend.tests.test_certificazioni.TestCertificazioniCRUD" name="test_get_single_certificazione" time="0.150" /><testcase classname="backend.tests.test_certificazioni.TestCertificazioniCRUD" name="test_get_nonexistent_certificazione" time="0.100" /><testcase classname="backend.tests.test_certificazioni.TestCertificazioniCRUD" name="test_update_certificazione" time="0.216" /><testcase classname="backend.tests.test_certificazioni.TestCertificazioniCRUD" name="test_delete_certificazione" time="0.260" /><testcase classname="backend.tests.test_certificazioni.TestCertificazioniCRUD" name="test_list_with_status_filter" time="0.159" /><testcase classname="backend.tests.test_certificazioni.TestCertificazioniPDF" name="test_generate_fascicolo_pdf_en1090" time="0.163" /><testcase classname="backend.tests.test_certificazioni.TestCertificazioniPDF" name="test_generate_fascicolo_pdf_en13241" time="0.158" /><testcase classname="backend.tests.test_certificazioni.TestCertificazioniPDF" name="test_pdf_nonexistent_certification" time="0.107" /><testcase classname="backend.tests.test_certificazioni.TestTechnicalSpecsValidation" name="test_default_technical_specs" time="0.102" /><testcase classname="backend.tests.test_certificazioni.TestTechnicalSpecsValidation" name="test_execution_class_values" time="0.285" /><testcase classname="backend.tests.test_certificazioni.TestDeclarationNumber" name="test_dop_number_format_en1090" time="0.107" /><testcase classname="backend.tests.test_certificazioni.TestDeclarationNumber" name="test_dop_number_format_en13241" time="0.477" /></testsuite></testsuites>