<?xml version="1.0" encoding="utf-8"?><testsuites name="pytest tests"><testsuite name="pytest" errors="0" failures="10" skipped="0" tests="16" time="1.792" timestamp="2026-02-27T16:33:15.717714+00:00" hostname="agent-env-a40092ef-78ea-4c02-be81-2937047b25d7"><testcase classname="backend.tests.test_codici_danno_archivio.TestCodiciDannoEndpoint" name="test_get_codici_danno_returns_200" time="0.289" /><testcase classname="backend.tests.test_codici_danno_archivio.TestCodiciDannoEndpoint" name="test_get_codici_danno_returns_7_codes" time="0.080" /><testcase classname="backend.tests.test_codici_danno_archivio.TestCodiciDannoEndpoint" name="test_codici_danno_have_correct_fields" time="0.090" /><testcase classname="backend.tests.test_codici_danno_archivio.TestCodiciDannoEndpoint" name="test_codici_danno_correct_codes" time="0.065" /><testcase classname="backend.tests.test_codici_danno_archivio.TestCodiciDannoEndpoint" name="test_codici_danno_categories" time="0.068" /><testcase classname="backend.tests.test_codici_danno_archivio.TestSmartCostGenerationWithCodiciDanno" name="test_create_perizia_with_struttura_codes" time="0.236"><failure message="AssertionError: Failed: {&quot;detail&quot;:&quot;Sessione non valida&quot;}&#10;assert 401 == 201&#10; +  where 401 = &lt;Response [401]&gt;.status_code">backend/tests/test_codici_danno_archivio.py:130: in test_create_perizia_with_struttura_codes
    assert response.status_code == 201, f"Failed: {response.text}"
E   AssertionError: Failed: {"detail":"Sessione non valida"}
E   assert 401 == 201
E    +  where 401 = &lt;Response [401]&gt;.status_code</failure></testcase><testcase classname="backend.tests.test_codici_danno_archivio.TestSmartCostGenerationWithCodiciDanno" name="test_create_perizia_with_ancoraggio_codes" time="0.068"><failure message="AssertionError: Failed: {&quot;detail&quot;:&quot;Sessione non valida&quot;}&#10;assert 401 == 201&#10; +  where 401 = &lt;Response [401]&gt;.status_code">backend/tests/test_codici_danno_archivio.py:163: in test_create_perizia_with_ancoraggio_codes
    assert response.status_code == 201, f"Failed: {response.text}"
E   AssertionError: Failed: {"detail":"Sessione non valida"}
E   assert 401 == 201
E    +  where 401 = &lt;Response [401]&gt;.status_code</failure></testcase><testcase classname="backend.tests.test_codici_danno_archivio.TestSmartCostGenerationWithCodiciDanno" name="test_create_perizia_with_automazione_code" time="0.052"><failure message="AssertionError: Failed: {&quot;detail&quot;:&quot;Sessione non valida&quot;}&#10;assert 401 == 201&#10; +  where 401 = &lt;Response [401]&gt;.status_code">backend/tests/test_codici_danno_archivio.py:195: in test_create_perizia_with_automazione_code
    assert response.status_code == 201, f"Failed: {response.text}"
E   AssertionError: Failed: {"detail":"Sessione non valida"}
E   assert 401 == 201
E    +  where 401 = &lt;Response [401]&gt;.status_code</failure></testcase><testcase classname="backend.tests.test_codici_danno_archivio.TestSmartCostGenerationWithCodiciDanno" name="test_create_perizia_with_sicurezza_code" time="0.058"><failure message="AssertionError: Failed: {&quot;detail&quot;:&quot;Sessione non valida&quot;}&#10;assert 401 == 201&#10; +  where 401 = &lt;Response [401]&gt;.status_code">backend/tests/test_codici_danno_archivio.py:227: in test_create_perizia_with_sicurezza_code
    assert response.status_code == 201, f"Failed: {response.text}"
E   AssertionError: Failed: {"detail":"Sessione non valida"}
E   assert 401 == 201
E    +  where 401 = &lt;Response [401]&gt;.status_code</failure></testcase><testcase classname="backend.tests.test_codici_danno_archivio.TestSmartCostGenerationWithCodiciDanno" name="test_cost_items_include_damage_code_references" time="0.058"><failure message="AssertionError: Failed: {&quot;detail&quot;:&quot;Sessione non valida&quot;}&#10;assert 401 == 201&#10; +  where 401 = &lt;Response [401]&gt;.status_code">backend/tests/test_codici_danno_archivio.py:258: in test_cost_items_include_damage_code_references
    assert response.status_code == 201, f"Failed: {response.text}"
E   AssertionError: Failed: {"detail":"Sessione non valida"}
E   assert 401 == 201
E    +  where 401 = &lt;Response [401]&gt;.status_code</failure></testcase><testcase classname="backend.tests.test_codici_danno_archivio.TestRecalcWithCodiciDanno" name="test_recalc_uses_codici_danno" time="0.058"><failure message="assert 401 == 201&#10; +  where 401 = &lt;Response [401]&gt;.status_code">backend/tests/test_codici_danno_archivio.py:292: in test_recalc_uses_codici_danno
    assert response.status_code == 201
E   assert 401 == 201
E    +  where 401 = &lt;Response [401]&gt;.status_code</failure></testcase><testcase classname="backend.tests.test_codici_danno_archivio.TestUpdateCodiciDanno" name="test_update_perizia_with_codici_danno" time="0.063"><failure message="assert 401 == 201&#10; +  where 401 = &lt;Response [401]&gt;.status_code">backend/tests/test_codici_danno_archivio.py:325: in test_update_perizia_with_codici_danno
    assert response.status_code == 201
E   assert 401 == 201
E    +  where 401 = &lt;Response [401]&gt;.status_code</failure></testcase><testcase classname="backend.tests.test_codici_danno_archivio.TestArchivioSinistriStats" name="test_archivio_stats_returns_correct_structure" time="0.076"><failure message="assert 401 == 200&#10; +  where 401 = &lt;Response [401]&gt;.status_code">backend/tests/test_codici_danno_archivio.py:353: in test_archivio_stats_returns_correct_structure
    assert response.status_code == 200
E   assert 401 == 200
E    +  where 401 = &lt;Response [401]&gt;.status_code</failure></testcase><testcase classname="backend.tests.test_codici_danno_archivio.TestArchivioSinistriStats" name="test_archivio_stats_handles_zero_perizie" time="0.075"><failure message="assert 401 == 200&#10; +  where 401 = &lt;Response [401]&gt;.status_code">backend/tests/test_codici_danno_archivio.py:371: in test_archivio_stats_handles_zero_perizie
    assert response.status_code == 200
E   assert 401 == 200
E    +  where 401 = &lt;Response [401]&gt;.status_code</failure></testcase><testcase classname="backend.tests.test_codici_danno_archivio.TestArchivioSinistriStats" name="test_archivio_stats_calculates_correctly" time="0.062"><failure message="assert 401 == 201&#10; +  where 401 = &lt;Response [401]&gt;.status_code">backend/tests/test_codici_danno_archivio.py:403: in test_archivio_stats_calculates_correctly
    assert resp.status_code == 201
E   assert 401 == 201
E    +  where 401 = &lt;Response [401]&gt;.status_code</failure></testcase><testcase classname="backend.tests.test_codici_danno_archivio.TestArchivioSinistriStats" name="test_archivio_stats_requires_auth" time="0.124" /></testsuite></testsuites>