<?xml version="1.0" encoding="utf-8"?><testsuites name="pytest tests"><testsuite name="pytest" errors="0" failures="0" skipped="0" tests="24" time="6.367" timestamp="2026-02-28T12:33:05.603308+00:00" hostname="agent-env-6d3496e3-e569-4d43-b561-e9f53b5bc7bf"><testcase classname="backend.tests.test_commessa_ops.TestRichiestePreventivo" name="test_create_rdp" time="1.590" /><testcase classname="backend.tests.test_commessa_ops.TestRichiestePreventivo" name="test_update_rdp_to_ricevuta" time="0.233" /><testcase classname="backend.tests.test_commessa_ops.TestRichiestePreventivo" name="test_update_rdp_to_accettata" time="0.249" /><testcase classname="backend.tests.test_commessa_ops.TestOrdiniFornitore" name="test_create_ordine" time="0.074" /><testcase classname="backend.tests.test_commessa_ops.TestOrdiniFornitore" name="test_update_ordine_to_confermato" time="0.219" /><testcase classname="backend.tests.test_commessa_ops.TestArriviMateriale" name="test_register_arrivo" time="0.074" /><testcase classname="backend.tests.test_commessa_ops.TestArriviMateriale" name="test_arrivo_linked_to_ordine" time="0.324" /><testcase classname="backend.tests.test_commessa_ops.TestArriviMateriale" name="test_verifica_arrivo" time="0.237" /><testcase classname="backend.tests.test_commessa_ops.TestProduzione" name="test_init_produzione" time="0.078" /><testcase classname="backend.tests.test_commessa_ops.TestProduzione" name="test_init_produzione_idempotent" time="0.074" /><testcase classname="backend.tests.test_commessa_ops.TestProduzione" name="test_get_produzione" time="0.084" /><testcase classname="backend.tests.test_commessa_ops.TestProduzione" name="test_update_fase_in_corso" time="0.153" /><testcase classname="backend.tests.test_commessa_ops.TestProduzione" name="test_update_fase_completato" time="0.151" /><testcase classname="backend.tests.test_commessa_ops.TestProduzione" name="test_production_progress_calculation" time="0.144" /><testcase classname="backend.tests.test_commessa_ops.TestContoLavoro" name="test_create_conto_lavoro" time="0.072" /><testcase classname="backend.tests.test_commessa_ops.TestContoLavoro" name="test_conto_lavoro_workflow_full" time="0.440" /><testcase classname="backend.tests.test_commessa_ops.TestRepositoryDocumenti" name="test_upload_document" time="0.174" /><testcase classname="backend.tests.test_commessa_ops.TestRepositoryDocumenti" name="test_list_documents" time="0.080" /><testcase classname="backend.tests.test_commessa_ops.TestRepositoryDocumenti" name="test_download_document" time="0.234" /><testcase classname="backend.tests.test_commessa_ops.TestRepositoryDocumenti" name="test_delete_document" time="0.311" /><testcase classname="backend.tests.test_commessa_ops.TestOpsAggregation" name="test_get_ops_returns_all_data" time="0.072" /><testcase classname="backend.tests.test_commessa_ops.TestOpsAggregation" name="test_events_pushed_for_operations" time="0.073" /><testcase classname="backend.tests.test_commessa_ops.TestErrorHandling" name="test_ops_nonexistent_commessa" time="0.072" /><testcase classname="backend.tests.test_commessa_ops.TestErrorHandling" name="test_upload_oversized_file" time="1.083" /></testsuite></testsuites>