<?xml version="1.0" encoding="utf-8"?><testsuites name="pytest tests"><testsuite name="pytest" errors="0" failures="0" skipped="0" tests="12" time="3.034" timestamp="2026-03-01T18:21:23.392867+00:00" hostname="agent-env-c514564e-16cd-4064-8126-4618f6138478"><testcase classname="backend.tests.test_company_docs_versioning.TestDocumentVersioningAPI" name="test_list_documents_includes_version_fields" time="0.176" /><testcase classname="backend.tests.test_company_docs_versioning.TestDocumentVersioningAPI" name="test_find_versioned_document" time="0.134" /><testcase classname="backend.tests.test_company_docs_versioning.TestDocumentVersioningAPI" name="test_get_versions_for_existing_document" time="0.182" /><testcase classname="backend.tests.test_company_docs_versioning.TestDocumentVersioningAPI" name="test_get_versions_for_versioned_document" time="0.218" /><testcase classname="backend.tests.test_company_docs_versioning.TestDocumentVersioningAPI" name="test_get_versions_nonexistent_document" time="0.114" /><testcase classname="backend.tests.test_company_docs_versioning.TestDocumentVersioningAPI" name="test_download_specific_version" time="0.378" /><testcase classname="backend.tests.test_company_docs_versioning.TestDocumentVersioningAPI" name="test_download_nonexistent_version" time="0.172" /><testcase classname="backend.tests.test_company_docs_versioning.TestRevisionUploadAPI" name="test_upload_revision_creates_new_version" time="0.300" /><testcase classname="backend.tests.test_company_docs_versioning.TestRevisionUploadAPI" name="test_upload_multiple_revisions" time="0.484" /><testcase classname="backend.tests.test_company_docs_versioning.TestRevisionUploadAPI" name="test_revision_nonexistent_document" time="0.120" /><testcase classname="backend.tests.test_company_docs_versioning.TestRevisionUploadAPI" name="test_revision_invalid_file_extension" time="0.197" /><testcase classname="backend.tests.test_company_docs_versioning.TestDeleteWithVersions" name="test_delete_removes_all_versions" time="0.468" /></testsuite></testsuites>