<?xml version="1.0" encoding="utf-8"?><testsuites name="pytest tests"><testsuite name="pytest" errors="12" failures="0" skipped="0" tests="13" time="0.647" timestamp="2026-03-01T18:02:38.270588+00:00" hostname="agent-env-c514564e-16cd-4064-8126-4618f6138478"><testcase classname="backend.tests.test_company_docs.TestCompanyDocumentsAPI" name="test_list_documents_all" time="0.000"><error message="failed on setup with &quot;Failed: ScopeMismatch: You tried to access the function scoped fixture api_client with a class scoped request object. Requesting fixture stack:&#10;backend/tests/test_company_docs.py:275:  def cleanup_test_documents(request, api_client)&#10;Requested fixture:&#10;backend/tests/test_company_docs.py:15:  def api_client()&quot;">ScopeMismatch: You tried to access the function scoped fixture api_client with a class scoped request object. Requesting fixture stack:
backend/tests/test_company_docs.py:275:  def cleanup_test_documents(request, api_client)
Requested fixture:
backend/tests/test_company_docs.py:15:  def api_client()</error></testcase><testcase classname="backend.tests.test_company_docs.TestCompanyDocumentsAPI" name="test_list_documents_by_category_manuali" time="0.000"><error message="failed on setup with &quot;Failed: ScopeMismatch: You tried to access the function scoped fixture api_client with a class scoped request object. Requesting fixture stack:&#10;backend/tests/test_company_docs.py:275:  def cleanup_test_documents(request, api_client)&#10;Requested fixture:&#10;backend/tests/test_company_docs.py:15:  def api_client()&quot;">ScopeMismatch: You tried to access the function scoped fixture api_client with a class scoped request object. Requesting fixture stack:
backend/tests/test_company_docs.py:275:  def cleanup_test_documents(request, api_client)
Requested fixture:
backend/tests/test_company_docs.py:15:  def api_client()</error></testcase><testcase classname="backend.tests.test_company_docs.TestCompanyDocumentsAPI" name="test_list_documents_by_category_procedure" time="0.000"><error message="failed on setup with &quot;Failed: ScopeMismatch: You tried to access the function scoped fixture api_client with a class scoped request object. Requesting fixture stack:&#10;backend/tests/test_company_docs.py:275:  def cleanup_test_documents(request, api_client)&#10;Requested fixture:&#10;backend/tests/test_company_docs.py:15:  def api_client()&quot;">ScopeMismatch: You tried to access the function scoped fixture api_client with a class scoped request object. Requesting fixture stack:
backend/tests/test_company_docs.py:275:  def cleanup_test_documents(request, api_client)
Requested fixture:
backend/tests/test_company_docs.py:15:  def api_client()</error></testcase><testcase classname="backend.tests.test_company_docs.TestCompanyDocumentsAPI" name="test_list_documents_search" time="0.000"><error message="failed on setup with &quot;Failed: ScopeMismatch: You tried to access the function scoped fixture api_client with a class scoped request object. Requesting fixture stack:&#10;backend/tests/test_company_docs.py:275:  def cleanup_test_documents(request, api_client)&#10;Requested fixture:&#10;backend/tests/test_company_docs.py:15:  def api_client()&quot;">ScopeMismatch: You tried to access the function scoped fixture api_client with a class scoped request object. Requesting fixture stack:
backend/tests/test_company_docs.py:275:  def cleanup_test_documents(request, api_client)
Requested fixture:
backend/tests/test_company_docs.py:15:  def api_client()</error></testcase><testcase classname="backend.tests.test_company_docs.TestCompanyDocumentsAPI" name="test_upload_document" time="0.000"><error message="failed on setup with &quot;Failed: ScopeMismatch: You tried to access the function scoped fixture api_client with a class scoped request object. Requesting fixture stack:&#10;backend/tests/test_company_docs.py:275:  def cleanup_test_documents(request, api_client)&#10;Requested fixture:&#10;backend/tests/test_company_docs.py:15:  def api_client()&quot;">ScopeMismatch: You tried to access the function scoped fixture api_client with a class scoped request object. Requesting fixture stack:
backend/tests/test_company_docs.py:275:  def cleanup_test_documents(request, api_client)
Requested fixture:
backend/tests/test_company_docs.py:15:  def api_client()</error></testcase><testcase classname="backend.tests.test_company_docs.TestCompanyDocumentsAPI" name="test_upload_document_with_all_categories" time="0.000"><error message="failed on setup with &quot;Failed: ScopeMismatch: You tried to access the function scoped fixture api_client with a class scoped request object. Requesting fixture stack:&#10;backend/tests/test_company_docs.py:275:  def cleanup_test_documents(request, api_client)&#10;Requested fixture:&#10;backend/tests/test_company_docs.py:15:  def api_client()&quot;">ScopeMismatch: You tried to access the function scoped fixture api_client with a class scoped request object. Requesting fixture stack:
backend/tests/test_company_docs.py:275:  def cleanup_test_documents(request, api_client)
Requested fixture:
backend/tests/test_company_docs.py:15:  def api_client()</error></testcase><testcase classname="backend.tests.test_company_docs.TestCompanyDocumentsAPI" name="test_upload_document_invalid_extension" time="0.000"><error message="failed on setup with &quot;Failed: ScopeMismatch: You tried to access the function scoped fixture api_client with a class scoped request object. Requesting fixture stack:&#10;backend/tests/test_company_docs.py:275:  def cleanup_test_documents(request, api_client)&#10;Requested fixture:&#10;backend/tests/test_company_docs.py:15:  def api_client()&quot;">ScopeMismatch: You tried to access the function scoped fixture api_client with a class scoped request object. Requesting fixture stack:
backend/tests/test_company_docs.py:275:  def cleanup_test_documents(request, api_client)
Requested fixture:
backend/tests/test_company_docs.py:15:  def api_client()</error></testcase><testcase classname="backend.tests.test_company_docs.TestCompanyDocumentsAPI" name="test_upload_document_invalid_category" time="0.003"><error message="failed on setup with &quot;Failed: ScopeMismatch: You tried to access the function scoped fixture api_client with a class scoped request object. Requesting fixture stack:&#10;backend/tests/test_company_docs.py:275:  def cleanup_test_documents(request, api_client)&#10;Requested fixture:&#10;backend/tests/test_company_docs.py:15:  def api_client()&quot;">ScopeMismatch: You tried to access the function scoped fixture api_client with a class scoped request object. Requesting fixture stack:
backend/tests/test_company_docs.py:275:  def cleanup_test_documents(request, api_client)
Requested fixture:
backend/tests/test_company_docs.py:15:  def api_client()</error></testcase><testcase classname="backend.tests.test_company_docs.TestCompanyDocumentsAPI" name="test_download_document" time="0.000"><error message="failed on setup with &quot;Failed: ScopeMismatch: You tried to access the function scoped fixture api_client with a class scoped request object. Requesting fixture stack:&#10;backend/tests/test_company_docs.py:275:  def cleanup_test_documents(request, api_client)&#10;Requested fixture:&#10;backend/tests/test_company_docs.py:15:  def api_client()&quot;">ScopeMismatch: You tried to access the function scoped fixture api_client with a class scoped request object. Requesting fixture stack:
backend/tests/test_company_docs.py:275:  def cleanup_test_documents(request, api_client)
Requested fixture:
backend/tests/test_company_docs.py:15:  def api_client()</error></testcase><testcase classname="backend.tests.test_company_docs.TestCompanyDocumentsAPI" name="test_download_nonexistent_document" time="0.000"><error message="failed on setup with &quot;Failed: ScopeMismatch: You tried to access the function scoped fixture api_client with a class scoped request object. Requesting fixture stack:&#10;backend/tests/test_company_docs.py:275:  def cleanup_test_documents(request, api_client)&#10;Requested fixture:&#10;backend/tests/test_company_docs.py:15:  def api_client()&quot;">ScopeMismatch: You tried to access the function scoped fixture api_client with a class scoped request object. Requesting fixture stack:
backend/tests/test_company_docs.py:275:  def cleanup_test_documents(request, api_client)
Requested fixture:
backend/tests/test_company_docs.py:15:  def api_client()</error></testcase><testcase classname="backend.tests.test_company_docs.TestCompanyDocumentsAPI" name="test_delete_document" time="0.000"><error message="failed on setup with &quot;Failed: ScopeMismatch: You tried to access the function scoped fixture api_client with a class scoped request object. Requesting fixture stack:&#10;backend/tests/test_company_docs.py:275:  def cleanup_test_documents(request, api_client)&#10;Requested fixture:&#10;backend/tests/test_company_docs.py:15:  def api_client()&quot;">ScopeMismatch: You tried to access the function scoped fixture api_client with a class scoped request object. Requesting fixture stack:
backend/tests/test_company_docs.py:275:  def cleanup_test_documents(request, api_client)
Requested fixture:
backend/tests/test_company_docs.py:15:  def api_client()</error></testcase><testcase classname="backend.tests.test_company_docs.TestCompanyDocumentsAPI" name="test_delete_nonexistent_document" time="0.000"><error message="failed on setup with &quot;Failed: ScopeMismatch: You tried to access the function scoped fixture api_client with a class scoped request object. Requesting fixture stack:&#10;backend/tests/test_company_docs.py:275:  def cleanup_test_documents(request, api_client)&#10;Requested fixture:&#10;backend/tests/test_company_docs.py:15:  def api_client()&quot;">ScopeMismatch: You tried to access the function scoped fixture api_client with a class scoped request object. Requesting fixture stack:
backend/tests/test_company_docs.py:275:  def cleanup_test_documents(request, api_client)
Requested fixture:
backend/tests/test_company_docs.py:15:  def api_client()</error></testcase><testcase classname="backend.tests.test_company_docs.TestCompanyDocumentsIntegration" name="test_full_crud_workflow" time="0.500" /></testsuite></testsuites>