<?xml version="1.0" encoding="utf-8"?><testsuites name="pytest tests"><testsuite name="pytest" errors="0" failures="0" skipped="0" tests="11" time="3.422" timestamp="2026-02-28T21:07:48.445118+00:00" hostname="agent-env-6e8ff75b-97de-46a2-b3e2-8442686aed15"><testcase classname="backend.tests.test_conto_lavoro_ddt.TestContoLavoroCRUD" name="test_create_conto_lavoro_with_righe" time="0.645" /><testcase classname="backend.tests.test_conto_lavoro_ddt.TestContoLavoroCRUD" name="test_create_conto_lavoro_zincatura" time="0.119" /><testcase classname="backend.tests.test_conto_lavoro_ddt.TestContoLavoroPDF" name="test_preview_pdf_success" time="0.646" /><testcase classname="backend.tests.test_conto_lavoro_ddt.TestContoLavoroPDF" name="test_preview_pdf_not_found" time="0.115" /><testcase classname="backend.tests.test_conto_lavoro_ddt.TestContoLavoroStatusTransitions" name="test_transition_da_inviare_to_inviato" time="0.126" /><testcase classname="backend.tests.test_conto_lavoro_ddt.TestContoLavoroStatusTransitions" name="test_transition_inviato_to_in_lavorazione" time="0.118" /><testcase classname="backend.tests.test_conto_lavoro_ddt.TestContoLavoroStatusTransitions" name="test_transition_in_lavorazione_to_rientrato" time="0.146" /><testcase classname="backend.tests.test_conto_lavoro_ddt.TestContoLavoroStatusTransitions" name="test_transition_rientrato_to_verificato" time="0.104" /><testcase classname="backend.tests.test_conto_lavoro_ddt.TestContoLavoroEmail" name="test_send_email_success" time="0.643" /><testcase classname="backend.tests.test_conto_lavoro_ddt.TestContoLavoroEmail" name="test_send_email_no_supplier_email" time="0.220" /><testcase classname="backend.tests.test_conto_lavoro_ddt.TestContoLavoroVerifyOps" name="test_ops_returns_conto_lavoro_array" time="0.470" /></testsuite></testsuites>