<?xml version="1.0" encoding="utf-8"?><testsuites name="pytest tests"><testsuite name="pytest" errors="0" failures="0" skipped="0" tests="20" time="2.847" timestamp="2026-02-27T15:28:07.357795+00:00" hostname="agent-env-a40092ef-78ea-4c02-be81-2937047b25d7"><testcase classname="tests.test_ddt.TestDDTCausali" name="test_get_causali_returns_list" time="0.154" /><testcase classname="tests.test_ddt.TestDDTCreate" name="test_create_ddt_vendita" time="0.113" /><testcase classname="tests.test_ddt.TestDDTCreate" name="test_create_ddt_conto_lavoro" time="0.063" /><testcase classname="tests.test_ddt.TestDDTCreate" name="test_create_ddt_rientro" time="0.058" /><testcase classname="tests.test_ddt.TestDDTCalculations" name="test_cascading_discounts_single_line" time="0.055" /><testcase classname="tests.test_ddt.TestDDTCalculations" name="test_global_discount_and_acconto" time="0.056" /><testcase classname="tests.test_ddt.TestDDTCalculations" name="test_multiple_vat_rates" time="0.055" /><testcase classname="tests.test_ddt.TestDDTList" name="test_list_ddt_no_filter" time="0.056" /><testcase classname="tests.test_ddt.TestDDTList" name="test_list_ddt_filter_by_type" time="0.057" /><testcase classname="tests.test_ddt.TestDDTList" name="test_list_ddt_search" time="0.059" /><testcase classname="tests.test_ddt.TestDDTGetOne" name="test_get_existing_ddt" time="0.153" /><testcase classname="tests.test_ddt.TestDDTGetOne" name="test_get_nonexistent_ddt" time="0.061" /><testcase classname="tests.test_ddt.TestDDTUpdate" name="test_update_ddt_subject" time="0.261" /><testcase classname="tests.test_ddt.TestDDTUpdate" name="test_update_ddt_lines_recalculates" time="0.130" /><testcase classname="tests.test_ddt.TestDDTUpdate" name="test_update_sconto_globale_recalculates" time="0.129" /><testcase classname="tests.test_ddt.TestDDTDelete" name="test_delete_ddt" time="0.220" /><testcase classname="tests.test_ddt.TestDDTDelete" name="test_delete_nonexistent" time="0.058" /><testcase classname="tests.test_ddt.TestDDTPDF" name="test_pdf_generation" time="0.144" /><testcase classname="tests.test_ddt.TestDDTPDF" name="test_pdf_nonexistent" time="0.063" /><testcase classname="tests.test_ddt.TestDDTDestinazione" name="test_create_with_destinazione" time="0.846" /></testsuite></testsuites>