<?xml version="1.0" encoding="utf-8"?><testsuites name="pytest tests"><testsuite name="pytest" errors="0" failures="0" skipped="0" tests="14" time="4.202" timestamp="2026-03-01T11:22:20.411538+00:00" hostname="agent-env-36df9301-0ee0-4880-a928-7e8fb8443ccc"><testcase classname="backend.tests.test_fascicolo_tecnico.TestHealth" name="test_health_endpoint" time="0.216" /><testcase classname="backend.tests.test_fascicolo_tecnico.TestFascicoloTecnicoData" name="test_get_fascicolo_returns_default_phases" time="1.947" /><testcase classname="backend.tests.test_fascicolo_tecnico.TestFascicoloTecnicoData" name="test_put_fascicolo_saves_editable_data" time="0.101" /><testcase classname="backend.tests.test_fascicolo_tecnico.TestFascicoloAuth" name="test_get_fascicolo_requires_auth" time="0.047" /><testcase classname="backend.tests.test_fascicolo_tecnico.TestFascicoloAuth" name="test_put_fascicolo_requires_auth" time="0.048" /><testcase classname="backend.tests.test_fascicolo_tecnico.TestFascicoloAuth" name="test_dop_pdf_requires_auth" time="0.049" /><testcase classname="backend.tests.test_fascicolo_tecnico.TestFascicoloAuth" name="test_ce_pdf_requires_auth" time="0.046" /><testcase classname="backend.tests.test_fascicolo_tecnico.TestFascicoloAuth" name="test_piano_controllo_pdf_requires_auth" time="0.046" /><testcase classname="backend.tests.test_fascicolo_tecnico.TestFascicoloAuth" name="test_rapporto_vt_pdf_requires_auth" time="0.047" /><testcase classname="backend.tests.test_fascicolo_tecnico.TestFascicoloPDFs" name="test_dop_pdf_returns_pdf" time="0.288" /><testcase classname="backend.tests.test_fascicolo_tecnico.TestFascicoloPDFs" name="test_ce_pdf_returns_pdf" time="0.138" /><testcase classname="backend.tests.test_fascicolo_tecnico.TestFascicoloPDFs" name="test_piano_controllo_pdf_returns_pdf" time="0.289" /><testcase classname="backend.tests.test_fascicolo_tecnico.TestFascicoloPDFs" name="test_rapporto_vt_pdf_returns_pdf" time="0.227" /><testcase classname="backend.tests.test_fascicolo_tecnico.TestPreventivoDisegnoFields" name="test_create_preventivo_with_disegno_fields" time="0.536" /></testsuite></testsuites>