<?xml version="1.0" encoding="utf-8"?><testsuites name="pytest tests"><testsuite name="pytest" errors="0" failures="0" skipped="0" tests="12" time="3.019" timestamp="2026-02-27T18:42:10.015077+00:00" hostname="agent-env-8b6d3573-c27b-48a3-a8e7-485159df483d"><testcase classname="backend.tests.test_fascicolo_generation.TestFascicoloAuthProtection" name="test_generate_fascicolo_requires_auth" time="0.263" /><testcase classname="backend.tests.test_fascicolo_generation.TestFascicoloPDFGeneration" name="test_generate_fascicolo_pdf_basic" time="0.724" /><testcase classname="backend.tests.test_fascicolo_generation.TestFascicoloPDFGeneration" name="test_generate_fascicolo_pdf_with_calc_results" time="0.315" /><testcase classname="backend.tests.test_fascicolo_generation.TestFascicoloPDFGeneration" name="test_generate_fascicolo_pdf_recalculates_without_calc_results" time="0.170" /><testcase classname="backend.tests.test_fascicolo_generation.TestFascicoloPDFGeneration" name="test_generate_fascicolo_pdf_cancello" time="0.179" /><testcase classname="backend.tests.test_fascicolo_generation.TestFascicoloPDFGeneration" name="test_generate_fascicolo_pdf_with_custom_declaration_number" time="0.132" /><testcase classname="backend.tests.test_fascicolo_generation.TestFascicoloZIPGeneration" name="test_generate_fascicolo_zip" time="0.131" /><testcase classname="backend.tests.test_fascicolo_generation.TestFascicoloNormNotFound" name="test_generate_fascicolo_norm_not_found" time="0.123" /><testcase classname="backend.tests.test_fascicolo_generation.TestFascicoloCompanySettings" name="test_fascicolo_with_company_settings" time="0.381" /><testcase classname="backend.tests.test_fascicolo_generation.TestFascicoloDifferentProductTypes" name="test_finestra_maintenance_includes_guarnizioni" time="0.129" /><testcase classname="backend.tests.test_fascicolo_generation.TestFascicoloDifferentProductTypes" name="test_cancello_maintenance_includes_sicurezza" time="0.128" /><testcase classname="backend.tests.test_fascicolo_generation.TestFascicoloValidation" name="test_fascicolo_non_compliant_product" time="0.275" /></testsuite></testsuites>