<?xml version="1.0" encoding="utf-8"?><testsuites name="pytest tests"><testsuite name="pytest" errors="0" failures="1" skipped="0" tests="21" time="5.114" timestamp="2026-02-27T18:11:51.618109+00:00" hostname="agent-env-8b6d3573-c27b-48a3-a8e7-485159df483d"><testcase classname="backend.tests.test_fatture_ricevute.TestFattureRicevuteAuth" name="test_list_fatture_no_auth" time="0.273" /><testcase classname="backend.tests.test_fatture_ricevute.TestFattureRicevuteAuth" name="test_get_single_no_auth" time="0.136" /><testcase classname="backend.tests.test_fatture_ricevute.TestFattureRicevuteAuth" name="test_create_no_auth" time="0.137" /><testcase classname="backend.tests.test_fatture_ricevute.TestFattureRicevuteAuth" name="test_import_xml_no_auth" time="0.147" /><testcase classname="backend.tests.test_fatture_ricevute.TestFattureRicevuteCRUD" name="test_list_fatture_with_kpis" time="0.172" /><testcase classname="backend.tests.test_fatture_ricevute.TestFattureRicevuteCRUD" name="test_create_fattura_ricevuta" time="0.324" /><testcase classname="backend.tests.test_fatture_ricevute.TestFattureRicevuteCRUD" name="test_update_fattura_status" time="0.345" /><testcase classname="backend.tests.test_fatture_ricevute.TestFattureRicevuteCRUD" name="test_delete_fattura" time="0.397" /><testcase classname="backend.tests.test_fatture_ricevute.TestFattureRicevuteCRUD" name="test_get_nonexistent_fattura" time="0.159" /><testcase classname="backend.tests.test_fatture_ricevute.TestFattureRicevuteXMLImport" name="test_import_xml" time="0.194" /><testcase classname="backend.tests.test_fatture_ricevute.TestFattureRicevuteXMLImport" name="test_preview_xml" time="0.174" /><testcase classname="backend.tests.test_fatture_ricevute.TestFattureRicevuteXMLImport" name="test_import_invalid_xml" time="0.111" /><testcase classname="backend.tests.test_fatture_ricevute.TestFattureRicevuteXMLImport" name="test_import_non_xml_file" time="0.106" /><testcase classname="backend.tests.test_fatture_ricevute.TestFattureRicevutePayments" name="test_get_pagamenti_empty" time="0.346" /><testcase classname="backend.tests.test_fatture_ricevute.TestFattureRicevutePayments" name="test_record_partial_payment" time="0.317" /><testcase classname="backend.tests.test_fatture_ricevute.TestFattureRicevutePayments" name="test_record_full_payment" time="0.329" /><testcase classname="backend.tests.test_fatture_ricevute.TestFattureRicevutePayments" name="test_payment_exceeds_residuo" time="0.238" /><testcase classname="backend.tests.test_fatture_ricevute.TestFattureRicevuteExtractArticoli" name="test_extract_articoli" time="0.432"><failure message="AssertionError: Expected 200, got 500: Internal Server Error&#10;assert 500 == 200&#10; +  where 500 = &lt;Response [500]&gt;.status_code">backend/tests/test_fatture_ricevute.py:554: in test_extract_articoli
    assert response.status_code == 200, f"Expected 200, got {response.status_code}: {response.text}"
E   AssertionError: Expected 200, got 500: Internal Server Error
E   assert 500 == 200
E    +  where 500 = &lt;Response [500]&gt;.status_code</failure></testcase><testcase classname="backend.tests.test_fatture_ricevute.TestFattureRicevuteFilters" name="test_filter_by_year" time="0.153" /><testcase classname="backend.tests.test_fatture_ricevute.TestFattureRicevuteFilters" name="test_filter_by_status" time="0.163" /><testcase classname="backend.tests.test_fatture_ricevute.TestFattureRicevuteFilters" name="test_search_by_fornitore" time="0.231" /></testsuite></testsuites>