<?xml version="1.0" encoding="utf-8"?><testsuites name="pytest tests"><testsuite name="pytest" errors="0" failures="0" skipped="0" tests="10" time="65.762" timestamp="2026-02-27T16:17:55.225594+00:00" hostname="agent-env-a40092ef-78ea-4c02-be81-2937047b25d7"><testcase classname="backend.tests.test_genera_lettera.TestGeneraLetteraEndpoint" name="test_genera_lettera_success" time="11.667" /><testcase classname="backend.tests.test_genera_lettera.TestGeneraLetteraEndpoint" name="test_genera_lettera_contains_norms" time="9.870" /><testcase classname="backend.tests.test_genera_lettera.TestGeneraLetteraEndpoint" name="test_genera_lettera_saved_to_perizia" time="12.413" /><testcase classname="backend.tests.test_genera_lettera.TestGeneraLetteraEndpoint" name="test_genera_lettera_requires_auth" time="0.118" /><testcase classname="backend.tests.test_genera_lettera.TestGeneraLetteraEndpoint" name="test_genera_lettera_404_invalid_id" time="0.152" /><testcase classname="backend.tests.test_genera_lettera.TestLetteraAccompagnamentoField" name="test_update_lettera_accompagnamento" time="0.337" /><testcase classname="backend.tests.test_genera_lettera.TestLetteraAccompagnamentoField" name="test_create_perizia_with_lettera" time="0.254" /><testcase classname="backend.tests.test_genera_lettera.TestLetteraAccompagnamentoField" name="test_get_perizia_returns_lettera_field" time="0.116" /><testcase classname="backend.tests.test_genera_lettera.TestPDFInclusion" name="test_pdf_includes_lettera" time="17.573" /><testcase classname="backend.tests.test_genera_lettera.TestFallbackTemplate" name="test_fallback_template_structure" time="13.079" /></testsuite></testsuites>