<?xml version="1.0" encoding="utf-8"?><testsuites name="pytest tests"><testsuite name="pytest" errors="0" failures="1" skipped="0" tests="10" time="16.520" timestamp="2026-03-01T16:13:05.749671+00:00" hostname="agent-env-9677558d-6912-4f31-a801-b7d72dd46745"><testcase classname="backend.tests.test_iteration81_super_fascicolo.TestHealthEndpoint" name="test_health_endpoint" time="0.132" /><testcase classname="backend.tests.test_iteration81_super_fascicolo.TestSuperFascicoloEndpoint" name="test_super_fascicolo_returns_pdf" time="4.493" /><testcase classname="backend.tests.test_iteration81_super_fascicolo.TestSuperFascicoloEndpoint" name="test_super_fascicolo_404_nonexistent_commessa" time="0.125" /><testcase classname="backend.tests.test_iteration81_super_fascicolo.TestSuperFascicoloEndpoint" name="test_super_fascicolo_401_unauthenticated" time="0.103" /><testcase classname="backend.tests.test_iteration81_super_fascicolo.TestSuperFascicoloPDFContent" name="test_pdf_size_indicates_multiple_sections" time="3.710" /><testcase classname="backend.tests.test_iteration81_super_fascicolo.TestExistingFunctionalityRegression" name="test_company_settings_still_returns_certification_fields" time="0.110" /><testcase classname="backend.tests.test_iteration81_super_fascicolo.TestExistingFunctionalityRegression" name="test_company_settings_save_still_works" time="0.116" /><testcase classname="backend.tests.test_iteration81_super_fascicolo.TestSuperFascicoloWithMinimalData" name="test_super_fascicolo_handles_missing_cam_data" time="3.581" /><testcase classname="backend.tests.test_iteration81_super_fascicolo.TestSuperFascicoloServiceDirectly" name="test_generate_super_fascicolo_raises_for_missing_commessa" time="0.000"><failure message="Failed: async def functions are not natively supported.&#10;You need to install a suitable plugin for your async framework, for example:&#10;  - anyio&#10;  - pytest-asyncio&#10;  - pytest-tornasync&#10;  - pytest-trio&#10;  - pytest-twisted">async def functions are not natively supported.
You need to install a suitable plugin for your async framework, for example:
  - anyio
  - pytest-asyncio
  - pytest-tornasync
  - pytest-trio
  - pytest-twisted</failure></testcase><testcase classname="backend.tests.test_iteration81_super_fascicolo.TestCoverPageContent" name="test_pdf_cover_has_commessa_info" time="4.093" /></testsuite></testsuites>