<?xml version="1.0" encoding="utf-8"?><testsuites name="pytest tests"><testsuite name="pytest" errors="0" failures="0" skipped="0" tests="20" time="4.217" timestamp="2026-03-21T20:26:14.506679+00:00" hostname="agent-env-f313c6d2-dad5-447c-a1a5-adf151dfaf89"><testcase classname="backend.tests.test_iteration211_executive_dashboard.TestExecutiveDashboardEndpoint" name="test_endpoint_returns_200" time="1.358" /><testcase classname="backend.tests.test_iteration211_executive_dashboard.TestExecutiveDashboardEndpoint" name="test_response_has_required_top_level_fields" time="0.154" /><testcase classname="backend.tests.test_iteration211_executive_dashboard.TestExecutiveDashboardEndpoint" name="test_three_sectors_present" time="0.151" /><testcase classname="backend.tests.test_iteration211_executive_dashboard.TestEN1090Sector" name="test_en1090_has_correct_structure" time="0.144" /><testcase classname="backend.tests.test_iteration211_executive_dashboard.TestEN1090Sector" name="test_en1090_stats_fields" time="0.159" /><testcase classname="backend.tests.test_iteration211_executive_dashboard.TestEN1090Sector" name="test_en1090_commessa_has_audit_data" time="0.141" /><testcase classname="backend.tests.test_iteration211_executive_dashboard.TestEN13241Sector" name="test_en13241_has_correct_structure" time="0.135" /><testcase classname="backend.tests.test_iteration211_executive_dashboard.TestEN13241Sector" name="test_en13241_stats_fields" time="0.134" /><testcase classname="backend.tests.test_iteration211_executive_dashboard.TestGenericaSector" name="test_generica_has_correct_structure" time="0.137" /><testcase classname="backend.tests.test_iteration211_executive_dashboard.TestGenericaSector" name="test_generica_has_efficienza_produttiva" time="0.138" /><testcase classname="backend.tests.test_iteration211_executive_dashboard.TestCommessaMista" name="test_mista_commessa_appears_in_all_sectors" time="0.148" /><testcase classname="backend.tests.test_iteration211_executive_dashboard.TestCommessaMista" name="test_mista_commessa_has_mista_flag" time="0.138" /><testcase classname="backend.tests.test_iteration211_executive_dashboard.TestScadenzeImminenti" name="test_scadenze_structure" time="0.164" /><testcase classname="backend.tests.test_iteration211_executive_dashboard.TestScadenzeImminenti" name="test_scadenze_sorted_by_urgency" time="0.152" /><testcase classname="backend.tests.test_iteration211_executive_dashboard.TestScadenzeImminenti" name="test_scadenze_include_patentini" time="0.123" /><testcase classname="backend.tests.test_iteration211_executive_dashboard.TestCommessaCardFields" name="test_commessa_has_required_fields" time="0.137" /><testcase classname="backend.tests.test_iteration211_executive_dashboard.TestCommessaCardFields" name="test_commessa_production_progress" time="0.130" /><testcase classname="backend.tests.test_iteration211_executive_dashboard.TestTotals" name="test_totale_commesse_matches_unique_count" time="0.147" /><testcase classname="backend.tests.test_iteration211_executive_dashboard.TestTotals" name="test_totale_valore_is_sum_of_unique_commesse" time="0.176" /><testcase classname="backend.tests.test_iteration211_executive_dashboard.TestAuthRequired" name="test_endpoint_requires_auth" time="0.128" /></testsuite></testsuites>