<?xml version="1.0" encoding="utf-8"?><testsuites name="pytest tests"><testsuite name="pytest" errors="0" failures="0" skipped="0" tests="10" time="11.082" timestamp="2026-03-03T16:44:33.242237+00:00" hostname="agent-env-bdb00a5c-a841-4bc4-b72e-b364f40f8cb5"><testcase classname="tests.test_iteration112_recalc_scadenze.TestRecalcScadenzeEndpoint" name="test_recalc_scadenze_returns_200" time="0.648" /><testcase classname="tests.test_iteration112_recalc_scadenze.TestRecalcScadenzeEndpoint" name="test_recalc_scadenze_with_no_data" time="0.312" /><testcase classname="tests.test_iteration112_recalc_scadenze.TestDueDateCalculation" name="test_calc_a_vista_returns_same_date" time="1.407" /><testcase classname="tests.test_iteration112_recalc_scadenze.TestDueDateCalculation" name="test_calc_30gg_without_fine_mese" time="1.417" /><testcase classname="tests.test_iteration112_recalc_scadenze.TestDueDateCalculation" name="test_calc_30gg_with_fine_mese" time="1.352" /><testcase classname="tests.test_iteration112_recalc_scadenze.TestDueDateCalculation" name="test_calc_30gg_fm_plus_extra_days" time="1.413" /><testcase classname="tests.test_iteration112_recalc_scadenze.TestSupplierNameMatching" name="test_match_supplier_by_name_case_insensitive" time="1.073" /><testcase classname="tests.test_iteration112_recalc_scadenze.TestSupplierNameMatching" name="test_match_supplier_strips_legal_suffixes" time="1.062" /><testcase classname="tests.test_iteration112_recalc_scadenze.TestAutoCalcOnCreation" name="test_create_fr_with_linked_supplier_auto_calcs_scadenza" time="0.482" /><testcase classname="tests.test_iteration112_recalc_scadenze.TestMultipleInstallments" name="test_calc_uses_max_giorni_from_quote" time="1.739" /></testsuite></testsuites>