<?xml version="1.0" encoding="utf-8"?><testsuites name="pytest tests"><testsuite name="pytest" errors="0" failures="2" skipped="8" tests="11" time="0.759" timestamp="2026-03-06T16:42:30.934849+00:00" hostname="agent-env-0c55f3d2-f153-42cf-bcd4-98b274b95f7c"><testcase classname="backend.tests.test_iteration156_material_management.TestArticoliGiacenza" name="test_articoli_list_returns_giacenza_field" time="0.284"><failure message="AssertionError: Expected 200, got 401&#10;assert 401 == 200&#10; +  where 401 = &lt;Response [401]&gt;.status_code">backend/tests/test_iteration156_material_management.py:147: in test_articoli_list_returns_giacenza_field
    assert resp.status_code == 200, f"Expected 200, got {resp.status_code}"
E   AssertionError: Expected 200, got 401
E   assert 401 == 200
E    +  where 401 = &lt;Response [401]&gt;.status_code</failure></testcase><testcase classname="backend.tests.test_iteration156_material_management.TestArticoliGiacenza" name="test_articoli_search_returns_giacenza" time="0.069"><failure message="AssertionError: Expected 200, got 401&#10;assert 401 == 200&#10; +  where 401 = &lt;Response [401]&gt;.status_code">backend/tests/test_iteration156_material_management.py:165: in test_articoli_search_returns_giacenza
    assert resp.status_code == 200, f"Expected 200, got {resp.status_code}"
E   AssertionError: Expected 200, got 401
E   assert 401 == 200
E    +  where 401 = &lt;Response [401]&gt;.status_code</failure></testcase><testcase classname="backend.tests.test_iteration156_material_management.TestPrelevoDaMagazzino" name="test_prelievo_endpoint_exists" time="0.061"><skipped type="pytest.skip" message="Cannot create test commessa: 401 - {&quot;detail&quot;:&quot;Non autenticato&quot;}">/app/backend/tests/test_iteration156_material_management.py:184: Cannot create test commessa: 401 - {"detail":"Non autenticato"}</skipped></testcase><testcase classname="backend.tests.test_iteration156_material_management.TestPrelevoDaMagazzino" name="test_prelievo_fails_articolo_not_found" time="0.000"><skipped type="pytest.skip" message="Cannot create test commessa: 401 - {&quot;detail&quot;:&quot;Non autenticato&quot;}">/app/backend/tests/test_iteration156_material_management.py:200: Cannot create test commessa: 401 - {"detail":"Non autenticato"}</skipped></testcase><testcase classname="backend.tests.test_iteration156_material_management.TestPrelevoDaMagazzino" name="test_prelievo_fails_insufficient_stock" time="0.000"><skipped type="pytest.skip" message="Cannot create test commessa: 401 - {&quot;detail&quot;:&quot;Non autenticato&quot;}">/app/backend/tests/test_iteration156_material_management.py:219: Cannot create test commessa: 401 - {"detail":"Non autenticato"}</skipped></testcase><testcase classname="backend.tests.test_iteration156_material_management.TestAnnullaImputazione" name="test_annulla_imputazione_endpoint_exists" time="0.000"><skipped type="pytest.skip" message="Cannot create test commessa: 401 - {&quot;detail&quot;:&quot;Non autenticato&quot;}">/app/backend/tests/test_iteration156_material_management.py:248: Cannot create test commessa: 401 - {"detail":"Non autenticato"}</skipped></testcase><testcase classname="backend.tests.test_iteration156_material_management.TestAnnullaImputazione" name="test_annulla_imputazione_fails_no_imputazione" time="0.000"><skipped type="pytest.skip" message="Cannot create test commessa: 401 - {&quot;detail&quot;:&quot;Non autenticato&quot;}">/app/backend/tests/test_iteration156_material_management.py:257: Cannot create test commessa: 401 - {"detail":"Non autenticato"}</skipped></testcase><testcase classname="backend.tests.test_iteration156_material_management.TestAnnullaImputazione" name="test_annulla_imputazione_fails_fr_not_found" time="0.064" /><testcase classname="backend.tests.test_iteration156_material_management.TestArriviPartialUsage" name="test_arrivi_accepts_quantita_utilizzata" time="0.000"><skipped type="pytest.skip" message="Cannot create test commessa: 401 - {&quot;detail&quot;:&quot;Non autenticato&quot;}">/app/backend/tests/test_iteration156_material_management.py:291: Cannot create test commessa: 401 - {"detail":"Non autenticato"}</skipped></testcase><testcase classname="backend.tests.test_iteration156_material_management.TestArriviPartialUsage" name="test_arrivi_accepts_prezzo_unitario" time="0.000"><skipped type="pytest.skip" message="Cannot create test commessa: 401 - {&quot;detail&quot;:&quot;Non autenticato&quot;}">/app/backend/tests/test_iteration156_material_management.py:329: Cannot create test commessa: 401 - {"detail":"Non autenticato"}</skipped></testcase><testcase classname="backend.tests.test_iteration156_material_management.TestIntegrationFlows" name="test_imputa_then_annulla_flow" time="0.175"><skipped type="pytest.skip" message="Cannot create test commessa: 401 - {&quot;detail&quot;:&quot;Non autenticato&quot;}">/app/backend/tests/test_iteration156_material_management.py:360: Cannot create test commessa: 401 - {"detail":"Non autenticato"}</skipped></testcase></testsuite></testsuites>