<?xml version="1.0" encoding="utf-8"?><testsuites name="pytest tests"><testsuite name="pytest" errors="0" failures="0" skipped="1" tests="14" time="0.820" timestamp="2026-03-06T15:38:52.141508+00:00" hostname="agent-env-99651a05-cc8e-4563-84a7-54c9c77bc50d"><testcase classname="backend.tests.test_iteration153_scadenziario_sync.TestSyncScadenzeEndpoint" name="test_sync_scadenze_endpoint_exists" time="0.353" /><testcase classname="backend.tests.test_iteration153_scadenziario_sync.TestScadenziarioDashboard" name="test_scadenziario_dashboard_endpoint_exists" time="0.060" /><testcase classname="backend.tests.test_iteration153_scadenziario_sync.TestScadenziarioDashboard" name="test_scadenziario_dashboard_response_structure" time="0.048"><skipped type="pytest.skip" message="Auth required for full response validation">/app/backend/tests/test_iteration153_scadenziario_sync.py:66: Auth required for full response validation</skipped></testcase><testcase classname="backend.tests.test_iteration153_scadenziario_sync.TestCruscottoFinanziario" name="test_cruscotto_finanziario_endpoint_exists" time="0.060" /><testcase classname="backend.tests.test_iteration153_scadenziario_sync.TestInvoicesEndpoints" name="test_invoices_list_endpoint" time="0.093" /><testcase classname="backend.tests.test_iteration153_scadenziario_sync.TestInvoicesEndpoints" name="test_fatture_ricevute_list_endpoint" time="0.053" /><testcase classname="backend.tests.test_iteration153_scadenziario_sync.TestPaymentStatusQueryPattern" name="test_financial_service_imports" time="0.000" /><testcase classname="backend.tests.test_iteration153_scadenziario_sync.TestPaymentStatusQueryPattern" name="test_scadenziario_includes_invoices_without_scadenze" time="0.000" /><testcase classname="backend.tests.test_iteration153_scadenziario_sync.TestPaymentStatusQueryPattern" name="test_sync_scadenze_creates_fallback" time="0.000" /><testcase classname="backend.tests.test_iteration153_scadenziario_sync.TestCodeReviewCriticalPatterns" name="test_nin_pattern_in_financial_service_da_incassare" time="0.000" /><testcase classname="backend.tests.test_iteration153_scadenziario_sync.TestCodeReviewCriticalPatterns" name="test_receivables_aging_uses_nin_pattern" time="0.000" /><testcase classname="backend.tests.test_iteration153_scadenziario_sync.TestFrontendScadenziarioIntegration" name="test_scadenziario_page_calls_both_sync_endpoints" time="0.000" /><testcase classname="backend.tests.test_iteration153_scadenziario_sync.TestFrontendScadenziarioIntegration" name="test_scadenziario_handles_incasso_tipo" time="0.000" /><testcase classname="backend.tests.test_iteration153_scadenziario_sync.TestHealthCheck" name="test_backend_health" time="0.079" /></testsuite></testsuites>