<?xml version="1.0" encoding="utf-8"?><testsuites name="pytest tests"><testsuite name="pytest" errors="0" failures="0" skipped="0" tests="13" time="4.437" timestamp="2026-03-22T06:32:14.522807+00:00" hostname="agent-env-e63b9148-b232-41f9-afd9-08c4ad687123"><testcase classname="backend.tests.test_iteration216_p1_features.TestPontePeriziaPreventivo" name="test_genera_preventivo_endpoint_exists" time="0.197" /><testcase classname="backend.tests.test_iteration216_p1_features.TestPontePeriziaPreventivo" name="test_genera_preventivo_creates_preventivo" time="0.111" /><testcase classname="backend.tests.test_iteration216_p1_features.TestPontePeriziaPreventivo" name="test_preventivo_has_perizia_source_metadata" time="0.218" /><testcase classname="backend.tests.test_iteration216_p1_features.TestPontePeriziaPreventivo" name="test_perizia_updated_with_preventivo_link" time="0.215" /><testcase classname="backend.tests.test_iteration216_p1_features.TestNotificheProattive" name="test_check_now_endpoint_exists" time="0.604" /><testcase classname="backend.tests.test_iteration216_p1_features.TestNotificheProattive" name="test_check_now_returns_alert_structure" time="0.512" /><testcase classname="backend.tests.test_iteration216_p1_features.TestNotificheProattive" name="test_alerts_have_urgency_field" time="0.521" /><testcase classname="backend.tests.test_iteration216_p1_features.TestNotificheProattive" name="test_urgency_levels_correct" time="0.444" /><testcase classname="backend.tests.test_iteration216_p1_features.TestNotificheProattive" name="test_email_sent_field_present" time="0.569" /><testcase classname="backend.tests.test_iteration216_p1_features.TestReportCAMMensile" name="test_report_mensile_pdf_endpoint_exists" time="0.316" /><testcase classname="backend.tests.test_iteration216_p1_features.TestReportCAMMensile" name="test_report_mensile_returns_pdf" time="0.317" /><testcase classname="backend.tests.test_iteration216_p1_features.TestReportCAMMensile" name="test_report_mensile_has_content_disposition" time="0.217" /><testcase classname="backend.tests.test_iteration216_p1_features.TestPeriziaExists" name="test_perizia_exists" time="0.110" /></testsuite></testsuites>