<?xml version="1.0" encoding="utf-8"?><testsuites name="pytest tests"><testsuite name="pytest" errors="0" failures="0" skipped="0" tests="10" time="33.075" timestamp="2026-03-03T16:55:43.041069+00:00" hostname="agent-env-bdb00a5c-a841-4bc4-b72e-b364f40f8cb5"><testcase classname="tests.test_iteration113_scadenziario_dashboard.TestScadenziarioDashboard" name="test_dashboard_returns_200" time="0.898" /><testcase classname="tests.test_iteration113_scadenziario_dashboard.TestScadenziarioDashboard" name="test_dashboard_has_correct_structure" time="0.752" /><testcase classname="tests.test_iteration113_scadenziario_dashboard.TestScadenziarioDashboard" name="test_kpi_has_required_fields" time="0.775" /><testcase classname="tests.test_iteration113_scadenziario_dashboard.TestScadenziarioDashboard" name="test_scadenza_item_structure" time="0.759" /><testcase classname="tests.test_iteration113_scadenziario_dashboard.TestScadenziarioDashboard" name="test_scadenze_sorted_by_date" time="0.727" /><testcase classname="tests.test_iteration113_scadenziario_dashboard.TestScadenziarioDashboard" name="test_stato_classification" time="0.849" /><testcase classname="tests.test_iteration113_scadenziario_dashboard.TestScadenziarioDashboard" name="test_kpi_values_are_numeric" time="0.745" /><testcase classname="tests.test_iteration113_scadenziario_dashboard.TestPaymentRecording" name="test_record_payment_success" time="1.711" /><testcase classname="tests.test_iteration113_scadenziario_dashboard.TestPaymentRecording" name="test_record_payment_updates_dashboard" time="1.891" /><testcase classname="tests.test_iteration113_scadenziario_dashboard.TestSyncFIC" name="test_sync_fic_returns_message" time="23.856" /></testsuite></testsuites>