<?xml version="1.0" encoding="utf-8"?><testsuites name="pytest tests"><testsuite name="pytest" errors="0" failures="0" skipped="0" tests="23" time="3.996" timestamp="2026-03-05T17:24:54.895198+00:00" hostname="agent-env-ab8f3673-84fe-4ca5-adba-3bd97190a87d"><testcase classname="backend.tests.test_iteration145_pdf_content_fixes.TestPDFContentFixes" name="test_no_soluzione_tipo_in_pdf" time="0.830" /><testcase classname="backend.tests.test_iteration145_pdf_content_fixes.TestPDFContentFixes" name="test_no_intelligenza_artificiale_in_pdf" time="0.003" /><testcase classname="backend.tests.test_iteration145_pdf_content_fixes.TestPDFContentFixes" name="test_exactly_one_analisi_assistita_mention" time="0.003" /><testcase classname="backend.tests.test_iteration145_pdf_content_fixes.TestPDFContentFixes" name="test_no_note_analisi_ai_in_pdf" time="0.003" /><testcase classname="backend.tests.test_iteration145_pdf_content_fixes.TestPDFContentFixes" name="test_notes_section_header_text" time="0.003" /><testcase classname="backend.tests.test_iteration145_pdf_content_fixes.TestPDFContentFixes" name="test_only_note_tecnico_used" time="0.003" /><testcase classname="backend.tests.test_iteration145_pdf_content_fixes.TestPDFContentFixes" name="test_validita_documento_no_ai_mention" time="0.003" /><testcase classname="backend.tests.test_iteration145_pdf_content_fixes.TestPhotoLabelDeduplication" name="test_dedup_logic_in_code" time="0.003" /><testcase classname="backend.tests.test_iteration145_pdf_content_fixes.TestPhotoLabelDeduplication" name="test_dedup_with_two_same_labels" time="0.000" /><testcase classname="backend.tests.test_iteration145_pdf_content_fixes.TestPhotoLabelDeduplication" name="test_dedup_with_three_same_labels" time="0.000" /><testcase classname="backend.tests.test_iteration145_pdf_content_fixes.TestPhotoLabelDeduplication" name="test_dedup_mixed_labels" time="0.000" /><testcase classname="backend.tests.test_iteration145_pdf_content_fixes.TestPhotoLabelDeduplication" name="test_dedup_case_insensitive" time="0.000" /><testcase classname="backend.tests.test_iteration145_pdf_content_fixes.TestAIPromptRules" name="test_prompt_dispositivi_mancanti_rischi_rule" time="1.607" /><testcase classname="backend.tests.test_iteration145_pdf_content_fixes.TestAIPromptRules" name="test_prompt_professional_language_rule" time="0.000" /><testcase classname="backend.tests.test_iteration145_pdf_content_fixes.TestAIPromptRules" name="test_prompt_dlgs_17_2010_context" time="0.000" /><testcase classname="backend.tests.test_iteration145_pdf_content_fixes.TestAIPromptRules" name="test_prompt_every_mancante_has_risk_explicit" time="0.000" /><testcase classname="backend.tests.test_iteration145_pdf_content_fixes.TestAIPromptRules" name="test_prompt_note_tecniche_for_tecnico_only" time="0.000" /><testcase classname="backend.tests.test_iteration145_pdf_content_fixes.TestPDFGenerationIntegration" name="test_pdf_generation_returns_bytes" time="0.748" /><testcase classname="backend.tests.test_iteration145_pdf_content_fixes.TestPDFGenerationIntegration" name="test_pdf_generation_without_photos" time="0.726" /><testcase classname="backend.tests.test_iteration145_pdf_content_fixes.TestCodeStructureVerification" name="test_pdf_notes_section_uses_note_tecnico" time="0.003" /><testcase classname="backend.tests.test_iteration145_pdf_content_fixes.TestCodeStructureVerification" name="test_disclaimer_text_correct" time="0.003" /><testcase classname="backend.tests.test_iteration145_pdf_content_fixes.TestCodeStructureVerification" name="test_ref_image_label_removed" time="0.003" /><testcase classname="backend.tests.test_iteration145_pdf_content_fixes.TestCodeStructureVerification" name="test_section_numbering_consistency" time="0.003" /></testsuite></testsuites>