<?xml version="1.0" encoding="utf-8"?><testsuites name="pytest tests"><testsuite name="pytest" errors="0" failures="0" skipped="0" tests="14" time="3.391" timestamp="2026-03-02T07:25:23.929061+00:00" hostname="agent-env-64f12985-2a9a-44b2-b6ff-fad1fa6b7faf"><testcase classname="tests.test_iteration97_gate_certification.TestGateCertificationCreate" name="test_create_gate_cert_manual" time="0.328" /><testcase classname="tests.test_iteration97_gate_certification.TestGateCertificationCreate" name="test_duplicate_creation_returns_409" time="0.141" /><testcase classname="tests.test_iteration97_gate_certification.TestGateCertificationRead" name="test_get_existing_cert" time="0.139" /><testcase classname="tests.test_iteration97_gate_certification.TestGateCertificationRead" name="test_get_nonexistent_cert" time="0.112" /><testcase classname="tests.test_iteration97_gate_certification.TestGateCertificationUpdate" name="test_update_to_motorizzato_with_risk_analysis" time="0.162" /><testcase classname="tests.test_iteration97_gate_certification.TestGateCertificationUpdate" name="test_update_with_force_tests" time="0.139" /><testcase classname="tests.test_iteration97_gate_certification.TestGateCertificationPDFs" name="test_generate_dop_pdf" time="1.284" /><testcase classname="tests.test_iteration97_gate_certification.TestGateCertificationPDFs" name="test_generate_ce_label_pdf" time="0.168" /><testcase classname="tests.test_iteration97_gate_certification.TestGateCertificationPDFs" name="test_generate_maintenance_pdf" time="0.191" /><testcase classname="tests.test_iteration97_gate_certification.TestGateCertificationPDFs" name="test_generate_dichiarazione_ce_pdf" time="0.233" /><testcase classname="tests.test_iteration97_gate_certification.TestGateCertificationPDFs" name="test_pdf_404_for_nonexistent_cert" time="0.101" /><testcase classname="tests.test_iteration97_gate_certification.TestCommessaNormativaUpdate" name="test_commessa_has_normativa_tipo_en13241" time="0.110" /><testcase classname="tests.test_iteration97_gate_certification.TestMotorizedDefaultRiskAnalysis" name="test_create_motorized_gets_8_default_risks" time="0.100" /><testcase classname="tests.test_iteration97_gate_certification.TestCleanup" name="test_cleanup_gate_certification" time="0.102" /></testsuite></testsuites>