<?xml version="1.0" encoding="utf-8"?><testsuites name="pytest tests"><testsuite name="pytest" errors="0" failures="0" skipped="0" tests="9" time="21.242" timestamp="2026-03-01T20:05:17.427171+00:00" hostname="agent-env-64f12985-2a9a-44b2-b6ff-fad1fa6b7faf"><testcase classname="backend.tests.test_iteration93_super_fascicolo_welders.TestHealthCheck" name="test_backend_health" time="0.257" /><testcase classname="backend.tests.test_iteration93_super_fascicolo_welders.TestSuperFascicoloWithAssignedWelders" name="test_pdf_generated_with_welders_from_saldature" time="6.297" /><testcase classname="backend.tests.test_iteration93_super_fascicolo_welders.TestSuperFascicoloWithAssignedWelders" name="test_pdf_includes_multiple_welder_certs" time="4.583" /><testcase classname="backend.tests.test_iteration93_super_fascicolo_welders.TestSuperFascicoloWithFPCWelder" name="test_pdf_includes_fpc_project_welder" time="4.578" /><testcase classname="backend.tests.test_iteration93_super_fascicolo_welders.TestSuperFascicoloNoWelders" name="test_pdf_generated_without_welders" time="3.715" /><testcase classname="backend.tests.test_iteration93_super_fascicolo_welders.TestSmartAssignWeldersAPI" name="test_smart_assign_welders_returns_status" time="0.782" /><testcase classname="backend.tests.test_iteration93_super_fascicolo_welders.TestSuperFascicoloAuth" name="test_returns_401_without_auth" time="0.107" /><testcase classname="backend.tests.test_iteration93_super_fascicolo_welders.TestSuperFascicoloAuth" name="test_returns_404_for_nonexistent_commessa" time="0.147" /><testcase classname="backend.tests.test_iteration93_super_fascicolo_welders.TestWelderCertFileAccess" name="test_cert_file_exists" time="0.666" /></testsuite></testsuites>