<?xml version="1.0" encoding="utf-8"?><testsuites name="pytest tests"><testsuite name="pytest" errors="7" failures="0" skipped="0" tests="12" time="1.712" timestamp="2026-02-28T14:06:57.271214+00:00" hostname="agent-env-53bff274-35c5-41ce-9030-3dc170600750"><testcase classname="backend.tests.test_iteration56_features.TestPreventivoNormativa" name="test_create_preventivo_with_normativa_en1090" time="0.579" /><testcase classname="backend.tests.test_iteration56_features.TestPreventivoNormativa" name="test_create_preventivo_with_normativa_en13241" time="0.141" /><testcase classname="backend.tests.test_iteration56_features.TestPreventivoNormativa" name="test_create_preventivo_without_normativa" time="0.106" /><testcase classname="backend.tests.test_iteration56_features.TestPreventivoNormativa" name="test_update_preventivo_normativa" time="0.400" /><testcase classname="backend.tests.test_iteration56_features.TestPreventivoNormativa" name="test_get_preventivo_includes_normativa" time="0.208" /><testcase classname="backend.tests.test_iteration56_features.TestArrivoMateriale" name="test_create_arrivo_with_detailed_materiali" time="0.103"><error message="failed on setup with &quot;AssertionError: Failed to create commessa: {&quot;detail&quot;:[{&quot;type&quot;:&quot;missing&quot;,&quot;loc&quot;:[&quot;body&quot;,&quot;title&quot;],&quot;msg&quot;:&quot;Field required&quot;,&quot;input&quot;:{&quot;numero&quot;:&quot;TEST-ITER56-1772287618&quot;,&quot;cliente_id&quot;:&quot;&quot;,&quot;cliente_nome&quot;:&quot;Test Client Iteration 56&quot;,&quot;descrizione&quot;:&quot;Test commessa for iteration 56 arrivo materiale testing&quot;,&quot;data_inizio&quot;:&quot;2026-02-28&quot;,&quot;normativa&quot;:&quot;EN_1090&quot;,&quot;stato&quot;:&quot;in_corso&quot;},&quot;url&quot;:&quot;https://errors.pydantic.dev/2.12/v/missing&quot;}]}&#10;assert 422 in [200, 201]&#10; +  where 422 = &lt;Response [422]&gt;.status_code&quot;">backend/tests/test_iteration56_features.py:97: in test_commessa
    assert response.status_code in [200, 201], f"Failed to create commessa: {response.text}"
E   AssertionError: Failed to create commessa: {"detail":[{"type":"missing","loc":["body","title"],"msg":"Field required","input":{"numero":"TEST-ITER56-1772287618","cliente_id":"","cliente_nome":"Test Client Iteration 56","descrizione":"Test commessa for iteration 56 arrivo materiale testing","data_inizio":"2026-02-28","normativa":"EN_1090","stato":"in_corso"},"url":"https://errors.pydantic.dev/2.12/v/missing"}]}
E   assert 422 in [200, 201]
E    +  where 422 = &lt;Response [422]&gt;.status_code</error></testcase><testcase classname="backend.tests.test_iteration56_features.TestArrivoMateriale" name="test_arrivo_without_ddt_fails" time="0.000"><error message="failed on setup with &quot;AssertionError: Failed to create commessa: {&quot;detail&quot;:[{&quot;type&quot;:&quot;missing&quot;,&quot;loc&quot;:[&quot;body&quot;,&quot;title&quot;],&quot;msg&quot;:&quot;Field required&quot;,&quot;input&quot;:{&quot;numero&quot;:&quot;TEST-ITER56-1772287618&quot;,&quot;cliente_id&quot;:&quot;&quot;,&quot;cliente_nome&quot;:&quot;Test Client Iteration 56&quot;,&quot;descrizione&quot;:&quot;Test commessa for iteration 56 arrivo materiale testing&quot;,&quot;data_inizio&quot;:&quot;2026-02-28&quot;,&quot;normativa&quot;:&quot;EN_1090&quot;,&quot;stato&quot;:&quot;in_corso&quot;},&quot;url&quot;:&quot;https://errors.pydantic.dev/2.12/v/missing&quot;}]}&#10;assert 422 in [200, 201]&#10; +  where 422 = &lt;Response [422]&gt;.status_code&quot;">backend/tests/test_iteration56_features.py:97: in test_commessa
    assert response.status_code in [200, 201], f"Failed to create commessa: {response.text}"
E   AssertionError: Failed to create commessa: {"detail":[{"type":"missing","loc":["body","title"],"msg":"Field required","input":{"numero":"TEST-ITER56-1772287618","cliente_id":"","cliente_nome":"Test Client Iteration 56","descrizione":"Test commessa for iteration 56 arrivo materiale testing","data_inizio":"2026-02-28","normativa":"EN_1090","stato":"in_corso"},"url":"https://errors.pydantic.dev/2.12/v/missing"}]}
E   assert 422 in [200, 201]
E    +  where 422 = &lt;Response [422]&gt;.status_code</error></testcase><testcase classname="backend.tests.test_iteration56_features.TestArrivoMateriale" name="test_link_certificato_to_materiale" time="0.000"><error message="failed on setup with &quot;AssertionError: Failed to create commessa: {&quot;detail&quot;:[{&quot;type&quot;:&quot;missing&quot;,&quot;loc&quot;:[&quot;body&quot;,&quot;title&quot;],&quot;msg&quot;:&quot;Field required&quot;,&quot;input&quot;:{&quot;numero&quot;:&quot;TEST-ITER56-1772287618&quot;,&quot;cliente_id&quot;:&quot;&quot;,&quot;cliente_nome&quot;:&quot;Test Client Iteration 56&quot;,&quot;descrizione&quot;:&quot;Test commessa for iteration 56 arrivo materiale testing&quot;,&quot;data_inizio&quot;:&quot;2026-02-28&quot;,&quot;normativa&quot;:&quot;EN_1090&quot;,&quot;stato&quot;:&quot;in_corso&quot;},&quot;url&quot;:&quot;https://errors.pydantic.dev/2.12/v/missing&quot;}]}&#10;assert 422 in [200, 201]&#10; +  where 422 = &lt;Response [422]&gt;.status_code&quot;">backend/tests/test_iteration56_features.py:97: in test_commessa
    assert response.status_code in [200, 201], f"Failed to create commessa: {response.text}"
E   AssertionError: Failed to create commessa: {"detail":[{"type":"missing","loc":["body","title"],"msg":"Field required","input":{"numero":"TEST-ITER56-1772287618","cliente_id":"","cliente_nome":"Test Client Iteration 56","descrizione":"Test commessa for iteration 56 arrivo materiale testing","data_inizio":"2026-02-28","normativa":"EN_1090","stato":"in_corso"},"url":"https://errors.pydantic.dev/2.12/v/missing"}]}
E   assert 422 in [200, 201]
E    +  where 422 = &lt;Response [422]&gt;.status_code</error></testcase><testcase classname="backend.tests.test_iteration56_features.TestPdfLogoIntegration" name="test_rdp_pdf_includes_logo" time="0.000"><error message="failed on setup with &quot;AssertionError: Failed to create commessa: {&quot;detail&quot;:[{&quot;type&quot;:&quot;missing&quot;,&quot;loc&quot;:[&quot;body&quot;,&quot;title&quot;],&quot;msg&quot;:&quot;Field required&quot;,&quot;input&quot;:{&quot;numero&quot;:&quot;TEST-ITER56-1772287618&quot;,&quot;cliente_id&quot;:&quot;&quot;,&quot;cliente_nome&quot;:&quot;Test Client Iteration 56&quot;,&quot;descrizione&quot;:&quot;Test commessa for iteration 56 arrivo materiale testing&quot;,&quot;data_inizio&quot;:&quot;2026-02-28&quot;,&quot;normativa&quot;:&quot;EN_1090&quot;,&quot;stato&quot;:&quot;in_corso&quot;},&quot;url&quot;:&quot;https://errors.pydantic.dev/2.12/v/missing&quot;}]}&#10;assert 422 in [200, 201]&#10; +  where 422 = &lt;Response [422]&gt;.status_code&quot;">backend/tests/test_iteration56_features.py:97: in test_commessa
    assert response.status_code in [200, 201], f"Failed to create commessa: {response.text}"
E   AssertionError: Failed to create commessa: {"detail":[{"type":"missing","loc":["body","title"],"msg":"Field required","input":{"numero":"TEST-ITER56-1772287618","cliente_id":"","cliente_nome":"Test Client Iteration 56","descrizione":"Test commessa for iteration 56 arrivo materiale testing","data_inizio":"2026-02-28","normativa":"EN_1090","stato":"in_corso"},"url":"https://errors.pydantic.dev/2.12/v/missing"}]}
E   assert 422 in [200, 201]
E    +  where 422 = &lt;Response [422]&gt;.status_code</error></testcase><testcase classname="backend.tests.test_iteration56_features.TestPdfLogoIntegration" name="test_oda_pdf_includes_logo" time="0.000"><error message="failed on setup with &quot;AssertionError: Failed to create commessa: {&quot;detail&quot;:[{&quot;type&quot;:&quot;missing&quot;,&quot;loc&quot;:[&quot;body&quot;,&quot;title&quot;],&quot;msg&quot;:&quot;Field required&quot;,&quot;input&quot;:{&quot;numero&quot;:&quot;TEST-ITER56-1772287618&quot;,&quot;cliente_id&quot;:&quot;&quot;,&quot;cliente_nome&quot;:&quot;Test Client Iteration 56&quot;,&quot;descrizione&quot;:&quot;Test commessa for iteration 56 arrivo materiale testing&quot;,&quot;data_inizio&quot;:&quot;2026-02-28&quot;,&quot;normativa&quot;:&quot;EN_1090&quot;,&quot;stato&quot;:&quot;in_corso&quot;},&quot;url&quot;:&quot;https://errors.pydantic.dev/2.12/v/missing&quot;}]}&#10;assert 422 in [200, 201]&#10; +  where 422 = &lt;Response [422]&gt;.status_code&quot;">backend/tests/test_iteration56_features.py:97: in test_commessa
    assert response.status_code in [200, 201], f"Failed to create commessa: {response.text}"
E   AssertionError: Failed to create commessa: {"detail":[{"type":"missing","loc":["body","title"],"msg":"Field required","input":{"numero":"TEST-ITER56-1772287618","cliente_id":"","cliente_nome":"Test Client Iteration 56","descrizione":"Test commessa for iteration 56 arrivo materiale testing","data_inizio":"2026-02-28","normativa":"EN_1090","stato":"in_corso"},"url":"https://errors.pydantic.dev/2.12/v/missing"}]}
E   assert 422 in [200, 201]
E    +  where 422 = &lt;Response [422]&gt;.status_code</error></testcase><testcase classname="backend.tests.test_iteration56_features.TestOdaValidation" name="test_oda_with_empty_description_rejected" time="0.000"><error message="failed on setup with &quot;AssertionError: Failed to create commessa: {&quot;detail&quot;:[{&quot;type&quot;:&quot;missing&quot;,&quot;loc&quot;:[&quot;body&quot;,&quot;title&quot;],&quot;msg&quot;:&quot;Field required&quot;,&quot;input&quot;:{&quot;numero&quot;:&quot;TEST-ITER56-1772287618&quot;,&quot;cliente_id&quot;:&quot;&quot;,&quot;cliente_nome&quot;:&quot;Test Client Iteration 56&quot;,&quot;descrizione&quot;:&quot;Test commessa for iteration 56 arrivo materiale testing&quot;,&quot;data_inizio&quot;:&quot;2026-02-28&quot;,&quot;normativa&quot;:&quot;EN_1090&quot;,&quot;stato&quot;:&quot;in_corso&quot;},&quot;url&quot;:&quot;https://errors.pydantic.dev/2.12/v/missing&quot;}]}&#10;assert 422 in [200, 201]&#10; +  where 422 = &lt;Response [422]&gt;.status_code&quot;">backend/tests/test_iteration56_features.py:97: in test_commessa
    assert response.status_code in [200, 201], f"Failed to create commessa: {response.text}"
E   AssertionError: Failed to create commessa: {"detail":[{"type":"missing","loc":["body","title"],"msg":"Field required","input":{"numero":"TEST-ITER56-1772287618","cliente_id":"","cliente_nome":"Test Client Iteration 56","descrizione":"Test commessa for iteration 56 arrivo materiale testing","data_inizio":"2026-02-28","normativa":"EN_1090","stato":"in_corso"},"url":"https://errors.pydantic.dev/2.12/v/missing"}]}
E   assert 422 in [200, 201]
E    +  where 422 = &lt;Response [422]&gt;.status_code</error></testcase><testcase classname="backend.tests.test_iteration56_features.TestOdaValidation" name="test_oda_with_valid_description_accepted" time="0.000"><error message="failed on setup with &quot;AssertionError: Failed to create commessa: {&quot;detail&quot;:[{&quot;type&quot;:&quot;missing&quot;,&quot;loc&quot;:[&quot;body&quot;,&quot;title&quot;],&quot;msg&quot;:&quot;Field required&quot;,&quot;input&quot;:{&quot;numero&quot;:&quot;TEST-ITER56-1772287618&quot;,&quot;cliente_id&quot;:&quot;&quot;,&quot;cliente_nome&quot;:&quot;Test Client Iteration 56&quot;,&quot;descrizione&quot;:&quot;Test commessa for iteration 56 arrivo materiale testing&quot;,&quot;data_inizio&quot;:&quot;2026-02-28&quot;,&quot;normativa&quot;:&quot;EN_1090&quot;,&quot;stato&quot;:&quot;in_corso&quot;},&quot;url&quot;:&quot;https://errors.pydantic.dev/2.12/v/missing&quot;}]}&#10;assert 422 in [200, 201]&#10; +  where 422 = &lt;Response [422]&gt;.status_code&quot;">backend/tests/test_iteration56_features.py:97: in test_commessa
    assert response.status_code in [200, 201], f"Failed to create commessa: {response.text}"
E   AssertionError: Failed to create commessa: {"detail":[{"type":"missing","loc":["body","title"],"msg":"Field required","input":{"numero":"TEST-ITER56-1772287618","cliente_id":"","cliente_nome":"Test Client Iteration 56","descrizione":"Test commessa for iteration 56 arrivo materiale testing","data_inizio":"2026-02-28","normativa":"EN_1090","stato":"in_corso"},"url":"https://errors.pydantic.dev/2.12/v/missing"}]}
E   assert 422 in [200, 201]
E    +  where 422 = &lt;Response [422]&gt;.status_code</error></testcase></testsuite></testsuites>