<?xml version="1.0" encoding="utf-8"?><testsuites name="pytest tests"><testsuite name="pytest" errors="0" failures="6" skipped="0" tests="27" time="12.092" timestamp="2026-03-02T10:45:07.941896+00:00" hostname="agent-env-5841f42b-f404-4e89-9ef0-f1e62b915296"><testcase classname="tests.test_iteration101_backup.TestBackupStats" name="test_stats_returns_200" time="0.279" /><testcase classname="tests.test_iteration101_backup.TestBackupStats" name="test_stats_returns_stats_dict" time="0.072" /><testcase classname="tests.test_iteration101_backup.TestBackupStats" name="test_stats_returns_total_count" time="0.071" /><testcase classname="tests.test_iteration101_backup.TestBackupStats" name="test_stats_contains_expected_collections" time="0.063" /><testcase classname="tests.test_iteration101_backup.TestLastBackup" name="test_last_returns_200" time="0.058" /><testcase classname="tests.test_iteration101_backup.TestLastBackup" name="test_last_returns_last_backup_key" time="0.055" /><testcase classname="tests.test_iteration101_backup.TestLastBackup" name="test_last_backup_can_be_null_initially" time="0.057" /><testcase classname="tests.test_iteration101_backup.TestExportBackup" name="test_export_returns_200" time="1.015" /><testcase classname="tests.test_iteration101_backup.TestExportBackup" name="test_export_returns_json_content_type" time="1.041" /><testcase classname="tests.test_iteration101_backup.TestExportBackup" name="test_export_has_content_disposition" time="1.019" /><testcase classname="tests.test_iteration101_backup.TestExportBackup" name="test_export_filename_format" time="1.084" /><testcase classname="tests.test_iteration101_backup.TestExportBackup" name="test_export_json_structure_has_metadata" time="1.000" /><testcase classname="tests.test_iteration101_backup.TestExportBackup" name="test_export_json_structure_has_data" time="1.074" /><testcase classname="tests.test_iteration101_backup.TestExportBackup" name="test_export_json_structure_has_stats" time="1.028" /><testcase classname="tests.test_iteration101_backup.TestExportBackup" name="test_export_metadata_version_is_2_0" time="0.994" /><testcase classname="tests.test_iteration101_backup.TestExportBackup" name="test_export_metadata_user_id_matches" time="0.971" /><testcase classname="tests.test_iteration101_backup.TestRestoreBackup" name="test_restore_invalid_json_returns_400" time="0.064"><failure message="AssertionError: Expected 400 for invalid JSON, got 422&#10;assert 422 == 400&#10; +  where 422 = &lt;Response [422]&gt;.status_code">tests/test_iteration101_backup.py:165: in test_restore_invalid_json_returns_400
    assert response.status_code == 400, f"Expected 400 for invalid JSON, got {response.status_code}"
E   AssertionError: Expected 400 for invalid JSON, got 422
E   assert 422 == 400
E    +  where 422 = &lt;Response [422]&gt;.status_code</failure></testcase><testcase classname="tests.test_iteration101_backup.TestRestoreBackup" name="test_restore_missing_metadata_returns_400" time="0.062"><failure message="AssertionError: Expected 400 for missing metadata, got 422&#10;assert 422 == 400&#10; +  where 422 = &lt;Response [422]&gt;.status_code">tests/test_iteration101_backup.py:174: in test_restore_missing_metadata_returns_400
    assert response.status_code == 400, f"Expected 400 for missing metadata, got {response.status_code}"
E   AssertionError: Expected 400 for missing metadata, got 422
E   assert 422 == 400
E    +  where 422 = &lt;Response [422]&gt;.status_code</failure></testcase><testcase classname="tests.test_iteration101_backup.TestRestoreBackup" name="test_restore_empty_backup_returns_200" time="0.057"><failure message="AssertionError: Expected 200 for valid empty backup, got 422: {&quot;detail&quot;:[{&quot;type&quot;:&quot;missing&quot;,&quot;loc&quot;:[&quot;body&quot;,&quot;file&quot;],&quot;msg&quot;:&quot;Field required&quot;,&quot;input&quot;:null,&quot;url&quot;:&quot;https://errors.pydantic.dev/2.12/v/missing&quot;}]}&#10;assert 422 == 200&#10; +  where 422 = &lt;Response [422]&gt;.status_code">tests/test_iteration101_backup.py:187: in test_restore_empty_backup_returns_200
    assert response.status_code == 200, f"Expected 200 for valid empty backup, got {response.status_code}: {response.text}"
E   AssertionError: Expected 200 for valid empty backup, got 422: {"detail":[{"type":"missing","loc":["body","file"],"msg":"Field required","input":null,"url":"https://errors.pydantic.dev/2.12/v/missing"}]}
E   assert 422 == 200
E    +  where 422 = &lt;Response [422]&gt;.status_code</failure></testcase><testcase classname="tests.test_iteration101_backup.TestRestoreBackup" name="test_restore_returns_result_message" time="0.057"><failure message="AssertionError: Response should contain 'message'&#10;assert 'message' in {'detail': [{'input': None, 'loc': ['body', 'file'], 'msg': 'Field required', 'type': 'missing', ...}]}">tests/test_iteration101_backup.py:201: in test_restore_returns_result_message
    assert "message" in data, "Response should contain 'message'"
E   AssertionError: Response should contain 'message'
E   assert 'message' in {'detail': [{'input': None, 'loc': ['body', 'file'], 'msg': 'Field required', 'type': 'missing', ...}]}</failure></testcase><testcase classname="tests.test_iteration101_backup.TestRestoreWithData" name="test_restore_inserts_new_client" time="0.053"><failure message="assert 422 == 200&#10; +  where 422 = &lt;Response [422]&gt;.status_code">tests/test_iteration101_backup.py:229: in test_restore_inserts_new_client
    assert response.status_code == 200
E   assert 422 == 200
E    +  where 422 = &lt;Response [422]&gt;.status_code</failure></testcase><testcase classname="tests.test_iteration101_backup.TestRestoreWithData" name="test_restore_skips_duplicate_client" time="0.060"><failure message="assert 422 == 200&#10; +  where 422 = &lt;Response [422]&gt;.status_code">tests/test_iteration101_backup.py:253: in test_restore_skips_duplicate_client
    assert response1.status_code == 200
E   assert 422 == 200
E    +  where 422 = &lt;Response [422]&gt;.status_code</failure></testcase><testcase classname="tests.test_iteration101_backup.TestBackupLog" name="test_last_backup_updated_after_export" time="1.033" /><testcase classname="tests.test_iteration101_backup.TestUnauthenticated" name="test_stats_requires_auth" time="0.153" /><testcase classname="tests.test_iteration101_backup.TestUnauthenticated" name="test_export_requires_auth" time="0.105" /><testcase classname="tests.test_iteration101_backup.TestUnauthenticated" name="test_restore_requires_auth" time="0.109" /><testcase classname="tests.test_iteration101_backup.TestCleanup" name="test_cleanup_test_data" time="0.337" /></testsuite></testsuites>