<?xml version="1.0" encoding="utf-8"?><testsuites name="pytest tests"><testsuite name="pytest" errors="0" failures="0" skipped="0" tests="24" time="7.136" timestamp="2026-03-02T12:31:24.443621+00:00" hostname="agent-env-5e3c4517-8aee-43e3-adad-8c170dc8bfc8"><testcase classname="tests.test_iteration103_notifications_qr_cleanup.TestNotificationsStatus" name="test_status_returns_200" time="0.190" /><testcase classname="tests.test_iteration103_notifications_qr_cleanup.TestNotificationsStatus" name="test_status_has_active_field" time="0.138" /><testcase classname="tests.test_iteration103_notifications_qr_cleanup.TestNotificationsStatus" name="test_status_has_current_alerts_structure" time="0.101" /><testcase classname="tests.test_iteration103_notifications_qr_cleanup.TestNotificationsStatus" name="test_status_has_last_check_info" time="0.097" /><testcase classname="tests.test_iteration103_notifications_qr_cleanup.TestNotificationsStatus" name="test_status_requires_auth" time="0.107" /><testcase classname="tests.test_iteration103_notifications_qr_cleanup.TestNotificationsCheckNow" name="test_check_now_returns_200" time="4.281" /><testcase classname="tests.test_iteration103_notifications_qr_cleanup.TestNotificationsCheckNow" name="test_check_now_returns_check_result" time="0.291" /><testcase classname="tests.test_iteration103_notifications_qr_cleanup.TestNotificationsCheckNow" name="test_check_now_requires_auth" time="0.128" /><testcase classname="tests.test_iteration103_notifications_qr_cleanup.TestNotificationsHistory" name="test_history_returns_200" time="0.104" /><testcase classname="tests.test_iteration103_notifications_qr_cleanup.TestNotificationsHistory" name="test_history_returns_logs_array" time="0.099" /><testcase classname="tests.test_iteration103_notifications_qr_cleanup.TestNotificationsHistory" name="test_history_log_entry_structure" time="0.115" /><testcase classname="tests.test_iteration103_notifications_qr_cleanup.TestNotificationsHistory" name="test_history_requires_auth" time="0.104" /><testcase classname="tests.test_iteration103_notifications_qr_cleanup.TestQRCodeGeneration" name="test_qr_code_image_returns_200" time="0.116" /><testcase classname="tests.test_iteration103_notifications_qr_cleanup.TestQRCodeGeneration" name="test_qr_code_returns_png_content_type" time="0.102" /><testcase classname="tests.test_iteration103_notifications_qr_cleanup.TestQRCodeGeneration" name="test_qr_code_data_returns_200" time="0.100" /><testcase classname="tests.test_iteration103_notifications_qr_cleanup.TestQRCodeGeneration" name="test_qr_code_data_structure" time="0.098" /><testcase classname="tests.test_iteration103_notifications_qr_cleanup.TestQRCodeGeneration" name="test_qr_code_invalid_commessa_returns_404" time="0.113" /><testcase classname="tests.test_iteration103_notifications_qr_cleanup.TestQRCodeGeneration" name="test_qr_code_requires_auth" time="0.105" /><testcase classname="tests.test_iteration103_notifications_qr_cleanup.TestDatabaseCleanupPreview" name="test_cleanup_preview_returns_200" time="0.111" /><testcase classname="tests.test_iteration103_notifications_qr_cleanup.TestDatabaseCleanupPreview" name="test_cleanup_preview_shows_data_counts" time="0.101" /><testcase classname="tests.test_iteration103_notifications_qr_cleanup.TestDatabaseCleanupPreview" name="test_cleanup_preview_requires_auth" time="0.106" /><testcase classname="tests.test_iteration103_notifications_qr_cleanup.TestDatabaseCleanupPreview" name="test_cleanup_execute_requires_confirmation" time="0.115" /><testcase classname="tests.test_iteration103_notifications_qr_cleanup.TestNotificationAlertDetails" name="test_welder_alert_fields" time="0.098" /><testcase classname="tests.test_iteration103_notifications_qr_cleanup.TestNotificationAlertDetails" name="test_instrument_alert_fields" time="0.134" /></testsuite></testsuites>