<?xml version="1.0" encoding="utf-8"?><testsuites name="pytest tests"><testsuite name="pytest" errors="0" failures="0" skipped="1" tests="11" time="1.530" timestamp="2026-03-22T10:09:14.754797+00:00" hostname="agent-env-c0b4ae58-cdb7-4a2c-a5a5-be0c6647664e"><testcase classname="backend.tests.test_iteration226_phase2_commessa.TestPhase2Eligibility" name="test_eligibility_confermata_returns_allowed_true" time="0.154" /><testcase classname="backend.tests.test_iteration226_phase2_commessa.TestPhase2Eligibility" name="test_eligibility_non_confermata_returns_allowed_false" time="0.106" /><testcase classname="backend.tests.test_iteration226_phase2_commessa.TestPhase2Eligibility" name="test_eligibility_returns_reasons_list" time="0.094" /><testcase classname="backend.tests.test_iteration226_phase2_commessa.TestPhase2GeneraCommessa" name="test_genera_returns_409_when_not_eligible" time="0.118" /><testcase classname="backend.tests.test_iteration226_phase2_commessa.TestPhase2GeneraCommessa" name="test_genera_success_for_eligible_preventivo" time="0.170" /><testcase classname="backend.tests.test_iteration226_phase2_commessa.TestPhase2GetCommessa" name="test_get_commessa_returns_generated_commessa" time="0.102" /><testcase classname="backend.tests.test_iteration226_phase2_commessa.TestPhase2GetCommessa" name="test_get_commessa_returns_404_when_not_generated" time="0.102" /><testcase classname="backend.tests.test_iteration226_phase2_commessa.TestPhase2CommessaContent" name="test_commessa_has_voci_lavoro_with_correct_structure" time="0.098" /><testcase classname="backend.tests.test_iteration226_phase2_commessa.TestPhase2CommessaContent" name="test_commessa_has_rami_attivi_structure" time="0.102" /><testcase classname="backend.tests.test_iteration226_phase2_commessa.TestPhase2CommessaContent" name="test_commessa_etichette_counts" time="0.112" /><testcase classname="backend.tests.test_iteration226_phase2_commessa.TestValidationScoring" name="test_validation_aggregate_score" time="0.102"><skipped type="pytest.skip" message="Validation aggregate endpoint not available">/app/backend/tests/test_iteration226_phase2_commessa.py:309: Validation aggregate endpoint not available</skipped></testcase></testsuite></testsuites>