<?xml version="1.0" encoding="utf-8"?><testsuites name="pytest tests"><testsuite name="pytest" errors="0" failures="0" skipped="0" tests="26" time="2.841" timestamp="2026-03-08T19:31:13.629318+00:00" hostname="agent-env-9fdffea0-b34e-4109-9138-710f0d2ea767"><testcase classname="backend.tests.test_iteration167_perizia_rilievo.TestPeriziaRecalcAndFields" name="test_create_perizia_basic" time="0.225" /><testcase classname="backend.tests.test_iteration167_perizia_rilievo.TestPeriziaRecalcAndFields" name="test_update_perizia_with_new_fields" time="0.071" /><testcase classname="backend.tests.test_iteration167_perizia_rilievo.TestPeriziaRecalcAndFields" name="test_recalc_generates_acc01_voce" time="0.056" /><testcase classname="backend.tests.test_iteration167_perizia_rilievo.TestPeriziaRecalcAndFields" name="test_recalc_generates_sma01_voce" time="0.069" /><testcase classname="backend.tests.test_iteration167_perizia_rilievo.TestPeriziaRecalcAndFields" name="test_recalc_generates_sco01_voce" time="0.056" /><testcase classname="backend.tests.test_iteration167_perizia_rilievo.TestPeriziaPhotoUpload" name="test_upload_foto_perizia" time="0.394" /><testcase classname="backend.tests.test_iteration167_perizia_rilievo.TestPeriziaPhotoUpload" name="test_foto_proxy_endpoint_exists" time="0.228" /><testcase classname="backend.tests.test_iteration167_perizia_rilievo.TestPeriziaPhotoUpload" name="test_delete_foto_perizia" time="0.072" /><testcase classname="backend.tests.test_iteration167_perizia_rilievo.TestPeriziaCommessaLinking" name="test_collega_perizia_a_commessa" time="0.067" /><testcase classname="backend.tests.test_iteration167_perizia_rilievo.TestPeriziaCommessaLinking" name="test_verify_bidirectional_link_perizia" time="0.059" /><testcase classname="backend.tests.test_iteration167_perizia_rilievo.TestRilievoPhotoUploadAndSketch" name="test_create_rilievo_for_photos" time="0.058" /><testcase classname="backend.tests.test_iteration167_perizia_rilievo.TestRilievoPhotoUploadAndSketch" name="test_upload_foto_rilievo" time="0.243" /><testcase classname="backend.tests.test_iteration167_perizia_rilievo.TestRilievoPhotoUploadAndSketch" name="test_upload_sketch_rilievo" time="0.067" /><testcase classname="backend.tests.test_iteration167_perizia_rilievo.TestRilievoPhotoUploadAndSketch" name="test_foto_proxy_rilievo_endpoint_exists" time="0.213" /><testcase classname="backend.tests.test_iteration167_perizia_rilievo.TestRilievoPhotoUploadAndSketch" name="test_delete_foto_rilievo" time="0.078" /><testcase classname="backend.tests.test_iteration167_perizia_rilievo.TestRilievoPhotoUploadAndSketch" name="test_delete_sketch_rilievo" time="0.060" /><testcase classname="backend.tests.test_iteration167_perizia_rilievo.TestRilievoCommessaLinking" name="test_create_rilievo_for_linking" time="0.062" /><testcase classname="backend.tests.test_iteration167_perizia_rilievo.TestRilievoCommessaLinking" name="test_collega_rilievo_a_commessa" time="0.061" /><testcase classname="backend.tests.test_iteration167_perizia_rilievo.TestRilievoCommessaLinking" name="test_verify_bidirectional_link_rilievo" time="0.064" /><testcase classname="backend.tests.test_iteration167_perizia_rilievo.TestRilievoCommessaLinking" name="test_rilievo_has_commessa_id" time="0.078" /><testcase classname="backend.tests.test_iteration167_perizia_rilievo.TestSopralluogoAuditTrail" name="test_create_sopralluogo_for_audit" time="0.060" /><testcase classname="backend.tests.test_iteration167_perizia_rilievo.TestSopralluogoAuditTrail" name="test_audit_log_has_sopralluogo_entity" time="0.078" /><testcase classname="backend.tests.test_iteration167_perizia_rilievo.TestCommessaModuliStructure" name="test_commessa_moduli_has_perizia_field" time="0.059" /><testcase classname="backend.tests.test_iteration167_perizia_rilievo.TestPeriziaModelFields" name="test_get_perizia_has_new_fields" time="0.072" /><testcase classname="backend.tests.test_iteration167_perizia_rilievo.TestCleanup" name="test_cleanup_perizia" time="0.061" /><testcase classname="backend.tests.test_iteration167_perizia_rilievo.TestCleanup" name="test_cleanup_rilievi" time="0.134" /></testsuite></testsuites>