<?xml version="1.0" encoding="utf-8"?><testsuites name="pytest tests"><testsuite name="pytest" errors="0" failures="0" skipped="0" tests="14" time="3.337" timestamp="2026-03-20T19:47:55.258438+00:00" hostname="agent-env-13d2f262-f93a-42d9-a220-542dceb1e32c"><testcase classname="backend.tests.test_iteration183_montaggio_fase4.TestTorqueTable" name="test_get_torque_table_full" time="0.277" /><testcase classname="backend.tests.test_iteration183_montaggio_fase4.TestTorqueTable" name="test_get_torque_m16_10_9" time="0.137" /><testcase classname="backend.tests.test_iteration183_montaggio_fase4.TestTorqueTable" name="test_get_torque_m12_8_8" time="0.138" /><testcase classname="backend.tests.test_iteration183_montaggio_fase4.TestTorqueTable" name="test_get_torque_invalid_returns_404" time="0.132" /><testcase classname="backend.tests.test_iteration183_montaggio_fase4.TestDDTBoltTraceability" name="test_save_ddt_with_torque_enrichment" time="0.133" /><testcase classname="backend.tests.test_iteration183_montaggio_fase4.TestDDTBoltTraceability" name="test_list_ddts_for_commessa" time="0.247" /><testcase classname="backend.tests.test_iteration183_montaggio_fase4.TestAssemblyDiary" name="test_save_diario_montaggio" time="0.127" /><testcase classname="backend.tests.test_iteration183_montaggio_fase4.TestAssemblyDiary" name="test_list_diario_entries" time="0.279" /><testcase classname="backend.tests.test_iteration183_montaggio_fase4.TestAssemblyPhotos" name="test_upload_foto_giunti" time="0.152" /><testcase classname="backend.tests.test_iteration183_montaggio_fase4.TestAssemblyPhotos" name="test_upload_foto_ancoraggi" time="0.142" /><testcase classname="backend.tests.test_iteration183_montaggio_fase4.TestAssemblyPhotos" name="test_upload_foto_invalid_commessa" time="0.140" /><testcase classname="backend.tests.test_iteration183_montaggio_fase4.TestClientSignature" name="test_save_firma_cliente" time="0.403" /><testcase classname="backend.tests.test_iteration183_montaggio_fase4.TestClientSignature" name="test_save_firma_invalid_montaggio" time="0.124" /><testcase classname="backend.tests.test_iteration183_montaggio_fase4.TestEndToEndFlow" name="test_complete_assembly_workflow" time="0.807" /></testsuite></testsuites>