<?xml version="1.0" encoding="utf-8"?><testsuites name="pytest tests"><testsuite name="pytest" errors="0" failures="0" skipped="0" tests="22" time="3.475" timestamp="2026-03-21T18:05:00.314517+00:00" hostname="agent-env-36333c16-3d30-4397-ae58-5a775d8b8fa3"><testcase classname="backend.tests.test_iteration205_report_ispezioni.TestReportIspezioniGET" name="test_get_report_returns_200" time="0.244" /><testcase classname="backend.tests.test_iteration205_report_ispezioni.TestReportIspezioniGET" name="test_get_report_has_10_vt_checks" time="0.137" /><testcase classname="backend.tests.test_iteration205_report_ispezioni.TestReportIspezioniGET" name="test_get_report_has_8_dim_checks" time="0.128" /><testcase classname="backend.tests.test_iteration205_report_ispezioni.TestReportIspezioniGET" name="test_get_report_has_stats" time="0.107" /><testcase classname="backend.tests.test_iteration205_report_ispezioni.TestReportIspezioniGET" name="test_get_report_has_metadata_fields" time="0.128" /><testcase classname="backend.tests.test_iteration205_report_ispezioni.TestReportIspezioniGET" name="test_get_report_vt_check_ids" time="0.136" /><testcase classname="backend.tests.test_iteration205_report_ispezioni.TestReportIspezioniGET" name="test_get_report_dim_check_ids" time="0.156" /><testcase classname="backend.tests.test_iteration205_report_ispezioni.TestReportIspezioniPOST" name="test_save_report_returns_200" time="0.107" /><testcase classname="backend.tests.test_iteration205_report_ispezioni.TestReportIspezioniPOST" name="test_save_report_persists_data" time="0.156" /><testcase classname="backend.tests.test_iteration205_report_ispezioni.TestReportIspezioniPOST" name="test_save_report_updates_stats" time="0.176" /><testcase classname="backend.tests.test_iteration205_report_ispezioni.TestReportIspezioniApprova" name="test_approva_fails_if_not_all_checks_filled" time="0.153" /><testcase classname="backend.tests.test_iteration205_report_ispezioni.TestReportIspezioniApprova" name="test_approva_requires_firma_nome" time="0.124" /><testcase classname="backend.tests.test_iteration205_report_ispezioni.TestReportIspezioniPDF" name="test_pdf_returns_200_with_pdf_content" time="0.396" /><testcase classname="backend.tests.test_iteration205_report_ispezioni.TestReportIspezioniPDF" name="test_pdf_has_content_disposition" time="0.250" /><testcase classname="backend.tests.test_iteration205_report_ispezioni.TestControlloFinaleIntegration" name="test_controllo_finale_has_11_checks" time="0.104" /><testcase classname="backend.tests.test_iteration205_report_ispezioni.TestControlloFinaleIntegration" name="test_vt_nc_chiuse_label_updated" time="0.108" /><testcase classname="backend.tests.test_iteration205_report_ispezioni.TestControlloFinaleIntegration" name="test_vt_nc_chiuse_reads_from_report_ispezioni" time="0.202" /><testcase classname="backend.tests.test_iteration205_report_ispezioni.TestControlloFinaleIntegration" name="test_controllo_finale_areas_structure" time="0.104" /><testcase classname="backend.tests.test_iteration205_report_ispezioni.TestReportIspezioniEdgeCases" name="test_get_nonexistent_commessa_returns_404" time="0.110" /><testcase classname="backend.tests.test_iteration205_report_ispezioni.TestReportIspezioniEdgeCases" name="test_save_empty_payload_works" time="0.109" /><testcase classname="backend.tests.test_iteration205_report_ispezioni.TestVTCheckReferences" name="test_vt_checks_reference_iso_5817" time="0.119" /><testcase classname="backend.tests.test_iteration205_report_ispezioni.TestDIMCheckReferences" name="test_dim_checks_reference_en_1090" time="0.108" /></testsuite></testsuites>