<?xml version="1.0" encoding="utf-8"?><testsuites name="pytest tests"><testsuite name="pytest" errors="0" failures="0" skipped="0" tests="18" time="2.298" timestamp="2026-03-04T07:57:44.185232+00:00" hostname="agent-env-2d2fc3c5-8a40-4fce-9772-a3f29bd15ffb"><testcase classname="tests.test_iteration119_client_crud.TestClientCRUDWithPydantic" name="test_create_client_basic" time="0.322" /><testcase classname="tests.test_iteration119_client_crud.TestClientCRUDWithPydantic" name="test_create_client_with_null_values_stripped" time="0.104" /><testcase classname="tests.test_iteration119_client_crud.TestClientCRUDWithPydantic" name="test_create_fornitore" time="0.109" /><testcase classname="tests.test_iteration119_client_crud.TestClientCRUDWithPydantic" name="test_create_client_extra_fields_ignored" time="0.116" /><testcase classname="tests.test_iteration119_client_crud.TestClientCRUDWithPydantic" name="test_duplicate_piva_returns_error" time="0.146" /><testcase classname="tests.test_iteration119_client_crud.TestClientCRUDWithPydantic" name="test_piva_duplicate_different_types_409" time="0.145" /><testcase classname="tests.test_iteration119_client_crud.TestClientCRUDWithPydantic" name="test_update_client_success" time="0.159" /><testcase classname="tests.test_iteration119_client_crud.TestClientCRUDWithPydantic" name="test_update_client_piva_duplicate_check" time="0.277" /><testcase classname="tests.test_iteration119_client_crud.TestClientCRUDWithPydantic" name="test_get_clients_list" time="0.048" /><testcase classname="tests.test_iteration119_client_crud.TestClientCRUDWithPydantic" name="test_filter_clients_by_type_fornitore" time="0.048" /><testcase classname="tests.test_iteration119_client_crud.TestClientCRUDWithPydantic" name="test_delete_client_success" time="0.156" /><testcase classname="tests.test_iteration119_client_crud.TestClientCRUDWithPydantic" name="test_delete_nonexistent_client_404" time="0.047" /><testcase classname="tests.test_iteration119_client_crud.TestClientCRUDWithPydantic" name="test_missing_business_name_returns_422" time="0.054" /><testcase classname="tests.test_iteration119_client_crud.TestClientCRUDWithPydantic" name="test_contacts_with_nested_nulls" time="0.095" /><testcase classname="tests.test_iteration119_client_crud.TestProfileMatchingLogic" name="test_flat_profiles_produce_unique_keys" time="0.318" /><testcase classname="tests.test_iteration119_client_crud.TestProfileMatchingLogic" name="test_ipe_profiles" time="0.000" /><testcase classname="tests.test_iteration119_client_crud.TestProfileMatchingLogic" name="test_tube_profiles_include_all_dimensions" time="0.000" /><testcase classname="tests.test_iteration119_client_crud.TestProfileMatchingLogic" name="test_dimension_spaces_collapsed" time="0.002" /></testsuite></testsuites>