<?xml version="1.0" encoding="utf-8"?><testsuites name="pytest tests"><testsuite name="pytest" errors="0" failures="0" skipped="0" tests="17" time="6.075" timestamp="2026-03-20T15:10:40.916636+00:00" hostname="agent-env-77e55add-80fb-4276-ac73-f8086ede06a6"><testcase classname="tests.test_iteration_174_refactoring" name="test_health_endpoint" time="0.227" /><testcase classname="tests.test_iteration_174_refactoring" name="test_commesse_routes_registered" time="1.690" /><testcase classname="tests.test_iteration_174_refactoring" name="test_backward_compatibility_imports" time="0.448" /><testcase classname="tests.test_iteration_174_refactoring.TestApiRoutes" name="test_ops_route" time="0.153" /><testcase classname="tests.test_iteration_174_refactoring.TestApiRoutes" name="test_produzione_route" time="0.139" /><testcase classname="tests.test_iteration_174_refactoring.TestApiRoutes" name="test_documenti_route" time="0.124" /><testcase classname="tests.test_iteration_174_refactoring.TestApiRoutes" name="test_conto_lavoro_route" time="0.144" /><testcase classname="tests.test_iteration_174_refactoring.TestApiRoutes" name="test_approvvigionamento_richieste_route" time="0.144" /><testcase classname="tests.test_iteration_174_refactoring.TestApiRoutes" name="test_approvvigionamento_ordini_route" time="0.146" /><testcase classname="tests.test_iteration_174_refactoring.TestApiRoutes" name="test_approvvigionamento_arrivi_route" time="0.133" /><testcase classname="tests.test_iteration_174_refactoring.TestApiRoutes" name="test_consegne_route" time="0.160" /><testcase classname="tests.test_iteration_174_refactoring.TestApiRoutes" name="test_scheda_rintracciabilita_route" time="0.142" /><testcase classname="tests.test_iteration_174_refactoring.TestApiRoutes" name="test_fascicolo_tecnico_route" time="0.136" /><testcase classname="tests.test_iteration_174_refactoring.TestApiRoutes" name="test_diario_route" time="0.130" /><testcase classname="tests.test_iteration_174_refactoring.TestApiRoutes" name="test_operatori_route" time="0.124" /><testcase classname="tests.test_iteration_174_refactoring" name="test_margin_service_import" time="0.067" /><testcase classname="tests.test_iteration_174_refactoring" name="test_total_routes_count" time="1.889" /></testsuite></testsuites>