<?xml version="1.0" encoding="utf-8"?><testsuites name="pytest tests"><testsuite name="pytest" errors="0" failures="0" skipped="0" tests="15" time="1.551" timestamp="2026-03-08T17:16:34.845822+00:00" hostname="agent-env-18b0364a-472a-4943-b871-15bb5e84ed3c"><testcase classname="backend.tests.test_iteration_161_quality_steps.TestSTEP1_AtomicCounterPreventivi" name="test_create_preventivo_returns_prv_number" time="0.269" /><testcase classname="backend.tests.test_iteration_161_quality_steps.TestSTEP1_AtomicCounterPreventivi" name="test_preventivi_counter_sync_logic_in_code" time="0.000" /><testcase classname="backend.tests.test_iteration_161_quality_steps.TestSTEP2_SerializerMongoDB" name="test_serializer_module_exists" time="0.300" /><testcase classname="backend.tests.test_iteration_161_quality_steps.TestSTEP2_SerializerMongoDB" name="test_commessa_ops_uses_id0_projection" time="0.001" /><testcase classname="backend.tests.test_iteration_161_quality_steps.TestSTEP3_MongoDBIndexes" name="test_index_script_exists" time="0.000" /><testcase classname="backend.tests.test_iteration_161_quality_steps.TestSTEP3_MongoDBIndexes" name="test_indexes_have_user_id" time="0.000" /><testcase classname="backend.tests.test_iteration_161_quality_steps.TestSTEP4_Paginazione" name="test_commesse_pagination" time="0.140" /><testcase classname="backend.tests.test_iteration_161_quality_steps.TestSTEP4_Paginazione" name="test_preventivi_pagination" time="0.111" /><testcase classname="backend.tests.test_iteration_161_quality_steps.TestSTEP4_Paginazione" name="test_ddt_pagination" time="0.113" /><testcase classname="backend.tests.test_iteration_161_quality_steps.TestSTEP5_GlobalSearch" name="test_search_returns_results_array" time="0.118" /><testcase classname="backend.tests.test_iteration_161_quality_steps.TestSTEP5_GlobalSearch" name="test_search_different_entity_types" time="0.118" /><testcase classname="backend.tests.test_iteration_161_quality_steps.TestSTEP6_MorningBriefing" name="test_morning_briefing_structure" time="0.115" /><testcase classname="backend.tests.test_iteration_161_quality_steps.TestSTEP6_MorningBriefing" name="test_morning_briefing_totals" time="0.156" /><testcase classname="backend.tests.test_iteration_161_quality_steps.TestClonePreventivo" name="test_clone_endpoint_exists" time="0.000" /><testcase classname="backend.tests.test_iteration_161_quality_steps.TestFromDistintaPreventivo" name="test_from_distinta_endpoint_exists" time="0.000" /></testsuite></testsuites>