<?xml version="1.0" encoding="utf-8"?><testsuites name="pytest tests"><testsuite name="pytest" errors="0" failures="0" skipped="0" tests="17" time="6.850" timestamp="2026-03-01T15:52:00.533412+00:00" hostname="agent-env-9677558d-6912-4f31-a801-b7d72dd46745"><testcase classname="tests.test_iteration80_certificazioni.TestHealthEndpoint" name="test_health_endpoint" time="0.219" /><testcase classname="tests.test_iteration80_certificazioni.TestCompanySettingsNewFields" name="test_get_company_settings_returns_new_fields" time="0.960" /><testcase classname="tests.test_iteration80_certificazioni.TestCompanySettingsNewFields" name="test_put_company_settings_saves_classe_esecuzione" time="0.182" /><testcase classname="tests.test_iteration80_certificazioni.TestCompanySettingsNewFields" name="test_put_company_settings_saves_certificato_en13241" time="0.157" /><testcase classname="tests.test_iteration80_certificazioni.TestCompanySettingsNewFields" name="test_put_company_settings_saves_both_new_fields" time="0.111" /><testcase classname="tests.test_iteration80_certificazioni.TestCompanySettingsNewFields" name="test_get_company_settings_persists_new_fields" time="0.242" /><testcase classname="tests.test_iteration80_certificazioni.TestFascicoloTecnicoAutoFields" name="test_fascicolo_tecnico_returns_report_numero" time="1.311" /><testcase classname="tests.test_iteration80_certificazioni.TestFascicoloTecnicoAutoFields" name="test_fascicolo_tecnico_returns_report_data" time="0.471" /><testcase classname="tests.test_iteration80_certificazioni.TestFascicoloTecnicoAutoFields" name="test_fascicolo_tecnico_returns_ordine_numero" time="0.413" /><testcase classname="tests.test_iteration80_certificazioni.TestFascicoloTecnicoAutoFields" name="test_fascicolo_tecnico_returns_spessore" time="0.419" /><testcase classname="tests.test_iteration80_certificazioni.TestFascicoloTecnicoAutoFields" name="test_fascicolo_tecnico_returns_all_auto_fields" time="0.411" /><testcase classname="tests.test_iteration80_certificazioni.TestFascicoloTecnicoAutoFields" name="test_fascicolo_tecnico_returns_client_name" time="0.608" /><testcase classname="tests.test_iteration80_certificazioni.TestFascicoloTecnicoAutoFields" name="test_fascicolo_tecnico_returns_mandatario" time="0.441" /><testcase classname="tests.test_iteration80_certificazioni.TestCompanySettingsClasseEsecuzioneOptions" name="test_classe_esecuzione_valid_values[EXC1]" time="0.118" /><testcase classname="tests.test_iteration80_certificazioni.TestCompanySettingsClasseEsecuzioneOptions" name="test_classe_esecuzione_valid_values[EXC2]" time="0.117" /><testcase classname="tests.test_iteration80_certificazioni.TestCompanySettingsClasseEsecuzioneOptions" name="test_classe_esecuzione_valid_values[EXC3]" time="0.112" /><testcase classname="tests.test_iteration80_certificazioni.TestCompanySettingsClasseEsecuzioneOptions" name="test_classe_esecuzione_valid_values[EXC4]" time="0.417" /></testsuite></testsuites>