<?xml version="1.0" encoding="utf-8"?><testsuites name="pytest tests"><testsuite name="pytest" errors="0" failures="0" skipped="0" tests="16" time="2.239" timestamp="2026-03-21T09:46:17.263944+00:00" hostname="agent-env-37f6a1dc-beb7-4b9d-aee9-6534d09cddfd"><testcase classname="backend.tests.test_iteration193_analisi_ai.TestPreventivoAIFields" name="test_get_preventivo_ai" time="0.240" /><testcase classname="backend.tests.test_iteration193_analisi_ai.TestPreventivoAIFields" name="test_put_preventivo_with_peso_totale_kg" time="0.114" /><testcase classname="backend.tests.test_iteration193_analisi_ai.TestPreventivoAIFields" name="test_put_preventivo_with_ore_stimate" time="0.147" /><testcase classname="backend.tests.test_iteration193_analisi_ai.TestPreventivoAIFields" name="test_put_preventivo_with_predittivo_data" time="0.175" /><testcase classname="backend.tests.test_iteration193_analisi_ai.TestPreventivoAIFields" name="test_put_preventivo_with_all_ai_fields" time="0.101" /><testcase classname="backend.tests.test_iteration193_analisi_ai.TestPreventivoAIFields" name="test_put_preventivo_with_lines_and_totals" time="0.104" /><testcase classname="backend.tests.test_iteration193_analisi_ai.TestPreventivatoreConfronto" name="test_confronta_endpoint_exists" time="0.106" /><testcase classname="backend.tests.test_iteration193_analisi_ai.TestPreventivatoreConfronto" name="test_prezzi_storici_endpoint" time="0.106" /><testcase classname="backend.tests.test_iteration193_analisi_ai.TestPreventiviList" name="test_list_preventivi" time="0.172" /><testcase classname="backend.tests.test_iteration193_analisi_ai.TestPreventiviList" name="test_list_preventivi_has_required_fields" time="0.180" /><testcase classname="backend.tests.test_iteration193_analisi_ai.TestFPCRedirect" name="test_fpc_route_returns_html" time="0.151" /><testcase classname="backend.tests.test_iteration193_analisi_ai.TestAnalisiAIPageData" name="test_preventivo_has_lines_for_materiali_table" time="0.116" /><testcase classname="backend.tests.test_iteration193_analisi_ai.TestAnalisiAIPageData" name="test_preventivo_has_totals_for_kpi_cards" time="0.097" /><testcase classname="backend.tests.test_iteration193_analisi_ai.TestAuthRequired" name="test_get_preventivo_requires_auth" time="0.113" /><testcase classname="backend.tests.test_iteration193_analisi_ai.TestAuthRequired" name="test_put_preventivo_requires_auth" time="0.101" /><testcase classname="backend.tests.test_iteration193_analisi_ai.TestAuthRequired" name="test_list_preventivi_requires_auth" time="0.105" /></testsuite></testsuites>