<?xml version="1.0" encoding="utf-8"?><testsuites name="pytest tests"><testsuite name="pytest" errors="0" failures="0" skipped="0" tests="20" time="2.984" timestamp="2026-03-06T06:51:29.062281+00:00" hostname="agent-env-d16a011d-86ba-4ff3-a298-b340d598e753"><testcase classname="tests.test_iteration148_clone_preventivo.TestClonePreventivo" name="test_clone_returns_201" time="0.342" /><testcase classname="tests.test_iteration148_clone_preventivo.TestClonePreventivo" name="test_clone_has_new_preventivo_id" time="0.123" /><testcase classname="tests.test_iteration148_clone_preventivo.TestClonePreventivo" name="test_clone_has_new_number" time="0.112" /><testcase classname="tests.test_iteration148_clone_preventivo.TestClonePreventivo" name="test_clone_status_is_bozza" time="0.102" /><testcase classname="tests.test_iteration148_clone_preventivo.TestClonePreventivo" name="test_clone_has_today_date" time="0.105" /><testcase classname="tests.test_iteration148_clone_preventivo.TestClonePreventivo" name="test_clone_preserves_client_id" time="0.119" /><testcase classname="tests.test_iteration148_clone_preventivo.TestClonePreventivo" name="test_clone_preserves_subject" time="0.102" /><testcase classname="tests.test_iteration148_clone_preventivo.TestClonePreventivo" name="test_clone_preserves_normativa" time="0.110" /><testcase classname="tests.test_iteration148_clone_preventivo.TestClonePreventivo" name="test_clone_preserves_payment_info" time="0.106" /><testcase classname="tests.test_iteration148_clone_preventivo.TestClonePreventivo" name="test_clone_preserves_lines_count" time="0.118" /><testcase classname="tests.test_iteration148_clone_preventivo.TestClonePreventivo" name="test_clone_lines_have_new_line_ids" time="0.104" /><testcase classname="tests.test_iteration148_clone_preventivo.TestClonePreventivo" name="test_clone_lines_preserve_content" time="0.117" /><testcase classname="tests.test_iteration148_clone_preventivo.TestClonePreventivo" name="test_clone_recalculates_totals" time="0.110" /><testcase classname="tests.test_iteration148_clone_preventivo.TestClonePreventivo" name="test_clone_resets_converted_commessa_id" time="0.105" /><testcase classname="tests.test_iteration148_clone_preventivo.TestClonePreventivo" name="test_clone_resets_total_invoiced" time="0.113" /><testcase classname="tests.test_iteration148_clone_preventivo.TestClonePreventivo" name="test_clone_nonexistent_returns_404" time="0.052" /><testcase classname="tests.test_iteration148_clone_preventivo.TestClonePreventivo" name="test_clone_can_be_retrieved" time="0.169" /><testcase classname="tests.test_iteration148_clone_preventivo.TestClonePreventivo" name="test_clone_preserves_notes" time="0.167" /><testcase classname="tests.test_iteration148_clone_preventivo.TestClonePreventivoEdgeCases" name="test_clone_accepted_preventivo_becomes_bozza" time="0.377" /><testcase classname="tests.test_iteration148_clone_preventivo.TestClonePreventivoEdgeCases" name="test_clone_empty_lines_preventivo" time="0.237" /></testsuite></testsuites>