<?xml version="1.0" encoding="utf-8"?><testsuites name="pytest tests"><testsuite name="pytest" errors="0" failures="0" skipped="0" tests="12" time="5.932" timestamp="2026-03-03T16:12:28.184897+00:00" hostname="agent-env-bdb00a5c-a841-4bc4-b72e-b364f40f8cb5"><testcase classname="tests.test_iteration111_extra_days.TestExtraDaysPaymentTerms" name="test_create_payment_type_with_extra_days" time="1.015" /><testcase classname="tests.test_iteration111_extra_days.TestExtraDaysPaymentTerms" name="test_simulate_30gg_fm_plus_10" time="0.317" /><testcase classname="tests.test_iteration111_extra_days.TestExtraDaysPaymentTerms" name="test_simulate_60gg_fm_plus_15" time="0.345" /><testcase classname="tests.test_iteration111_extra_days.TestExtraDaysPaymentTerms" name="test_simulate_fine_mese_without_extra_days" time="0.263" /><testcase classname="tests.test_iteration111_extra_days.TestExtraDaysPaymentTerms" name="test_simulate_no_fine_mese" time="0.297" /><testcase classname="tests.test_iteration111_extra_days.TestExtraDaysPaymentTerms" name="test_update_payment_type_extra_days" time="0.407" /><testcase classname="tests.test_iteration111_extra_days.TestExtraDaysPaymentTerms" name="test_multiple_installments_with_extra_days" time="0.249" /><testcase classname="tests.test_iteration111_extra_days.TestExtraDaysPaymentTerms" name="test_extra_days_zero" time="0.268" /><testcase classname="tests.test_iteration111_extra_days.TestExtraDaysPaymentTerms" name="test_get_payment_type_has_extra_days_field" time="0.262" /><testcase classname="tests.test_iteration111_extra_days.TestExtraDaysPaymentTerms" name="test_list_payment_types_includes_extra_days" time="0.817" /><testcase classname="tests.test_iteration111_extra_days.TestExtraDaysEdgeCases" name="test_december_year_rollover" time="0.803" /><testcase classname="tests.test_iteration111_extra_days.TestExtraDaysEdgeCases" name="test_leap_year_february" time="0.663" /></testsuite></testsuites>