<?xml version="1.0" encoding="utf-8"?><testsuites name="pytest tests"><testsuite name="pytest" errors="0" failures="0" skipped="0" tests="18" time="8.664" timestamp="2026-03-01T15:01:31.375091+00:00" hostname="agent-env-f1cd16e8-8ae6-4c2b-a79c-bb8cab47e4d5"><testcase classname="backend.tests.test_iteration77_features.TestHealthEndpoint" name="test_health" time="0.343" /><testcase classname="backend.tests.test_iteration77_features.TestPreventivoGiorniConsegna" name="test_create_preventivo_with_giorni_consegna" time="1.088" /><testcase classname="backend.tests.test_iteration77_features.TestPreventivoGiorniConsegna" name="test_get_preventivo_returns_giorni_consegna" time="0.282" /><testcase classname="backend.tests.test_iteration77_features.TestPreventivoGiorniConsegna" name="test_update_preventivo_giorni_consegna" time="0.137" /><testcase classname="backend.tests.test_iteration77_features.TestFascicoloTecnicoAutoCompilation" name="test_get_fascicolo_returns_auto_fields" time="1.264" /><testcase classname="backend.tests.test_iteration77_features.TestFascicoloTecnicoAutoCompilation" name="test_get_fascicolo_returns_timeline" time="0.149" /><testcase classname="backend.tests.test_iteration77_features.TestFascicoloTecnicoAutoCompilation" name="test_fascicolo_auto_populated_disegno" time="0.116" /><testcase classname="backend.tests.test_iteration77_features.TestFascicoloTecnicoAutoCompilation" name="test_fascicolo_auto_populated_redatto_da" time="0.154" /><testcase classname="backend.tests.test_iteration77_features.TestFascicoloTecnicoAutoCompilation" name="test_fascicolo_returns_giorni_consegna" time="0.111" /><testcase classname="backend.tests.test_iteration77_features.TestFascicoloCompletoPDF" name="test_fascicolo_completo_all_docs" time="1.706" /><testcase classname="backend.tests.test_iteration77_features.TestFascicoloCompletoPDF" name="test_fascicolo_completo_dop_ce_only" time="0.377" /><testcase classname="backend.tests.test_iteration77_features.TestFascicoloCompletoPDF" name="test_fascicolo_completo_single_doc" time="0.380" /><testcase classname="backend.tests.test_iteration77_features.TestFascicoloCompletoPDF" name="test_fascicolo_completo_custom_selection" time="0.981" /><testcase classname="backend.tests.test_iteration77_features.TestIndividualPDFs" name="test_dop_pdf" time="0.247" /><testcase classname="backend.tests.test_iteration77_features.TestIndividualPDFs" name="test_ce_pdf" time="0.218" /><testcase classname="backend.tests.test_iteration77_features.TestIndividualPDFs" name="test_piano_controllo_pdf" time="0.413" /><testcase classname="backend.tests.test_iteration77_features.TestAuthRequirements" name="test_fascicolo_requires_auth" time="0.113" /><testcase classname="backend.tests.test_iteration77_features.TestAuthRequirements" name="test_fascicolo_completo_requires_auth" time="0.493" /></testsuite></testsuites>