<?xml version="1.0" encoding="utf-8"?><testsuites name="pytest tests"><testsuite name="pytest" errors="0" failures="0" skipped="0" tests="34" time="4.467" timestamp="2026-03-23T08:33:40.690999+00:00" hostname="agent-env-561e8527-6763-454c-adb1-4e02257403e2"><testcase classname="tests.test_iteration246_hardening.TestHealthEndpoints" name="test_root_health" time="0.146" /><testcase classname="tests.test_iteration246_hardening.TestHealthEndpoints" name="test_health_check" time="0.044" /><testcase classname="tests.test_iteration246_hardening.TestHealthEndpoints" name="test_health_indexes" time="0.047" /><testcase classname="tests.test_iteration246_hardening.TestRateLimitedEndpointsNoAuth" name="test_istruttoria_analizza_no_auth" time="0.044" /><testcase classname="tests.test_iteration246_hardening.TestRateLimitedEndpointsNoAuth" name="test_istruttoria_segmenta_no_auth" time="0.044" /><testcase classname="tests.test_iteration246_hardening.TestRateLimitedEndpointsNoAuth" name="test_istruttoria_phase2_genera_no_auth" time="0.056" /><testcase classname="tests.test_iteration246_hardening.TestRateLimitedEndpointsNoAuth" name="test_committenza_analizza_no_auth" time="0.053" /><testcase classname="tests.test_iteration246_hardening.TestRateLimitedEndpointsNoAuth" name="test_committenza_genera_obblighi_no_auth" time="0.046" /><testcase classname="tests.test_iteration246_hardening.TestRateLimitedEndpointsNoAuth" name="test_cantieri_ai_precompila_no_auth" time="0.048" /><testcase classname="tests.test_iteration246_hardening.TestRateLimitedEndpointsNoAuth" name="test_cantieri_genera_pos_no_auth" time="0.045" /><testcase classname="tests.test_iteration246_hardening.TestRateLimitedEndpointsNoAuth" name="test_smistatore_analyze_no_auth" time="0.073" /><testcase classname="tests.test_iteration246_hardening.TestRateLimitedEndpointsNoAuth" name="test_smistatore_analyze_drawing_no_auth" time="0.050" /><testcase classname="tests.test_iteration246_hardening.TestRateLimitedEndpointsNoAuth" name="test_sicurezza_dnsh_analyze_no_auth" time="0.043" /><testcase classname="tests.test_iteration246_hardening.TestRateLimitedEndpointsNoAuth" name="test_perizia_genera_lettera_no_auth" time="0.044" /><testcase classname="tests.test_iteration246_hardening.TestRateLimitedEndpointsNoAuth" name="test_engine_validate_photos_no_auth" time="0.050" /><testcase classname="tests.test_iteration246_hardening.TestRateLimitedEndpointsNoAuth" name="test_validation_run_no_auth" time="0.054" /><testcase classname="tests.test_iteration246_hardening.TestRateLimitedEndpointsNoAuth" name="test_validation_run_batch_no_auth" time="0.044" /><testcase classname="tests.test_iteration246_hardening.TestUserIdFilteredRoutesNoAuth" name="test_audits_list_no_auth" time="0.043" /><testcase classname="tests.test_iteration246_hardening.TestUserIdFilteredRoutesNoAuth" name="test_audits_get_no_auth" time="0.043" /><testcase classname="tests.test_iteration246_hardening.TestUserIdFilteredRoutesNoAuth" name="test_ncs_list_no_auth" time="0.051" /><testcase classname="tests.test_iteration246_hardening.TestUserIdFilteredRoutesNoAuth" name="test_instruments_list_no_auth" time="0.047" /><testcase classname="tests.test_iteration246_hardening.TestUserIdFilteredRoutesNoAuth" name="test_welders_list_no_auth" time="0.046" /><testcase classname="tests.test_iteration246_hardening.TestUserIdFilteredRoutesNoAuth" name="test_welders_matrice_no_auth" time="0.058" /><testcase classname="tests.test_iteration246_hardening.TestUserIdFilteredRoutesNoAuth" name="test_quality_hub_summary_no_auth" time="0.045" /><testcase classname="tests.test_iteration246_hardening.TestUserIdFilteredRoutesNoAuth" name="test_cantieri_list_no_auth" time="0.043" /><testcase classname="tests.test_iteration246_hardening.TestUserIdFilteredRoutesNoAuth" name="test_istruttoria_list_no_auth" time="0.048" /><testcase classname="tests.test_iteration246_hardening.TestUserIdFilteredRoutesNoAuth" name="test_committenza_packages_no_auth" time="0.044" /><testcase classname="tests.test_iteration246_hardening.TestBackendIdempotency" name="test_multiple_health_checks" time="1.646" /><testcase classname="tests.test_iteration246_hardening.TestBackendIdempotency" name="test_indexes_consistent" time="1.099" /><testcase classname="tests.test_iteration246_hardening.TestAdditionalRoutes" name="test_verbale_posa_no_auth" time="0.044" /><testcase classname="tests.test_iteration246_hardening.TestAdditionalRoutes" name="test_montaggio_torque_table_public" time="0.049" /><testcase classname="tests.test_iteration246_hardening.TestAdditionalRoutes" name="test_smistatore_index_no_auth" time="0.047" /><testcase classname="tests.test_iteration246_hardening.TestAdditionalRoutes" name="test_smistatore_scorte_no_auth" time="0.042" /><testcase classname="tests.test_iteration246_hardening.TestAdditionalRoutes" name="test_libreria_fasi_no_auth" time="0.045" /></testsuite></testsuites>