<?xml version="1.0" encoding="utf-8"?><testsuites name="pytest tests"><testsuite name="pytest" errors="0" failures="1" skipped="0" tests="12" time="2.251" timestamp="2026-02-28T07:26:11.714686+00:00" hostname="agent-env-e00ed759-ff94-4445-b970-b09e3319d06d"><testcase classname="backend.tests.test_iteration43_features.TestClientCreationBugFix" name="test_create_client_returns_201" time="0.313" /><testcase classname="backend.tests.test_iteration43_features.TestClientCreationBugFix" name="test_create_client_with_empty_optional_fields" time="0.193" /><testcase classname="backend.tests.test_iteration43_features.TestClientCreationBugFix" name="test_create_client_with_full_data" time="0.125"><failure message="AssertionError: Expected 201, got 400: {&quot;detail&quot;:&quot;Esiste già un cliente con questa Partita IVA&quot;}&#10;assert 400 == 201&#10; +  where 400 = &lt;Response [400]&gt;.status_code">backend/tests/test_iteration43_features.py:97: in test_create_client_with_full_data
    assert response.status_code == 201, f"Expected 201, got {response.status_code}: {response.text}"
E   AssertionError: Expected 201, got 400: {"detail":"Esiste già un cliente con questa Partita IVA"}
E   assert 400 == 201
E    +  where 400 = &lt;Response [400]&gt;.status_code</failure></testcase><testcase classname="backend.tests.test_iteration43_features.TestClientCreationBugFix" name="test_client_appears_in_list" time="0.203" /><testcase classname="backend.tests.test_iteration43_features.TestEBITDADashboard" name="test_ebitda_endpoint_returns_200" time="0.136" /><testcase classname="backend.tests.test_iteration43_features.TestEBITDADashboard" name="test_ebitda_returns_12_months" time="0.144" /><testcase classname="backend.tests.test_iteration43_features.TestEBITDADashboard" name="test_ebitda_response_structure" time="0.113" /><testcase classname="backend.tests.test_iteration43_features.TestEBITDADashboard" name="test_ebitda_current_year" time="0.110" /><testcase classname="backend.tests.test_iteration43_features.TestCompanySettings" name="test_settings_get" time="0.142" /><testcase classname="backend.tests.test_iteration43_features.TestCompanySettings" name="test_settings_logo_url_update" time="0.290" /><testcase classname="backend.tests.test_iteration43_features.TestCompanySettings" name="test_settings_condizioni_vendita_update" time="0.280" /><testcase classname="backend.tests.test_iteration43_features.TestDashboardStats" name="test_dashboard_stats_endpoint" time="0.105" /></testsuite></testsuites>