<?xml version="1.0" encoding="utf-8"?><testsuites name="pytest tests"><testsuite name="pytest" errors="0" failures="0" skipped="0" tests="17" time="2.512" timestamp="2026-03-21T17:39:29.492834+00:00" hostname="agent-env-36333c16-3d30-4397-ae58-5a775d8b8fa3"><testcase classname="backend.tests.test_iteration203_unified_material_batches.TestRintracciabilitaEndpoint" name="test_rintracciabilita_returns_batches" time="0.267" /><testcase classname="backend.tests.test_iteration203_unified_material_batches.TestRintracciabilitaEndpoint" name="test_rintracciabilita_shows_colata_from_material_batches" time="0.113" /><testcase classname="backend.tests.test_iteration203_unified_material_batches.TestRiesameEndpoint" name="test_riesame_returns_checks" time="0.111" /><testcase classname="backend.tests.test_iteration203_unified_material_batches.TestRiesameEndpoint" name="test_riesame_materiali_confermati_reads_material_batches" time="0.132" /><testcase classname="backend.tests.test_iteration203_unified_material_batches.TestRiesameEndpoint" name="test_riesame_strumenti_tarati_check" time="0.107" /><testcase classname="backend.tests.test_iteration203_unified_material_batches.TestRiesameEndpoint" name="test_riesame_attrezzature_idonee_check" time="0.151" /><testcase classname="backend.tests.test_iteration203_unified_material_batches.TestRiesameEndpoint" name="test_riesame_tolleranza_calibro_uses_soglia_accettabilita" time="0.161" /><testcase classname="backend.tests.test_iteration203_unified_material_batches.TestControlloFinaleEndpoint" name="test_controllo_finale_returns_11_checks" time="0.107" /><testcase classname="backend.tests.test_iteration203_unified_material_batches.TestControlloFinaleEndpoint" name="test_controllo_finale_comp_colate_coerenti_reads_material_batches" time="0.101" /><testcase classname="backend.tests.test_iteration203_unified_material_batches.TestControlloFinaleEndpoint" name="test_controllo_finale_dim_strumenti_tarati" time="0.116" /><testcase classname="backend.tests.test_iteration203_unified_material_batches.TestControlloFinaleEndpoint" name="test_controllo_finale_vt_saldature_registro" time="0.113" /><testcase classname="backend.tests.test_iteration203_unified_material_batches.TestRegistroSaldaturaEndpoint" name="test_saldatori_idonei_filters_by_process" time="0.102" /><testcase classname="backend.tests.test_iteration203_unified_material_batches.TestRegistroSaldaturaEndpoint" name="test_saldatori_idonei_without_process_filter" time="0.110" /><testcase classname="backend.tests.test_iteration203_unified_material_batches.TestLinkDdtEndpoint" name="test_link_ddt_endpoint_exists" time="0.125" /><testcase classname="backend.tests.test_iteration203_unified_material_batches.TestLinkDdtEndpoint" name="test_link_ddt_updates_material_batches" time="0.227" /><testcase classname="backend.tests.test_iteration203_unified_material_batches.TestDopFrazionataAutoPopulation" name="test_dop_frazionate_list" time="0.123" /><testcase classname="backend.tests.test_iteration203_unified_material_batches.TestInstrumentsWithSoglia" name="test_instruments_list_includes_soglia" time="0.247" /></testsuite></testsuites>