<?xml version="1.0" encoding="utf-8"?><testsuites name="pytest tests"><testsuite name="pytest" errors="0" failures="1" skipped="0" tests="29" time="37.361" timestamp="2026-03-26T13:14:55.005168+00:00" hostname="agent-env-709ee6fd-603a-4412-9c28-38e861e3beaf"><testcase classname="tests.test_iteration265_ddt_fatture_collegate.TestDDTAtomicCounter" name="test_counters_collection_exists" time="1.237" /><testcase classname="tests.test_iteration265_ddt_fatture_collegate.TestDDTAtomicCounter" name="test_counter_format_correct" time="0.336" /><testcase classname="tests.test_iteration265_ddt_fatture_collegate.TestDDTAtomicCounter" name="test_next_ddt_number_function_import" time="0.468" /><testcase classname="tests.test_iteration265_ddt_fatture_collegate.TestDDTNumberEditable" name="test_ddt_create_model_has_number_field" time="0.000" /><testcase classname="tests.test_iteration265_ddt_fatture_collegate.TestDDTNumberEditable" name="test_ddt_update_model_has_number_field" time="0.000" /><testcase classname="tests.test_iteration265_ddt_fatture_collegate.TestDDTNumberEditable" name="test_create_ddt_uses_custom_number" time="0.001" /><testcase classname="tests.test_iteration265_ddt_fatture_collegate.TestDDTNumberEditable" name="test_update_ddt_includes_number_in_simple_fields" time="0.001" /><testcase classname="tests.test_iteration265_ddt_fatture_collegate.TestFattureCollegateEndpoints" name="test_get_fatture_collegate_endpoint_exists" time="0.013" /><testcase classname="tests.test_iteration265_ddt_fatture_collegate.TestFattureCollegateEndpoints" name="test_post_fatture_collegate_endpoint_exists" time="0.000" /><testcase classname="tests.test_iteration265_ddt_fatture_collegate.TestFattureCollegateEndpoints" name="test_delete_fatture_collegate_endpoint_exists" time="0.000" /><testcase classname="tests.test_iteration265_ddt_fatture_collegate.TestFattureCollegateEndpoints" name="test_get_fatture_collegate_requires_auth" time="5.336"><failure message="AssertionError: Expected 401, got 502&#10;assert 502 == 401&#10; +  where 502 = &lt;Response [502]&gt;.status_code">tests/test_iteration265_ddt_fatture_collegate.py:186: in test_get_fatture_collegate_requires_auth
    assert response.status_code == 401, f"Expected 401, got {response.status_code}"
E   AssertionError: Expected 401, got 502
E   assert 502 == 401
E    +  where 502 = &lt;Response [502]&gt;.status_code</failure></testcase><testcase classname="tests.test_iteration265_ddt_fatture_collegate.TestFattureCollegateEndpoints" name="test_post_fatture_collegate_requires_auth" time="24.734" /><testcase classname="tests.test_iteration265_ddt_fatture_collegate.TestFattureCollegateEndpoints" name="test_delete_fatture_collegate_requires_auth" time="0.168" /><testcase classname="tests.test_iteration265_ddt_fatture_collegate.TestFattureCollegateEndpoints" name="test_link_fatture_function_logic" time="0.001" /><testcase classname="tests.test_iteration265_ddt_fatture_collegate.TestFattureCollegateEndpoints" name="test_unlink_fattura_function_logic" time="0.000" /><testcase classname="tests.test_iteration265_ddt_fatture_collegate.TestDDTCounterInitialization" name="test_main_py_initializes_counters" time="2.719" /><testcase classname="tests.test_iteration265_ddt_fatture_collegate.TestDDTCounterInitialization" name="test_counter_initialization_uses_max_seq" time="0.002" /><testcase classname="tests.test_iteration265_ddt_fatture_collegate.TestDDTCounterInitialization" name="test_counters_match_existing_ddts" time="0.676" /><testcase classname="tests.test_iteration265_ddt_fatture_collegate.TestDDTListAllTypes" name="test_ddt_list_no_type_filter_by_default" time="0.001" /><testcase classname="tests.test_iteration265_ddt_fatture_collegate.TestDDTListAllTypes" name="test_ddt_documents_collection_has_conto_lavoro" time="0.225" /><testcase classname="tests.test_iteration265_ddt_fatture_collegate.TestDDTListAllTypes" name="test_ddt_list_returns_401_without_auth" time="0.120" /><testcase classname="tests.test_iteration265_ddt_fatture_collegate.TestFrontendCodeReview" name="test_ddt_editor_has_number_input" time="0.000" /><testcase classname="tests.test_iteration265_ddt_fatture_collegate.TestFrontendCodeReview" name="test_commessa_hub_has_fatture_collegate_section" time="0.001" /><testcase classname="tests.test_iteration265_ddt_fatture_collegate.TestFrontendCodeReview" name="test_sdi_preview_receives_enriched_invoice" time="0.000" /><testcase classname="tests.test_iteration265_ddt_fatture_collegate.TestFrontendCodeReview" name="test_sdi_preview_dialog_uses_enriched_fields" time="0.001" /><testcase classname="tests.test_iteration265_ddt_fatture_collegate.TestExistingDDTData" name="test_existing_ddt_vendita_format" time="0.113" /><testcase classname="tests.test_iteration265_ddt_fatture_collegate.TestExistingDDTData" name="test_existing_ddt_conto_lavoro_format" time="0.112" /><testcase classname="tests.test_iteration265_ddt_fatture_collegate.TestExistingDDTData" name="test_existing_commessa_exists" time="0.559" /><testcase classname="tests.test_iteration265_ddt_fatture_collegate.TestExistingDDTData" name="test_existing_invoices_exist" time="0.336" /></testsuite></testsuites>