<?xml version="1.0" encoding="utf-8"?><testsuites name="pytest tests"><testsuite name="pytest" errors="0" failures="0" skipped="16" tests="16" time="0.354" timestamp="2026-03-01T16:53:43.586537+00:00" hostname="agent-env-9677558d-6912-4f31-a801-b7d72dd46745"><testcase classname="backend.tests.test_iteration83_tempi_produzione.TestHealthAndBasics" name="test_health_endpoint" time="0.261"><skipped type="pytest.skip" message="Authentication not available">/app/backend/tests/test_iteration83_tempi_produzione.py:88: Authentication not available</skipped></testcase><testcase classname="backend.tests.test_iteration83_tempi_produzione.TestHealthAndBasics" name="test_base_url_accessible" time="0.000"><skipped type="pytest.skip" message="Authentication not available">/app/backend/tests/test_iteration83_tempi_produzione.py:96: Authentication not available</skipped></testcase><testcase classname="backend.tests.test_iteration83_tempi_produzione.TestFaseUpdateWithNewFields" name="test_avvia_fase_with_started_at" time="0.000"><skipped type="pytest.skip" message="Authentication not available">/app/backend/tests/test_iteration83_tempi_produzione.py:106: Authentication not available</skipped></testcase><testcase classname="backend.tests.test_iteration83_tempi_produzione.TestFaseUpdateWithNewFields" name="test_completa_fase_with_all_fields" time="0.000"><skipped type="pytest.skip" message="Authentication not available">/app/backend/tests/test_iteration83_tempi_produzione.py:133: Authentication not available</skipped></testcase><testcase classname="backend.tests.test_iteration83_tempi_produzione.TestFaseUpdateWithNewFields" name="test_completa_fase_only_completed_at" time="0.000"><skipped type="pytest.skip" message="Authentication not available">/app/backend/tests/test_iteration83_tempi_produzione.py:174: Authentication not available</skipped></testcase><testcase classname="backend.tests.test_iteration83_tempi_produzione.TestFaseUpdateWithNewFields" name="test_completa_fase_only_operator_name" time="0.000"><skipped type="pytest.skip" message="Authentication not available">/app/backend/tests/test_iteration83_tempi_produzione.py:201: Authentication not available</skipped></testcase><testcase classname="backend.tests.test_iteration83_tempi_produzione.TestBackwardCompatibility" name="test_update_fase_without_new_fields" time="0.000"><skipped type="pytest.skip" message="Authentication not available">/app/backend/tests/test_iteration83_tempi_produzione.py:234: Authentication not available</skipped></testcase><testcase classname="backend.tests.test_iteration83_tempi_produzione.TestBackwardCompatibility" name="test_complete_fase_without_new_fields" time="0.000"><skipped type="pytest.skip" message="Authentication not available">/app/backend/tests/test_iteration83_tempi_produzione.py:255: Authentication not available</skipped></testcase><testcase classname="backend.tests.test_iteration83_tempi_produzione.TestBackwardCompatibility" name="test_existing_fase_data_preserved" time="0.000"><skipped type="pytest.skip" message="Authentication not available">/app/backend/tests/test_iteration83_tempi_produzione.py:275: Authentication not available</skipped></testcase><testcase classname="backend.tests.test_iteration83_tempi_produzione.TestGetOpsNullSafety" name="test_get_ops_returns_fasi_with_new_fields" time="0.000"><skipped type="pytest.skip" message="Authentication not available">/app/backend/tests/test_iteration83_tempi_produzione.py:312: Authentication not available</skipped></testcase><testcase classname="backend.tests.test_iteration83_tempi_produzione.TestGetOpsNullSafety" name="test_get_ops_null_fields_no_error" time="0.000"><skipped type="pytest.skip" message="Authentication not available">/app/backend/tests/test_iteration83_tempi_produzione.py:334: Authentication not available</skipped></testcase><testcase classname="backend.tests.test_iteration83_tempi_produzione.TestRegressionContoLavoro" name="test_create_conto_lavoro_still_works" time="0.000"><skipped type="pytest.skip" message="Authentication not available">/app/backend/tests/test_iteration83_tempi_produzione.py:359: Authentication not available</skipped></testcase><testcase classname="backend.tests.test_iteration83_tempi_produzione.TestRegressionContoLavoro" name="test_rientro_still_works" time="0.000"><skipped type="pytest.skip" message="Authentication not available">/app/backend/tests/test_iteration83_tempi_produzione.py:376: Authentication not available</skipped></testcase><testcase classname="backend.tests.test_iteration83_tempi_produzione.TestRegressionContoLavoro" name="test_verifica_still_works" time="0.000"><skipped type="pytest.skip" message="Authentication not available">/app/backend/tests/test_iteration83_tempi_produzione.py:414: Authentication not available</skipped></testcase><testcase classname="backend.tests.test_iteration83_tempi_produzione.TestUnauthorizedAccess" name="test_update_fase_requires_auth" time="0.000"><skipped type="pytest.skip" message="Authentication not available">/app/backend/tests/test_iteration83_tempi_produzione.py:442: Authentication not available</skipped></testcase><testcase classname="backend.tests.test_iteration83_tempi_produzione.TestUnauthorizedAccess" name="test_get_ops_requires_auth" time="0.000"><skipped type="pytest.skip" message="Authentication not available">/app/backend/tests/test_iteration83_tempi_produzione.py:452: Authentication not available</skipped></testcase></testsuite></testsuites>