<?xml version="1.0" encoding="utf-8"?><testsuites name="pytest tests"><testsuite name="pytest" errors="0" failures="0" skipped="0" tests="13" time="2.609" timestamp="2026-03-20T16:34:37.034138+00:00" hostname="agent-env-f036ac97-f81b-46c0-96ba-02510ba12dbc"><testcase classname="backend.tests.test_iteration177_category_commessa.TestHealthAndAuth" name="test_health_check" time="0.174" /><testcase classname="backend.tests.test_iteration177_category_commessa.TestHealthAndAuth" name="test_authenticated_access" time="0.085" /><testcase classname="backend.tests.test_iteration177_category_commessa.TestCategoryCommessaCreation" name="test_create_commessa_en_1090" time="0.140" /><testcase classname="backend.tests.test_iteration177_category_commessa.TestCategoryCommessaCreation" name="test_create_commessa_en_13241" time="0.109" /><testcase classname="backend.tests.test_iteration177_category_commessa.TestCategoryCommessaCreation" name="test_create_commessa_generica" time="0.112" /><testcase classname="backend.tests.test_iteration177_category_commessa.TestCategoryCommessaCreation" name="test_create_commessa_without_normativa" time="0.057" /><testcase classname="backend.tests.test_iteration177_category_commessa.TestCommessaHubViewByNormativa" name="test_hub_en_1090_shows_all_sections" time="0.150" /><testcase classname="backend.tests.test_iteration177_category_commessa.TestCommessaHubViewByNormativa" name="test_hub_en_13241_commessa" time="0.116" /><testcase classname="backend.tests.test_iteration177_category_commessa.TestCommessaHubViewByNormativa" name="test_hub_generica_commessa" time="0.114" /><testcase classname="backend.tests.test_iteration177_category_commessa.TestCommessaOpsEndpoint" name="test_ops_endpoint_for_all_categories" time="0.380" /><testcase classname="backend.tests.test_iteration177_category_commessa.TestBoardView" name="test_board_view_includes_all_categories" time="0.077" /><testcase classname="backend.tests.test_iteration177_category_commessa.TestCRUDWithNormativa" name="test_update_commessa_preserves_normativa" time="0.119" /><testcase classname="backend.tests.test_iteration177_category_commessa.TestCRUDWithNormativa" name="test_delete_commessa" time="0.886" /></testsuite></testsuites>