<?xml version="1.0" encoding="utf-8"?><testsuites name="pytest tests"><testsuite name="pytest" errors="0" failures="0" skipped="0" tests="12" time="1.664" timestamp="2026-03-01T09:29:25.852649+00:00" hostname="agent-env-84d05d96-6477-420c-ae83-a36d26eeecc4"><testcase classname="tests.test_iteration68_features.TestPopplerInstallation" name="test_pdftoppm_exists" time="0.007" /><testcase classname="tests.test_iteration68_features.TestPopplerInstallation" name="test_pdf2image_import" time="0.008" /><testcase classname="tests.test_iteration68_features.TestDashboardFatturatoMensile" name="test_dashboard_stats_returns_data" time="0.204" /><testcase classname="tests.test_iteration68_features.TestDashboardFatturatoMensile" name="test_dashboard_months_are_consecutive" time="0.153" /><testcase classname="tests.test_iteration68_features.TestDashboardFatturatoMensile" name="test_february_2026_data_appears" time="0.111" /><testcase classname="tests.test_iteration68_features.TestCommesseNormativaFields" name="test_create_commessa_with_normativa_fields" time="0.110" /><testcase classname="tests.test_iteration68_features.TestCommesseNormativaFields" name="test_update_commessa_normativa_fields" time="0.256" /><testcase classname="tests.test_iteration68_features.TestInvoiceStatusTransitions" name="test_bozza_to_emessa_transition" time="0.133" /><testcase classname="tests.test_iteration68_features.TestInvoiceStatusTransitions" name="test_invalid_status_transition_rejected" time="0.145" /><testcase classname="tests.test_iteration68_features.TestInvoiceStatusTransitions" name="test_emessa_to_pagata_transition" time="0.101" /><testcase classname="tests.test_iteration68_features.TestPreventiviEmailTotal" name="test_preview_email_returns_total_from_totals" time="0.100" /><testcase classname="tests.test_iteration68_features.TestCleanup" name="test_cleanup_test_commesse" time="0.171" /></testsuite></testsuites>