<?xml version="1.0" encoding="utf-8"?><testsuites name="pytest tests"><testsuite name="pytest" errors="0" failures="3" skipped="0" tests="15" time="6.560" timestamp="2026-03-01T14:40:06.249693+00:00" hostname="agent-env-f1cd16e8-8ae6-4c2b-a79c-bb8cab47e4d5"><testcase classname="tests.test_iteration76_features.TestHealthEndpoint" name="test_health" time="0.991" /><testcase classname="tests.test_iteration76_features.TestPreventivoClasseEsecuzione" name="test_create_preventivo_with_classe_esecuzione" time="0.122"><failure message="AssertionError: assert None == 'EXC3'&#10; +  where None = &lt;built-in method get of dict object at 0xf86faa22e540&gt;('classe_esecuzione')&#10; +    where &lt;built-in method get of dict object at 0xf86faa22e540&gt; = {'acconto': 0, 'banca': None, 'client_id': None, 'compliance_detail': {'all_compliant': None, 'checked_lines': 0, 'results': []}, ...}.get">tests/test_iteration76_features.py:121: in test_create_preventivo_with_classe_esecuzione
    assert data.get("classe_esecuzione") == "EXC3"
E   AssertionError: assert None == 'EXC3'
E    +  where None = &lt;built-in method get of dict object at 0xf86faa22e540&gt;('classe_esecuzione')
E    +    where &lt;built-in method get of dict object at 0xf86faa22e540&gt; = {'acconto': 0, 'banca': None, 'client_id': None, 'compliance_detail': {'all_compliant': None, 'checked_lines': 0, 'results': []}, ...}.get</failure></testcase><testcase classname="tests.test_iteration76_features.TestPreventivoClasseEsecuzione" name="test_get_preventivo_returns_classe_esecuzione" time="0.104"><failure message="AssertionError: assert None == 'EXC3'&#10; +  where None = &lt;built-in method get of dict object at 0xf86fa9ee0500&gt;('classe_esecuzione')&#10; +    where &lt;built-in method get of dict object at 0xf86fa9ee0500&gt; = {'acconto': 0, 'banca': None, 'client_id': None, 'compliance_detail': {'all_compliant': None, 'checked_lines': 0, 'results': []}, ...}.get">tests/test_iteration76_features.py:131: in test_get_preventivo_returns_classe_esecuzione
    prev_id = self.test_create_preventivo_with_classe_esecuzione(api_session)
              ^^^^^^^^^^^^^^^^^^^^^^^^^^^^^^^^^^^^^^^^^^^^^^^^^^^^^^^^^^^^^^^
tests/test_iteration76_features.py:121: in test_create_preventivo_with_classe_esecuzione
    assert data.get("classe_esecuzione") == "EXC3"
E   AssertionError: assert None == 'EXC3'
E    +  where None = &lt;built-in method get of dict object at 0xf86fa9ee0500&gt;('classe_esecuzione')
E    +    where &lt;built-in method get of dict object at 0xf86fa9ee0500&gt; = {'acconto': 0, 'banca': None, 'client_id': None, 'compliance_detail': {'all_compliant': None, 'checked_lines': 0, 'results': []}, ...}.get</failure></testcase><testcase classname="tests.test_iteration76_features.TestPreventivoClasseEsecuzione" name="test_update_preventivo_classe_esecuzione" time="0.245"><failure message="AssertionError: assert None == 'EXC4'&#10; +  where None = &lt;built-in method get of dict object at 0xf86fa9f03580&gt;('classe_esecuzione')&#10; +    where &lt;built-in method get of dict object at 0xf86fa9f03580&gt; = {'acconto': 0, 'banca': None, 'client_id': None, 'compliance_detail': {'all_compliant': None, 'checked_lines': 0, 'results': []}, ...}.get&#10; +      where {'acconto': 0, 'banca': None, 'client_id': None, 'compliance_detail': {'all_compliant': None, 'checked_lines': 0, 'results': []}, ...} = json()&#10; +        where json = &lt;Response [200]&gt;.json">tests/test_iteration76_features.py:164: in test_update_preventivo_classe_esecuzione
    assert get_resp.json().get("classe_esecuzione") == "EXC4"
E   AssertionError: assert None == 'EXC4'
E    +  where None = &lt;built-in method get of dict object at 0xf86fa9f03580&gt;('classe_esecuzione')
E    +    where &lt;built-in method get of dict object at 0xf86fa9f03580&gt; = {'acconto': 0, 'banca': None, 'client_id': None, 'compliance_detail': {'all_compliant': None, 'checked_lines': 0, 'results': []}, ...}.get
E    +      where {'acconto': 0, 'banca': None, 'client_id': None, 'compliance_detail': {'all_compliant': None, 'checked_lines': 0, 'results': []}, ...} = json()
E    +        where json = &lt;Response [200]&gt;.json</failure></testcase><testcase classname="tests.test_iteration76_features.TestMaterialBatchPatch" name="test_patch_material_batch_acciaieria" time="0.822" /><testcase classname="tests.test_iteration76_features.TestMaterialBatchPatch" name="test_patch_material_batch_multiple_fields" time="0.549" /><testcase classname="tests.test_iteration76_features.TestMaterialBatchPatch" name="test_patch_material_batch_not_found" time="0.161" /><testcase classname="tests.test_iteration76_features.TestCompanySettingsFirmaDigitale" name="test_save_firma_digitale" time="0.181" /><testcase classname="tests.test_iteration76_features.TestCompanySettingsFirmaDigitale" name="test_firma_digitale_field_in_model" time="0.159" /><testcase classname="tests.test_iteration76_features.TestFascicoloTecnicoAutoPopolation" name="test_context_includes_preventivo_fields" time="0.799" /><testcase classname="tests.test_iteration76_features.TestSchedaRintracciabilitaAciaieriaColumn" name="test_scheda_rintracciabilita_pdf_generation" time="0.815" /><testcase classname="tests.test_iteration76_features.TestPDFIncludesNewFields" name="test_dop_pdf_includes_classe_esecuzione" time="0.402" /><testcase classname="tests.test_iteration76_features.TestPDFIncludesNewFields" name="test_piano_controllo_pdf_includes_redatto_da" time="0.494" /><testcase classname="tests.test_iteration76_features.TestAuthRequired" name="test_patch_material_batch_requires_auth" time="0.131" /><testcase classname="tests.test_iteration76_features.TestAuthRequired" name="test_company_settings_requires_auth" time="0.456" /></testsuite></testsuites>