<?xml version="1.0" encoding="utf-8"?><testsuites name="pytest tests"><testsuite name="pytest" errors="0" failures="0" skipped="0" tests="26" time="11.462" timestamp="2026-03-02T10:46:48.068453+00:00" hostname="agent-env-5841f42b-f404-4e89-9ef0-f1e62b915296"><testcase classname="tests.test_iteration101_backup.TestBackupStats" name="test_stats_returns_200" time="0.223" /><testcase classname="tests.test_iteration101_backup.TestBackupStats" name="test_stats_returns_stats_dict" time="0.066" /><testcase classname="tests.test_iteration101_backup.TestBackupStats" name="test_stats_returns_total_count" time="0.063" /><testcase classname="tests.test_iteration101_backup.TestBackupStats" name="test_stats_contains_expected_collections" time="0.073" /><testcase classname="tests.test_iteration101_backup.TestLastBackup" name="test_last_returns_200" time="0.052" /><testcase classname="tests.test_iteration101_backup.TestLastBackup" name="test_last_returns_last_backup_key" time="0.052" /><testcase classname="tests.test_iteration101_backup.TestLastBackup" name="test_last_backup_can_be_null_initially" time="0.058" /><testcase classname="tests.test_iteration101_backup.TestExportBackup" name="test_export_returns_200" time="1.054" /><testcase classname="tests.test_iteration101_backup.TestExportBackup" name="test_export_returns_json_content_type" time="0.953" /><testcase classname="tests.test_iteration101_backup.TestExportBackup" name="test_export_has_content_disposition" time="0.982" /><testcase classname="tests.test_iteration101_backup.TestExportBackup" name="test_export_filename_format" time="0.949" /><testcase classname="tests.test_iteration101_backup.TestExportBackup" name="test_export_json_structure_has_metadata" time="0.971" /><testcase classname="tests.test_iteration101_backup.TestExportBackup" name="test_export_json_structure_has_data" time="0.938" /><testcase classname="tests.test_iteration101_backup.TestExportBackup" name="test_export_json_structure_has_stats" time="1.076" /><testcase classname="tests.test_iteration101_backup.TestExportBackup" name="test_export_metadata_version_is_2_0" time="1.096" /><testcase classname="tests.test_iteration101_backup.TestExportBackup" name="test_export_metadata_user_id_matches" time="1.065" /><testcase classname="tests.test_iteration101_backup.TestRestoreBackup" name="test_restore_invalid_json_returns_400" time="0.051" /><testcase classname="tests.test_iteration101_backup.TestRestoreBackup" name="test_restore_missing_metadata_returns_400" time="0.049" /><testcase classname="tests.test_iteration101_backup.TestRestoreBackup" name="test_restore_empty_backup_returns_200" time="0.048" /><testcase classname="tests.test_iteration101_backup.TestRestoreBackup" name="test_restore_returns_result_message" time="0.048" /><testcase classname="tests.test_iteration101_backup.TestRestoreWithData" name="test_restore_inserts_new_client" time="0.056" /><testcase classname="tests.test_iteration101_backup.TestRestoreWithData" name="test_restore_skips_duplicate_client" time="0.095" /><testcase classname="tests.test_iteration101_backup.TestBackupLog" name="test_last_backup_updated_after_export" time="0.954" /><testcase classname="tests.test_iteration101_backup.TestUnauthenticated" name="test_stats_requires_auth" time="0.160" /><testcase classname="tests.test_iteration101_backup.TestUnauthenticated" name="test_export_requires_auth" time="0.139" /><testcase classname="tests.test_iteration101_backup.TestUnauthenticated" name="test_restore_requires_auth" time="0.108" /></testsuite></testsuites>