<?xml version="1.0" encoding="utf-8"?><testsuites name="pytest tests"><testsuite name="pytest" errors="0" failures="0" skipped="0" tests="19" time="3.282" timestamp="2026-03-05T10:20:29.819290+00:00" hostname="agent-env-94e72f25-5d0b-4910-9023-c4b96de8724b"><testcase classname="backend.tests.test_iteration135_renumber_nota_credito.TestRenumberInvoice" name="test_renumber_bozza_invoice" time="0.577" /><testcase classname="backend.tests.test_iteration135_renumber_nota_credito.TestRenumberInvoice" name="test_renumber_emessa_invoice" time="0.133" /><testcase classname="backend.tests.test_iteration135_renumber_nota_credito.TestRenumberInvoice" name="test_renumber_inviata_sdi_invoice" time="0.101" /><testcase classname="backend.tests.test_iteration135_renumber_nota_credito.TestRenumberInvoice" name="test_renumber_pagata_invoice" time="0.117" /><testcase classname="backend.tests.test_iteration135_renumber_nota_credito.TestRenumberInvoice" name="test_renumber_empty_number_returns_400" time="0.108" /><testcase classname="backend.tests.test_iteration135_renumber_nota_credito.TestRenumberInvoice" name="test_renumber_whitespace_only_returns_400" time="0.108" /><testcase classname="backend.tests.test_iteration135_renumber_nota_credito.TestRenumberInvoice" name="test_renumber_nonexistent_invoice_returns_404" time="0.102" /><testcase classname="backend.tests.test_iteration135_renumber_nota_credito.TestRenumberInvoice" name="test_renumber_returns_updated_invoice" time="0.108" /><testcase classname="backend.tests.test_iteration135_renumber_nota_credito.TestCreateNotaCredito" name="test_create_nc_from_ft_invoice" time="0.130" /><testcase classname="backend.tests.test_iteration135_renumber_nota_credito.TestCreateNotaCredito" name="test_nc_has_correct_document_type" time="0.159" /><testcase classname="backend.tests.test_iteration135_renumber_nota_credito.TestCreateNotaCredito" name="test_nc_has_bozza_status" time="0.178" /><testcase classname="backend.tests.test_iteration135_renumber_nota_credito.TestCreateNotaCredito" name="test_nc_references_original_invoice" time="0.146" /><testcase classname="backend.tests.test_iteration135_renumber_nota_credito.TestCreateNotaCredito" name="test_nc_copies_lines_from_original" time="0.207" /><testcase classname="backend.tests.test_iteration135_renumber_nota_credito.TestCreateNotaCredito" name="test_create_nc_from_prv_fails" time="0.100" /><testcase classname="backend.tests.test_iteration135_renumber_nota_credito.TestCreateNotaCredito" name="test_create_nc_from_ddt_fails" time="0.101" /><testcase classname="backend.tests.test_iteration135_renumber_nota_credito.TestCreateNotaCredito" name="test_create_nc_nonexistent_invoice_returns_404" time="0.098" /><testcase classname="backend.tests.test_iteration135_renumber_nota_credito.TestCreateNotaCredito" name="test_nc_has_storno_note" time="0.217" /><testcase classname="backend.tests.test_iteration135_renumber_nota_credito.TestAuthRequired" name="test_renumber_without_auth_returns_401" time="0.098" /><testcase classname="backend.tests.test_iteration135_renumber_nota_credito.TestAuthRequired" name="test_create_nc_without_auth_returns_401" time="0.418" /></testsuite></testsuites>