<?xml version="1.0" encoding="utf-8"?><testsuites name="pytest tests"><testsuite name="pytest" errors="0" failures="0" skipped="0" tests="19" time="3.356" timestamp="2026-03-03T14:23:21.831406+00:00" hostname="agent-env-01e09321-0674-4ed9-9f3d-b41d77b51d05"><testcase classname="tests.test_iteration108_new_features.TestDashboardSemaforo" name="test_semaforo_endpoint_returns_200" time="0.318" /><testcase classname="tests.test_iteration108_new_features.TestDashboardSemaforo" name="test_semaforo_response_structure" time="0.060" /><testcase classname="tests.test_iteration108_new_features.TestDashboardSemaforo" name="test_semaforo_counts_sum_to_total" time="0.062" /><testcase classname="tests.test_iteration108_new_features.TestDashboardSemaforo" name="test_semaforo_auth_required" time="0.157" /><testcase classname="tests.test_iteration108_new_features.TestDashboardStats" name="test_stats_endpoint_returns_200" time="0.071" /><testcase classname="tests.test_iteration108_new_features.TestDashboardStats" name="test_stats_response_structure" time="0.065" /><testcase classname="tests.test_iteration108_new_features.TestDashboardStats" name="test_stats_numeric_fields" time="0.065" /><testcase classname="tests.test_iteration108_new_features.TestCompanySettingsEmailFix" name="test_save_settings_with_empty_email" time="0.141" /><testcase classname="tests.test_iteration108_new_features.TestCompanySettingsEmailFix" name="test_save_settings_with_bank_accounts" time="0.128" /><testcase classname="tests.test_iteration108_new_features.TestCompanySettingsEmailFix" name="test_save_settings_with_null_email" time="0.057" /><testcase classname="tests.test_iteration108_new_features.TestPreventiviCRUD" name="test_create_preventivo_explicit_payload" time="0.101" /><testcase classname="tests.test_iteration108_new_features.TestPreventiviCRUD" name="test_get_created_preventivo" time="0.060" /><testcase classname="tests.test_iteration108_new_features.TestPreventivoPDF" name="test_pdf_endpoint_exists" time="1.369" /><testcase classname="tests.test_iteration108_new_features.TestPreventivoPDF" name="test_pdf_has_content" time="0.165" /><testcase classname="tests.test_iteration108_new_features.TestPreventivoPDF" name="test_pdf_404_for_nonexistent" time="0.056" /><testcase classname="tests.test_iteration108_new_features.TestSemaforoWithCommessa" name="test_create_commessa_for_semaforo" time="0.123" /><testcase classname="tests.test_iteration108_new_features.TestSemaforoWithCommessa" name="test_semaforo_includes_test_commessa" time="0.059" /><testcase classname="tests.test_iteration108_new_features.TestCleanup" name="test_cleanup_preventivo" time="0.054" /><testcase classname="tests.test_iteration108_new_features.TestCleanup" name="test_cleanup_commessa" time="0.056" /></testsuite></testsuites>