<?xml version="1.0" encoding="utf-8"?><testsuites name="pytest tests"><testsuite name="pytest" errors="0" failures="0" skipped="0" tests="8" time="3.267" timestamp="2026-03-21T21:20:06.032346+00:00" hostname="agent-env-ff6372ab-ce32-450a-856d-3e83937ae00d"><testcase classname="backend.tests.test_iteration213_executive_pdf.TestCAMAlertEndpoint" name="test_cam_alert_returns_correct_structure" time="0.278" /><testcase classname="backend.tests.test_iteration213_executive_pdf.TestCAMAlertEndpoint" name="test_cam_alert_danger_level_for_non_compliant" time="0.110" /><testcase classname="backend.tests.test_iteration213_executive_pdf.TestDOPAutomatica" name="test_dop_automatica_includes_enriched_data" time="0.105" /><testcase classname="backend.tests.test_iteration213_executive_pdf.TestPDFGeneration" name="test_dop_pdf_generation_multipage" time="0.983" /><testcase classname="backend.tests.test_iteration213_executive_pdf.TestPDFGeneration" name="test_ce_label_pdf_generation" time="0.203" /><testcase classname="backend.tests.test_iteration213_executive_pdf.TestPDFGeneration" name="test_cam_declaration_pdf_with_pnrr" time="0.691" /><testcase classname="backend.tests.test_iteration213_executive_pdf.TestPDFGeneration" name="test_rintracciabilita_totale_pdf_landscape" time="0.694" /><testcase classname="backend.tests.test_iteration213_executive_pdf.TestDOPFrazionataList" name="test_list_dop_frazionate" time="0.114" /></testsuite></testsuites>