<?xml version="1.0" encoding="utf-8"?><testsuites name="pytest tests"><testsuite name="pytest" errors="0" failures="0" skipped="0" tests="27" time="4.818" timestamp="2026-03-05T14:50:52.035123+00:00" hostname="agent-env-fab91a67-c1a5-4c45-881f-e680da647f51"><testcase classname="tests.test_iteration138_sopralluogo_module.TestSopralluoghiCRUD" name="test_create_sopralluogo" time="0.206" /><testcase classname="tests.test_iteration138_sopralluogo_module.TestSopralluoghiCRUD" name="test_list_sopralluoghi" time="0.114" /><testcase classname="tests.test_iteration138_sopralluogo_module.TestSopralluoghiCRUD" name="test_list_sopralluoghi_with_search" time="0.208" /><testcase classname="tests.test_iteration138_sopralluogo_module.TestSopralluoghiCRUD" name="test_list_sopralluoghi_with_status_filter" time="0.060" /><testcase classname="tests.test_iteration138_sopralluogo_module.TestSopralluoghiCRUD" name="test_get_sopralluogo_by_id" time="0.059" /><testcase classname="tests.test_iteration138_sopralluogo_module.TestSopralluoghiCRUD" name="test_get_sopralluogo_not_found" time="0.057" /><testcase classname="tests.test_iteration138_sopralluogo_module.TestSopralluoghiCRUD" name="test_update_sopralluogo" time="0.057" /><testcase classname="tests.test_iteration138_sopralluogo_module.TestSopralluoghiCRUD" name="test_delete_sopralluogo" time="0.169" /><testcase classname="tests.test_iteration138_sopralluogo_module.TestPhotoUploadAndDownload" name="test_upload_photo_jpeg" time="0.387" /><testcase classname="tests.test_iteration138_sopralluogo_module.TestPhotoUploadAndDownload" name="test_upload_photo_png" time="0.320" /><testcase classname="tests.test_iteration138_sopralluogo_module.TestPhotoUploadAndDownload" name="test_upload_photo_invalid_format" time="0.110" /><testcase classname="tests.test_iteration138_sopralluogo_module.TestPhotoUploadAndDownload" name="test_upload_photo_to_nonexistent_sopralluogo" time="0.135" /><testcase classname="tests.test_iteration138_sopralluogo_module.TestPhotoUploadAndDownload" name="test_delete_photo" time="0.436" /><testcase classname="tests.test_iteration138_sopralluogo_module.TestPhotoUploadAndDownload" name="test_delete_photo_not_found" time="0.053" /><testcase classname="tests.test_iteration138_sopralluogo_module.TestPhotoUploadAndDownload" name="test_download_photo" time="0.418" /><testcase classname="tests.test_iteration138_sopralluogo_module.TestArticoliCatalogo" name="test_list_articoli_auto_seed" time="0.054" /><testcase classname="tests.test_iteration138_sopralluogo_module.TestArticoliCatalogo" name="test_articoli_have_required_fields" time="0.054" /><testcase classname="tests.test_iteration138_sopralluogo_module.TestArticoliCatalogo" name="test_create_articolo" time="0.111" /><testcase classname="tests.test_iteration138_sopralluogo_module.TestArticoliCatalogo" name="test_update_articolo" time="0.161" /><testcase classname="tests.test_iteration138_sopralluogo_module.TestArticoliCatalogo" name="test_delete_articolo" time="0.106" /><testcase classname="tests.test_iteration138_sopralluogo_module.TestArticoliCatalogo" name="test_delete_articolo_not_found" time="0.054" /><testcase classname="tests.test_iteration138_sopralluogo_module.TestArticoliCatalogo" name="test_update_articolo_not_found" time="0.056" /><testcase classname="tests.test_iteration138_sopralluogo_module.TestAIAnalysis" name="test_analizza_requires_photos" time="0.182" /><testcase classname="tests.test_iteration138_sopralluogo_module.TestAIAnalysis" name="test_analizza_not_found" time="0.056" /><testcase classname="tests.test_iteration138_sopralluogo_module.TestGeneraPreventivo" name="test_genera_preventivo_requires_analysis" time="0.189" /><testcase classname="tests.test_iteration138_sopralluogo_module.TestGeneraPreventivo" name="test_genera_preventivo_not_found" time="0.050" /><testcase classname="tests.test_iteration138_sopralluogo_module.TestEndToEndWorkflow" name="test_full_workflow_up_to_analysis_validation" time="0.842" /></testsuite></testsuites>