<?xml version="1.0" encoding="utf-8"?><testsuites name="pytest tests"><testsuite name="pytest" errors="0" failures="0" skipped="0" tests="15" time="12.015" timestamp="2026-03-27T07:47:42.260569+00:00" hostname="agent-env-2e2f7668-48f9-4716-9bc7-e7bb2a342412"><testcase classname="tests.test_iteration270_bearer_token_auth.TestAuthMeEndpoint" name="test_auth_me_without_token_returns_401" time="2.219" /><testcase classname="tests.test_iteration270_bearer_token_auth.TestAuthMeEndpoint" name="test_auth_me_with_invalid_token_returns_401" time="0.871" /><testcase classname="tests.test_iteration270_bearer_token_auth.TestAuthMeEndpoint" name="test_auth_me_with_valid_bearer_token_returns_user" time="0.457" /><testcase classname="tests.test_iteration270_bearer_token_auth.TestAuthMeEndpoint" name="test_auth_me_bearer_token_format_variations" time="0.361" /><testcase classname="tests.test_iteration270_bearer_token_auth.TestAuthLogoutEndpoint" name="test_logout_with_bearer_token" time="0.461" /><testcase classname="tests.test_iteration270_bearer_token_auth.TestAuthLogoutEndpoint" name="test_logout_without_token_still_succeeds" time="0.129" /><testcase classname="tests.test_iteration270_bearer_token_auth.TestProtectedEndpointsWithBearerToken" name="test_commesse_endpoint_without_token_returns_401" time="0.138" /><testcase classname="tests.test_iteration270_bearer_token_auth.TestProtectedEndpointsWithBearerToken" name="test_commesse_endpoint_with_bearer_token" time="0.810" /><testcase classname="tests.test_iteration270_bearer_token_auth.TestProtectedEndpointsWithBearerToken" name="test_invoices_endpoint_without_token_returns_401" time="0.145" /><testcase classname="tests.test_iteration270_bearer_token_auth.TestProtectedEndpointsWithBearerToken" name="test_invoices_endpoint_with_bearer_token" time="4.202" /><testcase classname="tests.test_iteration270_bearer_token_auth.TestSessionTokenInResponse" name="test_auth_me_does_not_expose_session_token" time="0.461" /><testcase classname="tests.test_iteration270_bearer_token_auth.TestCookieFallback" name="test_auth_me_with_cookie" time="0.462" /><testcase classname="tests.test_iteration270_bearer_token_auth.TestCookieFallback" name="test_bearer_token_takes_precedence_over_cookie" time="0.504" /><testcase classname="tests.test_iteration270_bearer_token_auth.TestDownloadTokenEndpoint" name="test_download_token_without_auth_returns_401" time="0.117" /><testcase classname="tests.test_iteration270_bearer_token_auth.TestDownloadTokenEndpoint" name="test_download_token_with_bearer_token" time="0.593" /></testsuite></testsuites>