<?xml version="1.0" encoding="utf-8"?><testsuites name="pytest tests"><testsuite name="pytest" errors="0" failures="0" skipped="0" tests="15" time="2.171" timestamp="2026-03-05T16:46:58.788136+00:00" hostname="agent-env-ab8f3673-84fe-4ca5-adba-3bd97190a87d"><testcase classname="tests.test_iteration142_pdf_email_editable.TestPDFSection04Removed" name="test_pdf_does_not_contain_materiali_section_header" time="0.688" /><testcase classname="tests.test_iteration142_pdf_email_editable.TestPDFSection04Removed" name="test_pdf_html_does_not_contain_materiali_string" time="0.003" /><testcase classname="tests.test_iteration142_pdf_email_editable.TestPDFVariantFooterNoTempo" name="test_variant_footer_no_tempo_previsti" time="0.003" /><testcase classname="tests.test_iteration142_pdf_email_editable.TestPDFVariantFooterNoTempo" name="test_variant_footer_still_has_costo_stimato" time="0.003" /><testcase classname="tests.test_iteration142_pdf_email_editable.TestPDFSectionNumbering" name="test_section_numbers" time="0.003" /><testcase classname="tests.test_iteration142_pdf_email_editable.TestGeneraPreventivoUsesPreventivoId" name="test_genera_preventivo_code_uses_preventivo_id" time="0.000" /><testcase classname="tests.test_iteration142_pdf_email_editable.TestEmailEndpointValidation" name="test_email_endpoint_exists" time="0.000" /><testcase classname="tests.test_iteration142_pdf_email_editable.TestEmailEndpointValidation" name="test_email_endpoint_checks_client_email" time="0.000" /><testcase classname="tests.test_iteration142_pdf_email_editable.TestEmailEndpointValidation" name="test_email_endpoint_checks_ai_analysis" time="0.000" /><testcase classname="tests.test_iteration142_pdf_email_editable.TestFrontendEditableVariants" name="test_frontend_variant_price_inputs" time="0.000" /><testcase classname="tests.test_iteration142_pdf_email_editable.TestFrontendEditableVariants" name="test_frontend_add_item_button" time="0.000" /><testcase classname="tests.test_iteration142_pdf_email_editable.TestFrontendEditableVariants" name="test_frontend_send_email_button" time="0.000" /><testcase classname="tests.test_iteration142_pdf_email_editable.TestFrontendEditableVariants" name="test_frontend_email_confirm_dialog" time="0.000" /><testcase classname="tests.test_iteration142_pdf_email_editable.TestFrontendEditableVariants" name="test_frontend_variant_no_tempo" time="0.000" /><testcase classname="tests.test_iteration142_pdf_email_editable.TestPDFGeneration" name="test_full_pdf_generation_with_varianti" time="0.622" /></testsuite></testsuites>