<?xml version="1.0" encoding="utf-8"?><testsuites name="pytest tests"><testsuite name="pytest" errors="0" failures="0" skipped="0" tests="12" time="4.897" timestamp="2026-03-21T20:54:07.417035+00:00" hostname="agent-env-ff6372ab-ce32-450a-856d-3e83937ae00d"><testcase classname="tests.test_iteration212_cam_compliance.TestMaterialBatchesCAMFields" name="test_create_batch_with_cam_fields" time="1.338" /><testcase classname="tests.test_iteration212_cam_compliance.TestMaterialBatchesCAMFields" name="test_update_batch_cam_fields" time="0.265" /><testcase classname="tests.test_iteration212_cam_compliance.TestRintracciabilitaEndpoint" name="test_rintracciabilita_returns_cam_fields" time="0.125" /><testcase classname="tests.test_iteration212_cam_compliance.TestCAMCalculation" name="test_calcola_cam_commessa" time="0.121" /><testcase classname="tests.test_iteration212_cam_compliance.TestDOPAutomatica" name="test_dop_automatica_creates_cam_summary" time="0.108" /><testcase classname="tests.test_iteration212_cam_compliance.TestPDFGeneration" name="test_dop_pdf_generation" time="0.959" /><testcase classname="tests.test_iteration212_cam_compliance.TestPDFGeneration" name="test_etichetta_ce_1090_pdf" time="0.189" /><testcase classname="tests.test_iteration212_cam_compliance.TestPDFGeneration" name="test_cam_dichiarazione_pdf" time="0.689" /><testcase classname="tests.test_iteration212_cam_compliance.TestPDFGeneration" name="test_rintracciabilita_totale_pdf" time="0.691" /><testcase classname="tests.test_iteration212_cam_compliance.TestExistingBatchesCAMData" name="test_list_batches_for_commessa" time="0.113" /><testcase classname="tests.test_iteration212_cam_compliance.TestAuthenticationRequired" name="test_batches_requires_auth" time="0.105" /><testcase classname="tests.test_iteration212_cam_compliance.TestAuthenticationRequired" name="test_cam_calcola_requires_auth" time="0.097" /></testsuite></testsuites>