<?xml version="1.0" encoding="utf-8"?><testsuites name="pytest tests"><testsuite name="pytest" errors="0" failures="0" skipped="0" tests="21" time="1.461" timestamp="2026-03-22T10:50:39.540204+00:00" hostname="agent-env-e32ef167-0f47-4f9f-b731-e0cf1b5da364"><testcase classname="backend.tests.test_iteration227_commesse_normative.TestCommesseNormativeAPI" name="test_01_list_rami_empty_returns_legacy_wrap" time="0.231" /><testcase classname="backend.tests.test_iteration227_commesse_normative.TestCommesseNormativeAPI" name="test_02_create_ramo_manual_success" time="0.055" /><testcase classname="backend.tests.test_iteration227_commesse_normative.TestCommesseNormativeAPI" name="test_03_create_ramo_idempotent" time="0.050" /><testcase classname="backend.tests.test_iteration227_commesse_normative.TestCommesseNormativeAPI" name="test_04_create_ramo_invalid_normativa_400" time="0.051" /><testcase classname="backend.tests.test_iteration227_commesse_normative.TestCommesseNormativeAPI" name="test_05_list_rami_after_creation" time="0.045" /><testcase classname="backend.tests.test_iteration227_commesse_normative.TestCommesseNormativeAPI" name="test_06_get_ramo_detail" time="0.049" /><testcase classname="backend.tests.test_iteration227_commesse_normative.TestCommesseNormativeAPI" name="test_07_create_emissione_success" time="0.046" /><testcase classname="backend.tests.test_iteration227_commesse_normative.TestCommesseNormativeAPI" name="test_08_create_second_emissione_progressive" time="0.048" /><testcase classname="backend.tests.test_iteration227_commesse_normative.TestCommesseNormativeAPI" name="test_09_get_emissione_detail" time="0.046" /><testcase classname="backend.tests.test_iteration227_commesse_normative.TestCommesseNormativeAPI" name="test_10_update_emissione_patch" time="0.052" /><testcase classname="backend.tests.test_iteration227_commesse_normative.TestCommesseNormativeAPI" name="test_11_check_evidence_gate_en1090" time="0.046" /><testcase classname="backend.tests.test_iteration227_commesse_normative.TestCommesseNormativeAPI" name="test_12_emetti_blocked_when_gate_not_ok" time="0.099" /><testcase classname="backend.tests.test_iteration227_commesse_normative.TestCommesseNormativeAPI" name="test_13_get_gerarchia_aggregated_view" time="0.052" /><testcase classname="backend.tests.test_iteration227_commesse_normative.TestCommesseNormativeAPI" name="test_14_materializza_legacy" time="0.045" /><testcase classname="backend.tests.test_iteration227_commesse_normative.TestCommesseNormativeAPI" name="test_15_unique_index_same_normativa" time="0.050" /><testcase classname="backend.tests.test_iteration227_commesse_normative.TestCommesseNormativeAPI" name="test_16_create_generica_branch" time="0.132" /><testcase classname="backend.tests.test_iteration227_commesse_normative.TestCommesseNormativeAPI" name="test_17_list_emissioni_for_ramo" time="0.053" /><testcase classname="backend.tests.test_iteration227_commesse_normative.TestCommesseNormativeEdgeCases" name="test_get_ramo_not_found" time="0.044" /><testcase classname="backend.tests.test_iteration227_commesse_normative.TestCommesseNormativeEdgeCases" name="test_get_emissione_not_found" time="0.048" /><testcase classname="backend.tests.test_iteration227_commesse_normative.TestCommesseNormativeEdgeCases" name="test_create_emissione_invalid_ramo" time="0.046" /><testcase classname="backend.tests.test_iteration227_commesse_normative.TestCommesseNormativeEdgeCases" name="test_gerarchia_not_found" time="0.046" /></testsuite></testsuites>