<?xml version="1.0" encoding="utf-8"?><testsuites name="pytest tests"><testsuite name="pytest" errors="0" failures="0" skipped="0" tests="16" time="2.636" timestamp="2026-03-19T12:50:37.018989+00:00" hostname="agent-env-000f3732-3b38-4ecc-9afe-54de0cc9d269"><testcase classname="tests.test_iteration170_pdf_visual_validation.TestReportLabColorPalette" name="test_invoice_pdf_colors_are_grey_not_dark" time="0.388" /><testcase classname="tests.test_iteration170_pdf_visual_validation.TestReportLabColorPalette" name="test_invoice_pdf_table_header_uses_grey_bg" time="0.000" /><testcase classname="tests.test_iteration170_pdf_visual_validation.TestReportLabColorPalette" name="test_totale_box_uses_grey_bg_not_navy" time="0.000" /><testcase classname="tests.test_iteration170_pdf_visual_validation.TestWeasyPrintCSSPalette" name="test_pdf_template_css_colors_are_grey" time="0.001" /><testcase classname="tests.test_iteration170_pdf_visual_validation.TestWeasyPrintCSSPalette" name="test_pdf_template_table_header_is_grey" time="0.000" /><testcase classname="tests.test_iteration170_pdf_visual_validation.TestLogoProportionalScaling" name="test_logo_bounding_box_is_120x60" time="0.010" /><testcase classname="tests.test_iteration170_pdf_visual_validation.TestLogoProportionalScaling" name="test_logo_uses_pil_for_proportional_scaling" time="0.009" /><testcase classname="tests.test_iteration170_pdf_visual_validation.TestPDFGenerationEndpoints" name="test_invoice_pdf_returns_valid_pdf" time="0.361" /><testcase classname="tests.test_iteration170_pdf_visual_validation.TestPDFGenerationEndpoints" name="test_preview_pdf_returns_valid_pdf" time="0.093" /><testcase classname="tests.test_iteration170_pdf_visual_validation.TestPDFGenerationEndpoints" name="test_preventivo_pdf_returns_valid_pdf_with_condizioni" time="0.919" /><testcase classname="tests.test_iteration170_pdf_visual_validation.TestPDFGenerationEndpoints" name="test_ddt_pdf_with_synthetic_data" time="0.203" /><testcase classname="tests.test_iteration170_pdf_visual_validation.TestNoNavyOrBlueInPDFSource" name="test_pdf_invoice_modern_has_no_navy_hex" time="0.001" /><testcase classname="tests.test_iteration170_pdf_visual_validation.TestNoNavyOrBlueInPDFSource" name="test_pdf_template_has_no_navy_hex" time="0.001" /><testcase classname="tests.test_iteration170_pdf_visual_validation.TestNoNavyOrBlueInPDFSource" name="test_ddt_pdf_service_has_no_navy_hex" time="0.001" /><testcase classname="tests.test_iteration170_pdf_visual_validation.TestPDFContentValidation" name="test_invoice_pdf_version_check" time="0.085" /><testcase classname="tests.test_iteration170_pdf_visual_validation.TestPDFContentValidation" name="test_preventivo_pdf_version_check" time="0.407" /></testsuite></testsuites>