<?xml version="1.0" encoding="utf-8"?><testsuites name="pytest tests"><testsuite name="pytest" errors="0" failures="0" skipped="0" tests="16" time="1.567" timestamp="2026-03-22T18:26:40.330435+00:00" hostname="agent-env-e996381f-3cb7-41f0-93dc-f5a58eac7c22"><testcase classname="tests.test_iteration241_obblighi_fase2.TestPatchNewFields" name="test_patch_owner_role" time="0.277" /><testcase classname="tests.test_iteration241_obblighi_fase2.TestPatchNewFields" name="test_patch_due_date" time="0.109" /><testcase classname="tests.test_iteration241_obblighi_fase2.TestPatchNewFields" name="test_patch_sla_source" time="0.094" /><testcase classname="tests.test_iteration241_obblighi_fase2.TestPatchNewFields" name="test_patch_all_new_fields" time="0.103" /><testcase classname="tests.test_iteration241_obblighi_fase2.TestSourceFDocumentiScadenza" name="test_sync_creates_expired_doc_obligation" time="0.176" /><testcase classname="tests.test_iteration241_obblighi_fase2.TestSourceFDocumentiScadenza" name="test_sync_creates_expiring_doc_obligation" time="0.050" /><testcase classname="tests.test_iteration241_obblighi_fase2.TestSourceFDocumentiScadenza" name="test_sync_does_not_create_ok_doc_obligation" time="0.050" /><testcase classname="tests.test_iteration241_obblighi_fase2.TestSourceGPacchettiDocumentali" name="test_sync_creates_missing_doc_obligation" time="0.052" /><testcase classname="tests.test_iteration241_obblighi_fase2.TestSourceGPacchettiDocumentali" name="test_sync_creates_expired_pack_doc_obligation" time="0.052" /><testcase classname="tests.test_iteration241_obblighi_fase2.TestSourceHCommittenza" name="test_sync_creates_committenza_obligations" time="0.048" /><testcase classname="tests.test_iteration241_obblighi_fase2.TestSourceHCommittenza" name="test_committenza_owner_role_mapping" time="0.046" /><testcase classname="tests.test_iteration241_obblighi_fase2.TestDeduplicationAllSources" name="test_sync_twice_no_duplicates" time="0.103" /><testcase classname="tests.test_iteration241_obblighi_fase2.TestAutoCloseNewSources" name="test_auto_close_when_pack_item_fixed" time="0.159" /><testcase classname="tests.test_iteration241_obblighi_fase2.TestFilterByNewSources" name="test_filter_by_documenti_scadenza" time="0.050" /><testcase classname="tests.test_iteration241_obblighi_fase2.TestFilterByNewSources" name="test_filter_by_pacchetti_documentali" time="0.051" /><testcase classname="tests.test_iteration241_obblighi_fase2.TestFilterByNewSources" name="test_filter_by_committenza" time="0.049" /></testsuite></testsuites>