<?xml version="1.0" encoding="utf-8"?><testsuites name="pytest tests"><testsuite name="pytest" errors="0" failures="0" skipped="0" tests="15" time="5.721" timestamp="2026-03-02T08:00:42.703624+00:00" hostname="agent-env-5841f42b-f404-4e89-9ef0-f1e62b915296"><testcase classname="tests.test_iteration98_split_commessa.TestAnalyzePreventivo" name="test_analyze_mixed_preventivo_detects_conflict" time="0.220" /><testcase classname="tests.test_iteration98_split_commessa.TestAnalyzePreventivo" name="test_analyze_single_normativa_no_conflict" time="0.112" /><testcase classname="tests.test_iteration98_split_commessa.TestAnalyzePreventivo" name="test_analyze_gates_detects_motorization" time="0.106" /><testcase classname="tests.test_iteration98_split_commessa.TestAnalyzePreventivo" name="test_analyze_nonexistent_preventivo_404" time="0.053" /><testcase classname="tests.test_iteration98_split_commessa.TestSingleCommessaCreation" name="test_create_single_commessa_from_structures_preventivo" time="0.120" /><testcase classname="tests.test_iteration98_split_commessa.TestSingleCommessaCreation" name="test_create_commessa_from_gates_auto_creates_gate_cert" time="0.121" /><testcase classname="tests.test_iteration98_split_commessa.TestSplitCommessaCreation" name="test_split_mixed_preventivo_creates_two_commesse" time="0.262" /><testcase classname="tests.test_iteration98_split_commessa.TestSplitCommessaCreation" name="test_split_requires_at_least_2_commesse" time="0.056" /><testcase classname="tests.test_iteration98_split_commessa.TestSplitCommessaCreation" name="test_split_rejects_duplicate_indices" time="0.052" /><testcase classname="tests.test_iteration98_split_commessa.TestKeywordClassification" name="test_keyword_classification_en_1090" time="1.282" /><testcase classname="tests.test_iteration98_split_commessa.TestKeywordClassification" name="test_keyword_classification_en_13241" time="1.345" /><testcase classname="tests.test_iteration98_split_commessa.TestMotorizationDetection" name="test_motorization_keywords_detected" time="1.376" /><testcase classname="tests.test_iteration98_split_commessa.TestEdgeCases" name="test_empty_preventivo_lines" time="0.258" /><testcase classname="tests.test_iteration98_split_commessa.TestEdgeCases" name="test_nonexistent_preventivo_split" time="0.053" /><testcase classname="tests.test_iteration98_split_commessa.TestCleanup" name="test_cleanup_test_preventivi" time="0.206" /></testsuite></testsuites>