<?xml version="1.0" encoding="utf-8"?><testsuites name="pytest tests"><testsuite name="pytest" errors="0" failures="0" skipped="0" tests="16" time="12.529" timestamp="2026-03-22T06:18:53.213097+00:00" hostname="agent-env-e63b9148-b232-41f9-afd9-08c4ad687123"><testcase classname="backend.tests.test_iteration215_sprint_features.TestSafetyGateCAM" name="test_executive_dashboard_returns_cam_safety_gate" time="0.235" /><testcase classname="backend.tests.test_iteration215_sprint_features.TestSafetyGateCAM" name="test_executive_dashboard_cam_danger_level" time="0.126" /><testcase classname="backend.tests.test_iteration215_sprint_features.TestSafetyGateCAM" name="test_executive_dashboard_settori_structure" time="0.106" /><testcase classname="backend.tests.test_iteration215_sprint_features.TestPaccoRinaZIP" name="test_pacco_rina_returns_valid_zip" time="2.121" /><testcase classname="backend.tests.test_iteration215_sprint_features.TestPaccoRinaZIP" name="test_pacco_rina_zip_contains_expected_files" time="1.993" /><testcase classname="backend.tests.test_iteration215_sprint_features.TestPaccoRinaZIP" name="test_pacco_rina_zip_file_count" time="2.106" /><testcase classname="backend.tests.test_iteration215_sprint_features.TestPaccoRinaZIP" name="test_pacco_rina_indice_content" time="2.046" /><testcase classname="backend.tests.test_iteration215_sprint_features.TestCAMDeclarationPDF" name="test_cam_declaration_pdf_endpoint" time="0.644" /><testcase classname="backend.tests.test_iteration215_sprint_features.TestCAMDeclarationPDF" name="test_dop_pdf_has_footer_with_commessa" time="0.884" /><testcase classname="backend.tests.test_iteration215_sprint_features.TestDOPEnhancedVerdict" name="test_dop_automatica_creates_cam_summary" time="0.136" /><testcase classname="backend.tests.test_iteration215_sprint_features.TestDOPEnhancedVerdict" name="test_dop_list_endpoint" time="0.139" /><testcase classname="backend.tests.test_iteration215_sprint_features.TestDOPFooterAndPageNumbers" name="test_dop_pdf_generation" time="0.865" /><testcase classname="backend.tests.test_iteration215_sprint_features.TestPreventivatoreCAMSafetyGate" name="test_preventivatore_calcola_endpoint" time="0.138" /><testcase classname="backend.tests.test_iteration215_sprint_features.TestCommessaHubPaccoRinaButton" name="test_commessa_hub_endpoint" time="0.113" /><testcase classname="backend.tests.test_iteration215_sprint_features.TestCELabelPDF" name="test_ce_label_pdf_endpoint" time="0.173" /><testcase classname="backend.tests.test_iteration215_sprint_features.TestRintracciabilitaPDF" name="test_rintracciabilita_pdf_endpoint" time="0.598" /></testsuite></testsuites>