<?xml version="1.0" encoding="utf-8"?><testsuites name="pytest tests"><testsuite name="pytest" errors="0" failures="0" skipped="0" tests="27" time="3.700" timestamp="2026-03-02T08:13:34.447440+00:00" hostname="agent-env-5841f42b-f404-4e89-9ef0-f1e62b915296"><testcase classname="backend.tests.test_iteration99_consumables.TestConsumableDetectionLogic" name="test_filo_keywords_detection" time="0.313" /><testcase classname="backend.tests.test_iteration99_consumables.TestConsumableDetectionLogic" name="test_gas_keywords_detection" time="0.160" /><testcase classname="backend.tests.test_iteration99_consumables.TestConsumableDetectionLogic" name="test_elettrodo_keywords_detection" time="0.178" /><testcase classname="backend.tests.test_iteration99_consumables.TestNormativaTargetRules" name="test_filo_1_0mm_targets_en_1090" time="0.053" /><testcase classname="backend.tests.test_iteration99_consumables.TestNormativaTargetRules" name="test_filo_1_2mm_targets_en_1090" time="0.052" /><testcase classname="backend.tests.test_iteration99_consumables.TestNormativaTargetRules" name="test_filo_0_8mm_targets_en_13241" time="0.047" /><testcase classname="backend.tests.test_iteration99_consumables.TestNormativaTargetRules" name="test_gas_always_targets_entrambe" time="0.048" /><testcase classname="backend.tests.test_iteration99_consumables.TestNormativaTargetRules" name="test_elettrodo_targets_en_1090" time="0.047" /><testcase classname="backend.tests.test_iteration99_consumables.TestConsumableCRUD" name="test_list_consumables_empty_or_with_items" time="0.050" /><testcase classname="backend.tests.test_iteration99_consumables.TestConsumableCRUD" name="test_list_consumables_filter_by_tipo" time="0.145" /><testcase classname="backend.tests.test_iteration99_consumables.TestConsumableCRUD" name="test_list_consumables_filter_by_stato" time="0.049" /><testcase classname="backend.tests.test_iteration99_consumables.TestConsumableCRUD" name="test_create_consumable_batch_manual" time="0.049" /><testcase classname="backend.tests.test_iteration99_consumables.TestConsumableCRUD" name="test_update_consumable_batch" time="0.099" /><testcase classname="backend.tests.test_iteration99_consumables.TestConsumableCRUD" name="test_delete_consumable_batch" time="0.096" /><testcase classname="backend.tests.test_iteration99_consumables.TestCommessaAssignment" name="test_get_consumables_for_commessa" time="0.107" /><testcase classname="backend.tests.test_iteration99_consumables.TestCommessaAssignment" name="test_manual_assign_batch_to_commessa" time="0.153" /><testcase classname="backend.tests.test_iteration99_consumables.TestCommessaAssignment" name="test_unassign_batch_from_commessa" time="0.137" /><testcase classname="backend.tests.test_iteration99_consumables.TestCommessaAssignment" name="test_commessa_not_found_returns_404" time="0.046" /><testcase classname="backend.tests.test_iteration99_consumables.TestInvoiceAnalysis" name="test_analyze_invoice_for_consumables" time="0.095" /><testcase classname="backend.tests.test_iteration99_consumables.TestInvoiceAnalysis" name="test_analyze_nonexistent_fattura_returns_404" time="0.048" /><testcase classname="backend.tests.test_iteration99_consumables.TestAutoTriggerOnFatturaCreation" name="test_fattura_creation_triggers_consumable_import" time="0.107" /><testcase classname="backend.tests.test_iteration99_consumables.TestEdgeCases" name="test_batch_not_found_update_returns_404" time="0.051" /><testcase classname="backend.tests.test_iteration99_consumables.TestEdgeCases" name="test_batch_not_found_delete_returns_404" time="0.046" /><testcase classname="backend.tests.test_iteration99_consumables.TestEdgeCases" name="test_batch_not_found_assign_returns_404" time="0.046" /><testcase classname="backend.tests.test_iteration99_consumables.TestEdgeCases" name="test_empty_update_returns_400" time="0.095" /><testcase classname="backend.tests.test_iteration99_consumables.TestEdgeCases" name="test_duplicate_assignment_is_idempotent" time="0.191" /><testcase classname="backend.tests.test_iteration99_consumables.TestCleanup" name="test_cleanup_test_data" time="1.097" /></testsuite></testsuites>