<?xml version="1.0" encoding="utf-8"?><testsuites name="pytest tests"><testsuite name="pytest" errors="0" failures="0" skipped="0" tests="14" time="6.588" timestamp="2026-03-05T15:56:45.251520+00:00" hostname="agent-env-ab8f3673-84fe-4ca5-adba-3bd97190a87d"><testcase classname="tests.test_iteration140_quick_client_pdf_features.TestPdfSmartPricing" name="test_all_zero_prices_shows_da_quotare" time="0.416" /><testcase classname="tests.test_iteration140_quick_client_pdf_features.TestPdfSmartPricing" name="test_all_positive_prices_shows_normal_total" time="0.354" /><testcase classname="tests.test_iteration140_quick_client_pdf_features.TestPdfSmartPricing" name="test_mixed_prices_zero_and_positive" time="0.404" /><testcase classname="tests.test_iteration140_quick_client_pdf_features.TestPdfPhotoGridNoPlaceholders" name="test_odd_photo_count_3_photos" time="0.317" /><testcase classname="tests.test_iteration140_quick_client_pdf_features.TestPdfPhotoGridNoPlaceholders" name="test_odd_photo_count_5_photos" time="0.308" /><testcase classname="tests.test_iteration140_quick_client_pdf_features.TestPdfPhotoGridNoPlaceholders" name="test_even_photo_count_4_photos" time="0.335" /><testcase classname="tests.test_iteration140_quick_client_pdf_features.TestPdfPhotoGridNoPlaceholders" name="test_single_photo" time="0.294" /><testcase classname="tests.test_iteration140_quick_client_pdf_features.TestPdfContentHeaderBar" name="test_pdf_generates_with_content_header" time="0.512" /><testcase classname="tests.test_iteration140_quick_client_pdf_features.TestClientApiMinimalPayload" name="test_create_client_minimal_payload_business_name_only" time="1.057" /><testcase classname="tests.test_iteration140_quick_client_pdf_features.TestClientApiMinimalPayload" name="test_create_client_business_name_and_client_type" time="0.331" /><testcase classname="tests.test_iteration140_quick_client_pdf_features.TestClientApiMinimalPayload" name="test_create_client_with_optional_fields" time="0.279" /><testcase classname="tests.test_iteration140_quick_client_pdf_features.TestClientApiMinimalPayload" name="test_create_client_fails_without_business_name" time="0.420" /><testcase classname="tests.test_iteration140_quick_client_pdf_features.TestPdfHtmlContent" name="test_da_quotare_appears_in_html_for_zero_price" time="0.350" /><testcase classname="tests.test_iteration140_quick_client_pdf_features.TestPdfHtmlContent" name="test_relazione_tecnica_header_in_code" time="0.310" /></testsuite></testsuites>