<?xml version="1.0" encoding="utf-8"?><testsuites name="pytest tests"><testsuite name="pytest" errors="0" failures="0" skipped="0" tests="24" time="5.328" timestamp="2026-03-22T12:11:35.146557+00:00" hostname="agent-env-75de164f-dfea-4ceb-87c9-1996a922f2a1"><testcase classname="backend.tests.test_iteration230_safety_branch_mvp.TestLibreriaRischi" name="test_seed_libreria_rischi_idempotent" time="1.686" /><testcase classname="backend.tests.test_iteration230_safety_branch_mvp.TestLibreriaRischi" name="test_get_libreria_rischi_all" time="0.103" /><testcase classname="backend.tests.test_iteration230_safety_branch_mvp.TestLibreriaRischi" name="test_get_libreria_rischi_filter_dpi" time="0.108" /><testcase classname="backend.tests.test_iteration230_safety_branch_mvp.TestLibreriaRischi" name="test_get_libreria_rischi_filter_fase_lavoro" time="0.096" /><testcase classname="backend.tests.test_iteration230_safety_branch_mvp.TestLibreriaRischi" name="test_get_fasi_per_normativa_en1090" time="0.109" /><testcase classname="backend.tests.test_iteration230_safety_branch_mvp.TestLibreriaRischi" name="test_get_fasi_per_normativa_en13241" time="0.109" /><testcase classname="backend.tests.test_iteration230_safety_branch_mvp.TestCantieriSicurezzaCRUD" name="test_create_cantiere_sicurezza" time="0.175" /><testcase classname="backend.tests.test_iteration230_safety_branch_mvp.TestCantieriSicurezzaCRUD" name="test_create_cantiere_with_prefill" time="0.154" /><testcase classname="backend.tests.test_iteration230_safety_branch_mvp.TestCantieriSicurezzaCRUD" name="test_list_cantieri_sicurezza" time="0.095" /><testcase classname="backend.tests.test_iteration230_safety_branch_mvp.TestCantieriSicurezzaCRUD" name="test_get_single_cantiere" time="0.106" /><testcase classname="backend.tests.test_iteration230_safety_branch_mvp.TestCantieriSicurezzaCRUD" name="test_get_nonexistent_cantiere_returns_404" time="0.099" /><testcase classname="backend.tests.test_iteration230_safety_branch_mvp.TestCantieriSicurezzaCRUD" name="test_update_cantiere_partial" time="0.225" /><testcase classname="backend.tests.test_iteration230_safety_branch_mvp.TestCantieriSicurezzaCRUD" name="test_update_nonexistent_cantiere_returns_404" time="0.104" /><testcase classname="backend.tests.test_iteration230_safety_branch_mvp.TestCantieriSicurezzaCRUD" name="test_update_empty_body_returns_400" time="0.105" /><testcase classname="backend.tests.test_iteration230_safety_branch_mvp.TestCantieriSicurezzaCRUD" name="test_delete_cantiere" time="0.213" /><testcase classname="backend.tests.test_iteration230_safety_branch_mvp.TestCantieriSicurezzaCRUD" name="test_delete_nonexistent_cantiere_returns_404" time="0.101" /><testcase classname="backend.tests.test_iteration230_safety_branch_mvp.TestGatePOS" name="test_gate_pos_status_endpoint" time="0.104" /><testcase classname="backend.tests.test_iteration230_safety_branch_mvp.TestGatePOS" name="test_gate_pos_nonexistent_cantiere_returns_404" time="0.121" /><testcase classname="backend.tests.test_iteration230_safety_branch_mvp.TestGatePOS" name="test_gate_pos_completeness_calculation" time="0.256" /><testcase classname="backend.tests.test_iteration230_safety_branch_mvp.TestGatePOS" name="test_gate_pos_missing_fields" time="0.211" /><testcase classname="backend.tests.test_iteration230_safety_branch_mvp.TestFullWorkflow" name="test_complete_cantiere_workflow" time="0.389" /><testcase classname="backend.tests.test_iteration230_safety_branch_mvp.TestDataValidation" name="test_cantiere_preserves_default_numeri_utili" time="0.149" /><testcase classname="backend.tests.test_iteration230_safety_branch_mvp.TestDataValidation" name="test_cantiere_preserves_default_dpi" time="0.151" /><testcase classname="backend.tests.test_iteration230_safety_branch_mvp.TestDataValidation" name="test_cantiere_preserves_default_macchine" time="0.163" /></testsuite></testsuites>