<?xml version="1.0" encoding="utf-8"?><testsuites name="pytest tests"><testsuite name="pytest" errors="0" failures="0" skipped="0" tests="9" time="6.808" timestamp="2026-03-04T14:55:50.164222+00:00" hostname="agent-env-4157f3cb-051f-4a54-8c90-e063a2b97057"><testcase classname="backend.tests.test_iteration125_invoice_pdf_modern.TestInvoicePDFModernDesign" name="test_invoice_pdf_returns_valid_pdf" time="0.852" /><testcase classname="backend.tests.test_iteration125_invoice_pdf_modern.TestInvoicePDFModernDesign" name="test_invoice_pdf_contains_required_elements" time="0.361" /><testcase classname="backend.tests.test_iteration125_invoice_pdf_modern.TestInvoicePDFModernDesign" name="test_invoice_pdf_content_disposition" time="0.347" /><testcase classname="backend.tests.test_iteration125_invoice_pdf_modern.TestInvoiceListEndpoint" name="test_invoices_list_returns_data" time="0.118" /><testcase classname="backend.tests.test_iteration125_invoice_pdf_modern.TestInvoiceListEndpoint" name="test_invoice_detail_returns_data" time="0.112" /><testcase classname="backend.tests.test_iteration125_invoice_pdf_modern.TestSecondInvoicePDF" name="test_find_second_invoice_and_generate_pdf" time="0.536" /><testcase classname="backend.tests.test_iteration125_invoice_pdf_modern.TestPreventiviEnrichmentRegression" name="test_preventivi_list_has_commessa_stato" time="0.210" /><testcase classname="backend.tests.test_iteration125_invoice_pdf_modern.TestDossierRegressionTest" name="test_dossier_generation_works" time="3.598" /><testcase classname="backend.tests.test_iteration125_invoice_pdf_modern.TestInvoicePDFScadenzaNearTotals" name="test_invoice_with_due_date_has_scadenza_prominent" time="0.607" /></testsuite></testsuites>