<?xml version="1.0" encoding="utf-8"?><testsuites name="pytest tests"><testsuite name="pytest" errors="0" failures="0" skipped="0" tests="19" time="3.681" timestamp="2026-03-10T07:51:32.817436+00:00" hostname="agent-env-339365a2-62c8-4778-9564-fb6fa0800f49"><testcase classname="backend.tests.test_personale_module.TestPersonaleDipendenti" name="test_list_dipendenti_requires_auth" time="0.326" /><testcase classname="backend.tests.test_personale_module.TestPersonaleDipendenti" name="test_list_dipendenti_with_auth" time="0.146" /><testcase classname="backend.tests.test_personale_module.TestPersonaleDipendenti" name="test_create_dipendente" time="0.069" /><testcase classname="backend.tests.test_personale_module.TestPersonaleDipendenti" name="test_verify_dipendente_in_list" time="0.054" /><testcase classname="backend.tests.test_personale_module.TestPersonaleDipendenti" name="test_update_dipendente" time="0.059" /><testcase classname="backend.tests.test_personale_module.TestPersonaleDipendenti" name="test_delete_dipendente_soft" time="0.170" /><testcase classname="backend.tests.test_personale_module.TestPersonalePresenze" name="test_list_presenze" time="0.102" /><testcase classname="backend.tests.test_personale_module.TestPersonalePresenze" name="test_create_presenza" time="0.065" /><testcase classname="backend.tests.test_personale_module.TestPersonalePresenze" name="test_update_presenza_via_post" time="0.054" /><testcase classname="backend.tests.test_personale_module.TestPersonalePresenze" name="test_bulk_presenze" time="0.058" /><testcase classname="backend.tests.test_personale_module.TestPersonalePresenze" name="test_filter_presenze_by_dipendente" time="0.053" /><testcase classname="backend.tests.test_personale_module.TestPersonaleDocumenti" name="test_list_documenti" time="0.118" /><testcase classname="backend.tests.test_personale_module.TestPersonaleDocumenti" name="test_filter_documenti_by_tipo" time="0.058" /><testcase classname="backend.tests.test_personale_module.TestPersonaleReport" name="test_report_mensile" time="0.058" /><testcase classname="backend.tests.test_personale_module.TestPersonaleReport" name="test_report_pdf_download" time="1.760" /><testcase classname="backend.tests.test_personale_module.TestPersonaleReport" name="test_report_impostazioni_get" time="0.055" /><testcase classname="backend.tests.test_personale_module.TestPersonaleReport" name="test_report_schedula_save" time="0.105" /><testcase classname="backend.tests.test_personale_module.TestPersonaleReport" name="test_report_schedula_validation" time="0.098" /><testcase classname="backend.tests.test_personale_module.TestCleanup" name="test_cleanup_test_dipendenti" time="0.173" /></testsuite></testsuites>