<?xml version="1.0" encoding="utf-8"?><testsuites name="pytest tests"><testsuite name="pytest" errors="0" failures="0" skipped="0" tests="13" time="46.105" timestamp="2026-03-04T14:32:46.205632+00:00" hostname="agent-env-4157f3cb-051f-4a54-8c90-e063a2b97057"><testcase classname="backend.tests.test_iteration124_pdf_data_population.TestPDFDataPopulation" name="test_dossier_endpoint_returns_pdf" time="4.359" /><testcase classname="backend.tests.test_iteration124_pdf_data_population.TestPDFDataPopulation" name="test_fascicolo_tecnico_completo_returns_pdf" time="3.609" /><testcase classname="backend.tests.test_iteration124_pdf_data_population.TestPDFDataPopulation" name="test_pdf_has_multiple_pages" time="3.701" /><testcase classname="backend.tests.test_iteration124_pdf_data_population.TestPDFDataPopulation" name="test_cam_section_shows_nd_for_zero_weight" time="6.147" /><testcase classname="backend.tests.test_iteration124_pdf_data_population.TestPDFDataPopulation" name="test_dop_contains_actual_material_s275jr" time="6.160" /><testcase classname="backend.tests.test_iteration124_pdf_data_population.TestPDFDataPopulation" name="test_ce_label_contains_material_data" time="6.092" /><testcase classname="backend.tests.test_iteration124_pdf_data_population.TestPDFDataPopulation" name="test_pdf_no_crash_with_commessa_data" time="3.841" /><testcase classname="backend.tests.test_iteration124_pdf_data_population.TestPDFDataPopulation" name="test_commessa_data_structure" time="0.136" /><testcase classname="backend.tests.test_iteration124_pdf_data_population.TestPDFDataPopulation" name="test_cam_lotti_exist_for_commessa" time="0.119" /><testcase classname="backend.tests.test_iteration124_pdf_data_population.TestPDFDataPopulation" name="test_material_batches_exist_for_commessa" time="0.251" /><testcase classname="backend.tests.test_iteration124_pdf_data_population.TestPDFDataPopulation" name="test_dossier_and_fascicolo_same_endpoint_alias" time="7.491" /><testcase classname="backend.tests.test_iteration124_pdf_data_population.TestPDFGenerationRobustness" name="test_no_server_error_on_dossier" time="3.793" /><testcase classname="backend.tests.test_iteration124_pdf_data_population.TestCascadeDeleteRegression" name="test_cascade_delete_endpoint_accessible" time="0.193" /></testsuite></testsuites>