<?xml version="1.0" encoding="utf-8"?><testsuites name="pytest tests"><testsuite name="pytest" errors="0" failures="0" skipped="0" tests="14" time="2.225" timestamp="2026-03-01T20:23:05.423828+00:00" hostname="agent-env-64f12985-2a9a-44b2-b6ff-fad1fa6b7faf"><testcase classname="tests.test_iteration94_dashboard_bugs.TestHealthCheck" name="test_backend_health" time="0.273" /><testcase classname="tests.test_iteration94_dashboard_bugs.TestComplianceEN1090Endpoint" name="test_compliance_returns_commesse_regardless_of_stato" time="0.153" /><testcase classname="tests.test_iteration94_dashboard_bugs.TestComplianceEN1090Endpoint" name="test_compliance_includes_stato_field" time="0.164" /><testcase classname="tests.test_iteration94_dashboard_bugs.TestComplianceEN1090Endpoint" name="test_compliance_pct_calculated_correctly" time="0.150" /><testcase classname="tests.test_iteration94_dashboard_bugs.TestQualityScoreEndpoint" name="test_quality_score_adaptive_categories" time="0.159" /><testcase classname="tests.test_iteration94_dashboard_bugs.TestQualityScoreEndpoint" name="test_quality_score_normalized_to_100" time="0.172" /><testcase classname="tests.test_iteration94_dashboard_bugs.TestQualityScoreEndpoint" name="test_quality_score_production_category_present" time="0.111" /><testcase classname="tests.test_iteration94_dashboard_bugs.TestQualityScoreEndpoint" name="test_quality_score_documentation_always_present" time="0.124" /><testcase classname="tests.test_iteration94_dashboard_bugs.TestQualityScoreEndpoint" name="test_quality_score_ce_category_for_en1090_user" time="0.125" /><testcase classname="tests.test_iteration94_dashboard_bugs.TestQualityScoreEndpoint" name="test_quality_score_quality_category_for_welders" time="0.163" /><testcase classname="tests.test_iteration94_dashboard_bugs.TestQualityScoreEndpoint" name="test_quality_score_activity_always_present" time="0.109" /><testcase classname="tests.test_iteration94_dashboard_bugs.TestQualityScoreEdgeCases" name="test_insights_are_relevant_only" time="0.158" /><testcase classname="tests.test_iteration94_dashboard_bugs.TestAuthRequirement" name="test_compliance_requires_auth" time="0.144" /><testcase classname="tests.test_iteration94_dashboard_bugs.TestAuthRequirement" name="test_quality_score_requires_auth" time="0.139" /></testsuite></testsuites>