<?xml version="1.0" encoding="utf-8"?><testsuites name="pytest tests"><testsuite name="pytest" errors="0" failures="0" skipped="0" tests="38" time="5.693" timestamp="2026-03-22T16:37:20.442885+00:00" hostname="agent-env-a10f365c-9a94-4a22-9ad2-1d028c49e3b3"><testcase classname="backend.tests.test_iteration235_pacchetti_documentali.TestD1TipiDocumento" name="test_get_tipi_documento_returns_26_types" time="0.246" /><testcase classname="backend.tests.test_iteration235_pacchetti_documentali.TestD1TipiDocumento" name="test_tipi_documento_structure" time="0.139" /><testcase classname="backend.tests.test_iteration235_pacchetti_documentali.TestD1TipiDocumento" name="test_tipi_documento_entity_types" time="0.118" /><testcase classname="backend.tests.test_iteration235_pacchetti_documentali.TestD1TipiDocumento" name="test_tipi_documento_privacy_levels" time="0.105" /><testcase classname="backend.tests.test_iteration235_pacchetti_documentali.TestD1TipiDocumento" name="test_tipi_documento_has_durc" time="0.127" /><testcase classname="backend.tests.test_iteration235_pacchetti_documentali.TestD1ArchivioDocumenti" name="test_list_documenti" time="0.119" /><testcase classname="backend.tests.test_iteration235_pacchetti_documentali.TestD1ArchivioDocumenti" name="test_list_documenti_with_entity_filter" time="0.103" /><testcase classname="backend.tests.test_iteration235_pacchetti_documentali.TestD1ArchivioDocumenti" name="test_get_existing_documento" time="0.102" /><testcase classname="backend.tests.test_iteration235_pacchetti_documentali.TestD1ArchivioDocumenti" name="test_get_nonexistent_documento" time="0.144" /><testcase classname="backend.tests.test_iteration235_pacchetti_documentali.TestD1ArchivioDocumenti" name="test_upload_documento_form_data" time="0.150" /><testcase classname="backend.tests.test_iteration235_pacchetti_documentali.TestD1ArchivioDocumenti" name="test_upload_documento_with_expiry_calculates_status" time="0.103" /><testcase classname="backend.tests.test_iteration235_pacchetti_documentali.TestD1ArchivioDocumenti" name="test_upload_documento_expired_status" time="0.103" /><testcase classname="backend.tests.test_iteration235_pacchetti_documentali.TestD1ArchivioDocumenti" name="test_update_documento" time="0.257" /><testcase classname="backend.tests.test_iteration235_pacchetti_documentali.TestD1ArchivioDocumenti" name="test_update_nonexistent_documento" time="0.108" /><testcase classname="backend.tests.test_iteration235_pacchetti_documentali.TestD2Templates" name="test_get_templates_returns_5" time="0.104" /><testcase classname="backend.tests.test_iteration235_pacchetti_documentali.TestD2Templates" name="test_templates_have_required_codes" time="0.119" /><testcase classname="backend.tests.test_iteration235_pacchetti_documentali.TestD2Templates" name="test_template_structure" time="0.102" /><testcase classname="backend.tests.test_iteration235_pacchetti_documentali.TestD2Templates" name="test_ingresso_cantiere_has_11_rules" time="0.105" /><testcase classname="backend.tests.test_iteration235_pacchetti_documentali.TestD2Templates" name="test_qualifica_fornitore_has_8_rules" time="0.104" /><testcase classname="backend.tests.test_iteration235_pacchetti_documentali.TestD2Pacchetti" name="test_list_pacchetti" time="0.108" /><testcase classname="backend.tests.test_iteration235_pacchetti_documentali.TestD2Pacchetti" name="test_get_existing_pacchetto" time="0.102" /><testcase classname="backend.tests.test_iteration235_pacchetti_documentali.TestD2Pacchetti" name="test_get_nonexistent_pacchetto" time="0.110" /><testcase classname="backend.tests.test_iteration235_pacchetti_documentali.TestD2Pacchetti" name="test_create_pacchetto_from_template" time="0.123" /><testcase classname="backend.tests.test_iteration235_pacchetti_documentali.TestD2Pacchetti" name="test_create_pacchetto_ingresso_cantiere" time="0.105" /><testcase classname="backend.tests.test_iteration235_pacchetti_documentali.TestD3Verifica" name="test_verifica_pacchetto" time="0.104" /><testcase classname="backend.tests.test_iteration235_pacchetti_documentali.TestD3Verifica" name="test_verifica_returns_summary_counters" time="0.120" /><testcase classname="backend.tests.test_iteration235_pacchetti_documentali.TestD3Verifica" name="test_verifica_calculates_pack_status" time="0.107" /><testcase classname="backend.tests.test_iteration235_pacchetti_documentali.TestD3Verifica" name="test_verifica_items_have_status" time="0.103" /><testcase classname="backend.tests.test_iteration235_pacchetti_documentali.TestD3Verifica" name="test_verifica_nonexistent_pacchetto" time="0.100" /><testcase classname="backend.tests.test_iteration235_pacchetti_documentali.TestD3Verifica" name="test_verifica_finds_durc_as_attached" time="0.309" /><testcase classname="backend.tests.test_iteration235_pacchetti_documentali.TestD3StatusCalculation" name="test_valid_document_status_attached" time="0.342" /><testcase classname="backend.tests.test_iteration235_pacchetti_documentali.TestD3StatusCalculation" name="test_missing_document_status_and_blocking" time="0.211" /><testcase classname="backend.tests.test_iteration235_pacchetti_documentali.TestD3StatusCalculation" name="test_expired_document_status_and_blocking" time="0.344" /><testcase classname="backend.tests.test_iteration235_pacchetti_documentali.TestD3StatusCalculation" name="test_sensibile_privacy_flagged" time="0.351" /><testcase classname="backend.tests.test_iteration235_pacchetti_documentali.TestAuthentication" name="test_documenti_tipi_requires_auth" time="0.124" /><testcase classname="backend.tests.test_iteration235_pacchetti_documentali.TestAuthentication" name="test_documenti_list_requires_auth" time="0.120" /><testcase classname="backend.tests.test_iteration235_pacchetti_documentali.TestAuthentication" name="test_pacchetti_templates_requires_auth" time="0.136" /><testcase classname="backend.tests.test_iteration235_pacchetti_documentali.TestAuthentication" name="test_pacchetti_list_requires_auth" time="0.105" /></testsuite></testsuites>