<?xml version="1.0" encoding="utf-8"?><testsuites name="pytest tests"><testsuite name="pytest" errors="0" failures="0" skipped="0" tests="26" time="5.551" timestamp="2026-03-20T19:26:50.089729+00:00" hostname="agent-env-e40528c7-ab49-4e1a-b7c2-0195420915cc"><testcase classname="backend.tests.test_iteration182_officina_features.TestSfridiModule" name="test_01_create_sfrido" time="0.253" /><testcase classname="backend.tests.test_iteration182_officina_features.TestSfridiModule" name="test_02_list_sfridi" time="0.189" /><testcase classname="backend.tests.test_iteration182_officina_features.TestSfridiModule" name="test_03_list_sfridi_by_commessa" time="0.184" /><testcase classname="backend.tests.test_iteration182_officina_features.TestSfridiModule" name="test_04_preleva_sfrido" time="0.158" /><testcase classname="backend.tests.test_iteration182_officina_features.TestSfridiModule" name="test_05_mark_sfrido_esaurito" time="0.144" /><testcase classname="backend.tests.test_iteration182_officina_features.TestSfridiModule" name="test_06_preleva_esaurito_fails" time="0.160" /><testcase classname="backend.tests.test_iteration182_officina_features.TestPatentiniModule" name="test_01_add_expired_patentino" time="0.227" /><testcase classname="backend.tests.test_iteration182_officina_features.TestPatentiniModule" name="test_02_add_valid_patentino" time="0.129" /><testcase classname="backend.tests.test_iteration182_officina_features.TestPatentiniModule" name="test_03_delete_patentino" time="0.146" /><testcase classname="backend.tests.test_iteration182_officina_features.TestBloccoPatentini" name="test_01_timer_start_en1090_with_expired_patentino" time="0.275" /><testcase classname="backend.tests.test_iteration182_officina_features.TestBloccoPatentini" name="test_02_timer_start_en13241_no_patentino_check" time="0.196" /><testcase classname="backend.tests.test_iteration182_officina_features.TestControlliVisivi" name="test_01_create_controllo_visivo_ok" time="0.137" /><testcase classname="backend.tests.test_iteration182_officina_features.TestControlliVisivi" name="test_02_create_controllo_visivo_nok_creates_nc" time="0.166" /><testcase classname="backend.tests.test_iteration182_officina_features.TestControlliVisivi" name="test_03_list_controlli_visivi" time="0.134" /><testcase classname="backend.tests.test_iteration182_officina_features.TestControlliVisivi" name="test_04_check_controlli_completi" time="0.142" /><testcase classname="backend.tests.test_iteration182_officina_features.TestRegistroNC" name="test_01_list_nc_by_commessa" time="0.180" /><testcase classname="backend.tests.test_iteration182_officina_features.TestRegistroNC" name="test_02_list_all_nc" time="0.152" /><testcase classname="backend.tests.test_iteration182_officina_features.TestRegistroNC" name="test_03_update_nc" time="0.205" /><testcase classname="backend.tests.test_iteration182_officina_features.TestRegistroNC" name="test_04_close_nc" time="1.235" /><testcase classname="backend.tests.test_iteration182_officina_features.TestPulsanteMagicoBlock" name="test_01_pacco_documenti_without_controlli" time="0.128" /><testcase classname="backend.tests.test_iteration182_officina_features.TestOfficinaChecklistNC" name="test_01_checklist_nok_creates_nc" time="0.137" /><testcase classname="backend.tests.test_iteration182_officina_features.TestAlertBadge" name="test_01_get_alerts_count" time="0.161" /><testcase classname="backend.tests.test_iteration182_officina_features.TestAlertBadge" name="test_02_list_alerts" time="0.148" /><testcase classname="backend.tests.test_iteration182_officina_features.TestAuthentication" name="test_01_sfridi_requires_auth" time="0.163" /><testcase classname="backend.tests.test_iteration182_officina_features.TestAuthentication" name="test_02_controlli_visivi_requires_auth" time="0.127" /><testcase classname="backend.tests.test_iteration182_officina_features.TestAuthentication" name="test_03_registro_nc_requires_auth" time="0.143" /></testsuite></testsuites>