<?xml version="1.0" encoding="utf-8"?><testsuites name="pytest tests"><testsuite name="pytest" errors="0" failures="0" skipped="0" tests="19" time="5.354" timestamp="2026-03-21T18:43:26.801332+00:00" hostname="agent-env-f313c6d2-dad5-447c-a1a5-adf151dfaf89"><testcase classname="backend.tests.test_iteration207_scadenziario_itt.TestScadenziarioManutenzioni" name="test_get_scadenziario_returns_unified_items" time="2.380" /><testcase classname="backend.tests.test_iteration207_scadenziario_itt.TestScadenziarioManutenzioni" name="test_scadenziario_items_have_required_fields" time="0.114" /><testcase classname="backend.tests.test_iteration207_scadenziario_itt.TestScadenziarioManutenzioni" name="test_scadenziario_contains_itt_items" time="0.119" /><testcase classname="backend.tests.test_iteration207_scadenziario_itt.TestScadenziarioManutenzioni" name="test_scadenziario_blocchi_riesame_alert" time="0.109" /><testcase classname="backend.tests.test_iteration207_scadenziario_itt.TestVerbaliITTCRUD" name="test_list_verbali_itt" time="0.109" /><testcase classname="backend.tests.test_iteration207_scadenziario_itt.TestVerbaliITTCRUD" name="test_list_verbali_filter_by_processo" time="0.147" /><testcase classname="backend.tests.test_iteration207_scadenziario_itt.TestVerbaliITTCRUD" name="test_create_verbale_itt" time="0.133" /><testcase classname="backend.tests.test_iteration207_scadenziario_itt.TestVerbaliITTCRUD" name="test_create_verbale_invalid_processo" time="0.149" /><testcase classname="backend.tests.test_iteration207_scadenziario_itt.TestVerbaliITTCRUD" name="test_delete_verbale_itt" time="0.322" /><testcase classname="backend.tests.test_iteration207_scadenziario_itt.TestVerbaliITTCRUD" name="test_delete_nonexistent_verbale" time="0.109" /><testcase classname="backend.tests.test_iteration207_scadenziario_itt.TestVerbaliITTFirma" name="test_firma_verbale_itt" time="0.344" /><testcase classname="backend.tests.test_iteration207_scadenziario_itt.TestVerbaliITTFirma" name="test_firma_without_nome_returns_400" time="0.113" /><testcase classname="backend.tests.test_iteration207_scadenziario_itt.TestVerbaliITTPDF" name="test_generate_itt_pdf" time="0.300" /><testcase classname="backend.tests.test_iteration207_scadenziario_itt.TestVerbaliITTPDF" name="test_pdf_nonexistent_itt_returns_404" time="0.123" /><testcase classname="backend.tests.test_iteration207_scadenziario_itt.TestVerbaliITTCheckValidita" name="test_check_validita_returns_process_status" time="0.102" /><testcase classname="backend.tests.test_iteration207_scadenziario_itt.TestRiesameTecnicoITTCheck" name="test_riesame_has_itt_check" time="0.126" /><testcase classname="backend.tests.test_iteration207_scadenziario_itt.TestRiesameTecnicoITTCheck" name="test_riesame_has_12_checks" time="0.104" /><testcase classname="backend.tests.test_iteration207_scadenziario_itt.TestRiesameTecnicoITTCheck" name="test_riesame_itt_check_shows_missing_processes" time="0.099" /><testcase classname="backend.tests.test_iteration207_scadenziario_itt.TestCleanup" name="test_cleanup_test_verbali" time="0.222" /></testsuite></testsuites>