<?xml version="1.0" encoding="utf-8"?><testsuites name="pytest tests"><testsuite name="pytest" errors="0" failures="0" skipped="17" tests="17" time="0.365" timestamp="2026-03-01T10:15:12.646064+00:00" hostname="agent-env-36df9301-0ee0-4880-a928-7e8fb8443ccc"><testcase classname="backend.tests.test_iteration71_deterministic_assignment.TestDeterministicCertificateAssignment" name="test_01_health_check" time="0.266"><skipped type="pytest.skip" message="Failed to authenticate">/app/backend/tests/test_iteration71_deterministic_assignment.py:142: Failed to authenticate</skipped></testcase><testcase classname="backend.tests.test_iteration71_deterministic_assignment.TestDeterministicCertificateAssignment" name="test_02_create_commessa_without_procurement" time="0.000"><skipped type="pytest.skip" message="Failed to authenticate">/app/backend/tests/test_iteration71_deterministic_assignment.py:150: Failed to authenticate</skipped></testcase><testcase classname="backend.tests.test_iteration71_deterministic_assignment.TestDeterministicCertificateAssignment" name="test_03_create_commessa_with_procurement" time="0.000"><skipped type="pytest.skip" message="Failed to authenticate">/app/backend/tests/test_iteration71_deterministic_assignment.py:157: Failed to authenticate</skipped></testcase><testcase classname="backend.tests.test_iteration71_deterministic_assignment.TestDeterministicCertificateAssignment" name="test_04_upload_document_to_no_procurement_commessa" time="0.000"><skipped type="pytest.skip" message="Failed to authenticate">/app/backend/tests/test_iteration71_deterministic_assignment.py:164: Failed to authenticate</skipped></testcase><testcase classname="backend.tests.test_iteration71_deterministic_assignment.TestDeterministicCertificateAssignment" name="test_05_simulate_batch_creation_no_procurement" time="0.000"><skipped type="pytest.skip" message="Failed to authenticate">/app/backend/tests/test_iteration71_deterministic_assignment.py:171: Failed to authenticate</skipped></testcase><testcase classname="backend.tests.test_iteration71_deterministic_assignment.TestDeterministicCertificateAssignment" name="test_06_cam_lotti_filter_by_commessa" time="0.000"><skipped type="pytest.skip" message="Failed to authenticate">/app/backend/tests/test_iteration71_deterministic_assignment.py:201: Failed to authenticate</skipped></testcase><testcase classname="backend.tests.test_iteration71_deterministic_assignment.TestDeterministicCertificateAssignment" name="test_07_fpc_batches_filter_by_commessa" time="0.001"><skipped type="pytest.skip" message="Failed to authenticate">/app/backend/tests/test_iteration71_deterministic_assignment.py:221: Failed to authenticate</skipped></testcase><testcase classname="backend.tests.test_iteration71_deterministic_assignment.TestDeterministicCertificateAssignment" name="test_08_create_cam_lotto_manually" time="0.000"><skipped type="pytest.skip" message="Failed to authenticate">/app/backend/tests/test_iteration71_deterministic_assignment.py:241: Failed to authenticate</skipped></testcase><testcase classname="backend.tests.test_iteration71_deterministic_assignment.TestDeterministicCertificateAssignment" name="test_09_verify_cam_lotto_assigned_to_correct_commessa" time="0.000"><skipped type="pytest.skip" message="Failed to authenticate">/app/backend/tests/test_iteration71_deterministic_assignment.py:267: Failed to authenticate</skipped></testcase><testcase classname="backend.tests.test_iteration71_deterministic_assignment.TestDeterministicCertificateAssignment" name="test_10_verify_same_cert_different_commesse_separate_lots" time="0.002"><skipped type="pytest.skip" message="Failed to authenticate">/app/backend/tests/test_iteration71_deterministic_assignment.py:285: Failed to authenticate</skipped></testcase><testcase classname="backend.tests.test_iteration71_deterministic_assignment.TestDeterministicCertificateAssignment" name="test_11_verify_both_commesse_have_their_own_lots" time="0.000"><skipped type="pytest.skip" message="Failed to authenticate">/app/backend/tests/test_iteration71_deterministic_assignment.py:310: Failed to authenticate</skipped></testcase><testcase classname="backend.tests.test_iteration71_deterministic_assignment.TestDeterministicCertificateAssignment" name="test_12_idempotency_same_cert_same_commessa" time="0.000"><skipped type="pytest.skip" message="Failed to authenticate">/app/backend/tests/test_iteration71_deterministic_assignment.py:333: Failed to authenticate</skipped></testcase><testcase classname="backend.tests.test_iteration71_deterministic_assignment.TestDeterministicCertificateAssignment" name="test_13_code_review_assignment_function" time="0.001"><skipped type="pytest.skip" message="Failed to authenticate">/app/backend/tests/test_iteration71_deterministic_assignment.py:363: Failed to authenticate</skipped></testcase><testcase classname="backend.tests.test_iteration71_deterministic_assignment.TestDeterministicCertificateAssignment" name="test_14_cleanup" time="0.000"><skipped type="pytest.skip" message="Failed to authenticate">/app/backend/tests/test_iteration71_deterministic_assignment.py:388: Failed to authenticate</skipped></testcase><testcase classname="backend.tests.test_iteration71_deterministic_assignment.TestCertificateParseIntegration" name="test_01_parse_endpoint_exists" time="0.000"><skipped type="pytest.skip" message="Failed to authenticate">/app/backend/tests/test_iteration71_deterministic_assignment.py:416: Failed to authenticate</skipped></testcase><testcase classname="backend.tests.test_iteration71_deterministic_assignment.TestCertificateParseIntegration" name="test_02_parse_endpoint_returns_expected_structure" time="0.000"><skipped type="pytest.skip" message="Failed to authenticate">/app/backend/tests/test_iteration71_deterministic_assignment.py:436: Failed to authenticate</skipped></testcase><testcase classname="backend.tests.test_iteration71_deterministic_assignment.TestCertificateParseIntegration" name="test_03_cleanup_parse_test" time="0.000"><skipped type="pytest.skip" message="Failed to authenticate">/app/backend/tests/test_iteration71_deterministic_assignment.py:472: Failed to authenticate</skipped></testcase></testsuite></testsuites>