<?xml version="1.0" encoding="utf-8"?><testsuites name="pytest tests"><testsuite name="pytest" errors="0" failures="0" skipped="0" tests="10" time="3.593" timestamp="2026-03-06T12:47:23.634849+00:00" hostname="agent-env-99651a05-cc8e-4563-84a7-54c9c77bc50d"><testcase classname="backend.tests.test_iteration152_preventivi_numbering.TestPreventiviNumberingFixes" name="test_01_list_accepts_limit_500" time="0.691" /><testcase classname="backend.tests.test_iteration152_preventivi_numbering.TestPreventiviNumberingFixes" name="test_02_list_returns_total_field" time="0.112" /><testcase classname="backend.tests.test_iteration152_preventivi_numbering.TestPreventiviNumberingFixes" name="test_03_create_generates_sequential_number" time="0.167" /><testcase classname="backend.tests.test_iteration152_preventivi_numbering.TestPreventiviNumberingFixes" name="test_04_counter_gap_prevention_create_delete_create" time="0.652" /><testcase classname="backend.tests.test_iteration152_preventivi_numbering.TestPreventiviNumberingFixes" name="test_05_delete_recalculates_counter" time="0.381" /><testcase classname="backend.tests.test_iteration152_preventivi_numbering.TestPreventiviNumberingFixes" name="test_06_clone_syncs_counter" time="0.240" /><testcase classname="backend.tests.test_iteration152_preventivi_numbering.TestPreventiviNumberingFixes" name="test_07_counter_sync_when_ahead" time="0.650" /><testcase classname="backend.tests.test_iteration152_preventivi_numbering.TestPreventiviNumberingFixes" name="test_08_total_field_accuracy" time="0.356" /><testcase classname="backend.tests.test_iteration152_preventivi_numbering.TestPreventiviNumberingFixes" name="test_09_list_high_limit_works" time="0.135" /><testcase classname="backend.tests.test_iteration152_preventivi_numbering.TestPreventiviEndpointBasics" name="test_list_endpoint_structure" time="0.121" /></testsuite></testsuites>