<?xml version="1.0" encoding="utf-8"?><testsuites name="pytest tests"><testsuite name="pytest" errors="0" failures="1" skipped="0" tests="23" time="4.619" timestamp="2026-03-02T06:44:11.666489+00:00" hostname="agent-env-64f12985-2a9a-44b2-b6ff-fad1fa6b7faf"><testcase classname="backend.tests.test_iteration96_scadenziario.TestScadenziarioDashboard" name="test_dashboard_returns_200" time="0.334" /><testcase classname="backend.tests.test_iteration96_scadenziario.TestScadenziarioDashboard" name="test_dashboard_kpi_structure" time="0.118" /><testcase classname="backend.tests.test_iteration96_scadenziario.TestScadenziarioDashboard" name="test_dashboard_scadenze_structure" time="0.152" /><testcase classname="backend.tests.test_iteration96_scadenziario.TestScadenziarioDashboard" name="test_dashboard_aggregates_welders" time="0.114" /><testcase classname="backend.tests.test_iteration96_scadenziario.TestScadenziarioDashboard" name="test_dashboard_aggregates_instruments" time="0.164" /><testcase classname="backend.tests.test_iteration96_scadenziario.TestScadenziarioDashboard" name="test_dashboard_aggregates_commesse" time="0.142" /><testcase classname="backend.tests.test_iteration96_scadenziario.TestScadenziarioDashboard" name="test_dashboard_no_auth_returns_401" time="0.133" /><testcase classname="backend.tests.test_iteration96_scadenziario.TestCostImputaCommessa" name="test_imputa_commessa_success" time="0.455" /><testcase classname="backend.tests.test_iteration96_scadenziario.TestCostImputaCommessa" name="test_imputa_commessa_requires_commessa_id" time="0.211" /><testcase classname="backend.tests.test_iteration96_scadenziario.TestCostImputaCommessa" name="test_imputa_commessa_not_found" time="0.200" /><testcase classname="backend.tests.test_iteration96_scadenziario.TestCostImputaCommessa" name="test_imputa_fattura_not_found" time="0.103" /><testcase classname="backend.tests.test_iteration96_scadenziario.TestCostImputaMagazzino" name="test_imputa_magazzino_creates_articoli" time="0.330" /><testcase classname="backend.tests.test_iteration96_scadenziario.TestCostImputaMagazzino" name="test_imputa_magazzino_updates_existing_articolo" time="0.271" /><testcase classname="backend.tests.test_iteration96_scadenziario.TestFICSyncEndpoint" name="test_sync_fic_returns_proper_error_when_expired" time="0.102"><failure message="AssertionError: Expected 400/401/502, got 500: Internal Server Error&#10;assert 500 in [400, 401, 502]&#10; +  where 500 = &lt;Response [500]&gt;.status_code">backend/tests/test_iteration96_scadenziario.py:389: in test_sync_fic_returns_proper_error_when_expired
    assert resp.status_code in [400, 401, 502], f"Expected 400/401/502, got {resp.status_code}: {resp.text}"
E   AssertionError: Expected 400/401/502, got 500: Internal Server Error
E   assert 500 in [400, 401, 502]
E    +  where 500 = &lt;Response [500]&gt;.status_code</failure></testcase><testcase classname="backend.tests.test_iteration96_scadenziario.TestFICSyncEndpoint" name="test_sync_fic_no_auth_returns_401" time="0.102" /><testcase classname="backend.tests.test_iteration96_scadenziario.TestExistingFattureRicevuteCRUD" name="test_list_fatture_ricevute" time="0.097" /><testcase classname="backend.tests.test_iteration96_scadenziario.TestExistingFattureRicevuteCRUD" name="test_create_fattura_ricevuta" time="0.167" /><testcase classname="backend.tests.test_iteration96_scadenziario.TestExistingFattureRicevuteCRUD" name="test_get_single_fattura" time="0.197" /><testcase classname="backend.tests.test_iteration96_scadenziario.TestExistingFattureRicevuteCRUD" name="test_update_fattura_status" time="0.219" /><testcase classname="backend.tests.test_iteration96_scadenziario.TestExistingFattureRicevuteCRUD" name="test_delete_fattura" time="0.239" /><testcase classname="backend.tests.test_iteration96_scadenziario.TestExistingFattureRicevuteCRUD" name="test_record_payment" time="0.224" /><testcase classname="backend.tests.test_iteration96_scadenziario.TestScadenziarioKPICalculations" name="test_scaduto_kpi_calculation" time="0.187" /><testcase classname="backend.tests.test_iteration96_scadenziario.TestScadenziarioKPICalculations" name="test_in_scadenza_kpi_calculation" time="0.228" /></testsuite></testsuites>