<?xml version="1.0" encoding="utf-8"?><testsuites name="pytest tests"><testsuite name="pytest" errors="0" failures="0" skipped="0" tests="7" time="3.003" timestamp="2026-03-06T17:00:58.953884+00:00" hostname="agent-env-0c55f3d2-f153-42cf-bcd4-98b274b95f7c"><testcase classname="backend.tests.test_iteration157_progressive_invoicing_imponibile_fix.TestInvoicingStatusReturnsImponibile" name="test_total_preventivo_is_imponibile_not_total_with_vat" time="0.906" /><testcase classname="backend.tests.test_iteration157_progressive_invoicing_imponibile_fix.TestInvoicingStatusReturnsImponibile" name="test_complex_preventivo_imponibile" time="0.228" /><testcase classname="backend.tests.test_iteration157_progressive_invoicing_imponibile_fix.TestAccontoCalculatesOnImponibile" name="test_acconto_40_percent_on_imponibile" time="0.304" /><testcase classname="backend.tests.test_iteration157_progressive_invoicing_imponibile_fix.TestAccontoCalculatesOnImponibile" name="test_acconto_simple_case" time="0.199" /><testcase classname="backend.tests.test_iteration157_progressive_invoicing_imponibile_fix.TestSALUsesLineTotals" name="test_sal_selected_lines_uses_imponibile" time="0.207" /><testcase classname="backend.tests.test_iteration157_progressive_invoicing_imponibile_fix.TestSaldoUsesImponibile" name="test_saldo_after_acconto_correct_remaining" time="0.331" /><testcase classname="backend.tests.test_iteration157_progressive_invoicing_imponibile_fix.TestTotalInvoicedTracking" name="test_total_invoiced_sums_imponibile_amounts" time="0.744" /></testsuite></testsuites>