<?xml version="1.0" encoding="utf-8"?><testsuites name="pytest tests"><testsuite name="pytest" errors="0" failures="0" skipped="0" tests="24" time="4.767" timestamp="2026-03-03T14:58:59.496067+00:00" hostname="agent-env-01e09321-0674-4ed9-9f3d-b41d77b51d05"><testcase classname="tests.test_iteration110_wps_module.TestWPSReferenceData" name="test_reference_data_returns_200" time="0.562" /><testcase classname="tests.test_iteration110_wps_module.TestWPSReferenceData" name="test_reference_data_contains_processes" time="0.283" /><testcase classname="tests.test_iteration110_wps_module.TestWPSReferenceData" name="test_reference_data_contains_material_groups" time="0.112" /><testcase classname="tests.test_iteration110_wps_module.TestWPSReferenceData" name="test_reference_data_contains_positions" time="0.141" /><testcase classname="tests.test_iteration110_wps_module.TestWPSReferenceData" name="test_reference_data_contains_joint_types" time="0.152" /><testcase classname="tests.test_iteration110_wps_module.TestWPSReferenceData" name="test_reference_data_contains_exec_classes" time="0.198" /><testcase classname="tests.test_iteration110_wps_module.TestWPSSuggestEndpoint" name="test_suggest_requires_auth" time="0.121" /><testcase classname="tests.test_iteration110_wps_module.TestWPSSuggestEndpoint" name="test_suggest_carbon_steel_mag" time="0.131" /><testcase classname="tests.test_iteration110_wps_module.TestWPSSuggestEndpoint" name="test_suggest_stainless_steel_tig" time="0.115" /><testcase classname="tests.test_iteration110_wps_module.TestWPSSuggestEndpoint" name="test_suggest_aluminum_mig" time="0.150" /><testcase classname="tests.test_iteration110_wps_module.TestWPSSuggestEndpoint" name="test_suggest_thick_material_preheat" time="0.105" /><testcase classname="tests.test_iteration110_wps_module.TestWPSSuggestEndpoint" name="test_suggest_exc4_full_ndt" time="0.172" /><testcase classname="tests.test_iteration110_wps_module.TestWPSSuggestEndpoint" name="test_suggest_invalid_process" time="0.121" /><testcase classname="tests.test_iteration110_wps_module.TestWPSSuggestEndpoint" name="test_suggest_invalid_material_group" time="0.141" /><testcase classname="tests.test_iteration110_wps_module.TestWPSCRUD" name="test_create_wps_requires_auth" time="0.137" /><testcase classname="tests.test_iteration110_wps_module.TestWPSCRUD" name="test_create_wps_success" time="0.145" /><testcase classname="tests.test_iteration110_wps_module.TestWPSCRUD" name="test_list_wps" time="0.132" /><testcase classname="tests.test_iteration110_wps_module.TestWPSCRUD" name="test_get_wps_by_id" time="0.121" /><testcase classname="tests.test_iteration110_wps_module.TestWPSCRUD" name="test_get_wps_not_found" time="0.142" /><testcase classname="tests.test_iteration110_wps_module.TestWPSCRUD" name="test_update_wps_status" time="0.232" /><testcase classname="tests.test_iteration110_wps_module.TestWPSCRUD" name="test_update_wps_fields" time="0.132" /><testcase classname="tests.test_iteration110_wps_module.TestWPSCRUD" name="test_delete_wps" time="0.489" /><testcase classname="tests.test_iteration110_wps_module.TestWPSCRUD" name="test_delete_wps_not_found" time="0.116" /><testcase classname="tests.test_iteration110_wps_module.TestWPSAutoNumbering" name="test_wps_sequential_numbering" time="0.511" /></testsuite></testsuites>