<?xml version="1.0" encoding="utf-8"?><testsuites name="pytest tests"><testsuite name="pytest" errors="0" failures="0" skipped="0" tests="12" time="2.079" timestamp="2026-02-28T07:26:35.699007+00:00" hostname="agent-env-e00ed759-ff94-4445-b970-b09e3319d06d"><testcase classname="backend.tests.test_iteration43_features.TestClientCreationBugFix" name="test_create_client_returns_201" time="0.200" /><testcase classname="backend.tests.test_iteration43_features.TestClientCreationBugFix" name="test_create_client_with_empty_optional_fields" time="0.176" /><testcase classname="backend.tests.test_iteration43_features.TestClientCreationBugFix" name="test_create_client_with_full_data" time="0.203" /><testcase classname="backend.tests.test_iteration43_features.TestClientCreationBugFix" name="test_client_appears_in_list" time="0.210" /><testcase classname="backend.tests.test_iteration43_features.TestEBITDADashboard" name="test_ebitda_endpoint_returns_200" time="0.110" /><testcase classname="backend.tests.test_iteration43_features.TestEBITDADashboard" name="test_ebitda_returns_12_months" time="0.118" /><testcase classname="backend.tests.test_iteration43_features.TestEBITDADashboard" name="test_ebitda_response_structure" time="0.114" /><testcase classname="backend.tests.test_iteration43_features.TestEBITDADashboard" name="test_ebitda_current_year" time="0.127" /><testcase classname="backend.tests.test_iteration43_features.TestCompanySettings" name="test_settings_get" time="0.104" /><testcase classname="backend.tests.test_iteration43_features.TestCompanySettings" name="test_settings_logo_url_update" time="0.270" /><testcase classname="backend.tests.test_iteration43_features.TestCompanySettings" name="test_settings_condizioni_vendita_update" time="0.251" /><testcase classname="backend.tests.test_iteration43_features.TestDashboardStats" name="test_dashboard_stats_endpoint" time="0.116" /></testsuite></testsuites>