<?xml version="1.0" encoding="utf-8"?><testsuites name="pytest tests"><testsuite name="pytest" errors="0" failures="4" skipped="0" tests="17" time="4.090" timestamp="2026-03-01T17:04:28.463419+00:00" hostname="agent-env-9677558d-6912-4f31-a801-b7d72dd46745"><testcase classname="tests.test_iteration84_consegne.TestHealthAndBase" name="test_health_endpoint" time="0.153" /><testcase classname="tests.test_iteration84_consegne.TestConsegneCreation" name="test_crea_consegna_basic" time="0.421" /><testcase classname="tests.test_iteration84_consegne.TestConsegneCreation" name="test_crea_consegna_creates_ddt_document" time="0.130" /><testcase classname="tests.test_iteration84_consegne.TestConsegneCreation" name="test_crea_consegna_autofills_lines_from_batches" time="0.177" /><testcase classname="tests.test_iteration84_consegne.TestConsegneCreation" name="test_crea_consegna_adds_to_consegne_array" time="0.189"><failure message="AssertionError: Consegne count should increase by 1: 0 -&gt; 0&#10;assert 0 == (0 + 1)">tests/test_iteration84_consegne.py:257: in test_crea_consegna_adds_to_consegne_array
    assert count_after == count_before + 1, f"Consegne count should increase by 1: {count_before} -&gt; {count_after}"
E   AssertionError: Consegne count should increase by 1: 0 -&gt; 0
E   assert 0 == (0 + 1)</failure></testcase><testcase classname="tests.test_iteration84_consegne.TestPacchettoPDF" name="test_pacchetto_pdf_returns_pdf" time="1.253" /><testcase classname="tests.test_iteration84_consegne.TestPacchettoPDF" name="test_pacchetto_pdf_contains_merged_documents" time="0.439" /><testcase classname="tests.test_iteration84_consegne.TestPacchettoPDF" name="test_pacchetto_pdf_marks_flags" time="0.119"><failure message="AssertionError: Consegna should exist&#10;assert None">tests/test_iteration84_consegne.py:346: in test_pacchetto_pdf_marks_flags
    assert cons, "Consegna should exist"
E   AssertionError: Consegna should exist
E   assert None</failure></testcase><testcase classname="tests.test_iteration84_consegne.TestPacchettoPDF" name="test_pacchetto_pdf_404_invalid_consegna" time="0.059" /><testcase classname="tests.test_iteration84_consegne.TestGetOpsConsegne" name="test_get_ops_returns_consegne_array" time="0.065"><failure message="AssertionError: Response should contain 'consegne' key&#10;assert 'consegne' in {'approvvigionamento': {'arrivi': [], 'ordini': [], 'richieste': []}, 'conto_lavoro': [], 'documenti_count': 0, 'fasi_produzione': [], ...}">tests/test_iteration84_consegne.py:394: in test_get_ops_returns_consegne_array
    assert "consegne" in data, "Response should contain 'consegne' key"
E   AssertionError: Response should contain 'consegne' key
E   assert 'consegne' in {'approvvigionamento': {'arrivi': [], 'ordini': [], 'richieste': []}, 'conto_lavoro': [], 'documenti_count': 0, 'fasi_produzione': [], ...}</failure></testcase><testcase classname="tests.test_iteration84_consegne.TestGetOpsConsegne" name="test_get_ops_consegne_structure" time="0.113" /><testcase classname="tests.test_iteration84_consegne.TestGetOpsConsegne" name="test_ensure_ops_fields_initializes_consegne" time="0.113"><failure message="AssertionError: ensure_ops_fields should initialize consegne&#10;assert 'consegne' in {'approvvigionamento': {'arrivi': [], 'ordini': [], 'richieste': []}, 'conto_lavoro': [], 'documenti_count': 0, 'fasi_produzione': [], ...}">tests/test_iteration84_consegne.py:450: in test_ensure_ops_fields_initializes_consegne
    assert "consegne" in data, "ensure_ops_fields should initialize consegne"
E   AssertionError: ensure_ops_fields should initialize consegne
E   assert 'consegne' in {'approvvigionamento': {'arrivi': [], 'ordini': [], 'richieste': []}, 'conto_lavoro': [], 'documenti_count': 0, 'fasi_produzione': [], ...}</failure></testcase><testcase classname="tests.test_iteration84_consegne.TestRegressionProduzione" name="test_put_produzione_with_started_completed_still_works" time="0.119" /><testcase classname="tests.test_iteration84_consegne.TestRegressionProduzione" name="test_put_produzione_basic_still_works" time="0.128" /><testcase classname="tests.test_iteration84_consegne.TestRegressionContoLavoro" name="test_post_rientro_cl_still_works" time="0.206" /><testcase classname="tests.test_iteration84_consegne.TestAuthAndErrors" name="test_unauthorized_crea_consegna" time="0.172" /><testcase classname="tests.test_iteration84_consegne.TestAuthAndErrors" name="test_unauthorized_pacchetto_pdf" time="0.123" /></testsuite></testsuites>