<?xml version="1.0" encoding="utf-8"?><testsuites name="pytest tests"><testsuite name="pytest" errors="0" failures="5" skipped="0" tests="10" time="6.054" timestamp="2026-03-01T16:12:39.280611+00:00" hostname="agent-env-9677558d-6912-4f31-a801-b7d72dd46745"><testcase classname="backend.tests.test_iteration81_super_fascicolo.TestHealthEndpoint" name="test_health_endpoint" time="0.337" /><testcase classname="backend.tests.test_iteration81_super_fascicolo.TestSuperFascicoloEndpoint" name="test_super_fascicolo_returns_pdf" time="2.186"><failure message="AssertionError: Expected 200, got 500: {&quot;detail&quot;:&quot;Errore generazione fascicolo: 'datetime.datetime' object is not subscriptable&quot;}&#10;assert 500 == 200&#10; +  where 500 = &lt;Response [500]&gt;.status_code">backend/tests/test_iteration81_super_fascicolo.py:252: in test_super_fascicolo_returns_pdf
    assert response.status_code == 200, f"Expected 200, got {response.status_code}: {response.text[:500]}"
E   AssertionError: Expected 200, got 500: {"detail":"Errore generazione fascicolo: 'datetime.datetime' object is not subscriptable"}
E   assert 500 == 200
E    +  where 500 = &lt;Response [500]&gt;.status_code</failure></testcase><testcase classname="backend.tests.test_iteration81_super_fascicolo.TestSuperFascicoloEndpoint" name="test_super_fascicolo_404_nonexistent_commessa" time="0.147" /><testcase classname="backend.tests.test_iteration81_super_fascicolo.TestSuperFascicoloEndpoint" name="test_super_fascicolo_401_unauthenticated" time="0.180" /><testcase classname="backend.tests.test_iteration81_super_fascicolo.TestSuperFascicoloPDFContent" name="test_pdf_size_indicates_multiple_sections" time="0.842"><failure message="assert 500 == 200&#10; +  where 500 = &lt;Response [500]&gt;.status_code">backend/tests/test_iteration81_super_fascicolo.py:308: in test_pdf_size_indicates_multiple_sections
    assert response.status_code == 200
E   assert 500 == 200
E    +  where 500 = &lt;Response [500]&gt;.status_code</failure></testcase><testcase classname="backend.tests.test_iteration81_super_fascicolo.TestExistingFunctionalityRegression" name="test_company_settings_still_returns_certification_fields" time="0.176" /><testcase classname="backend.tests.test_iteration81_super_fascicolo.TestExistingFunctionalityRegression" name="test_company_settings_save_still_works" time="0.116" /><testcase classname="backend.tests.test_iteration81_super_fascicolo.TestSuperFascicoloWithMinimalData" name="test_super_fascicolo_handles_missing_cam_data" time="0.741"><failure message="AssertionError: Expected 200 even with no CAM data, got 500: {&quot;detail&quot;:&quot;Errore generazione fascicolo: 'datetime.datetime' object is not subscriptable&quot;}&#10;assert 500 == 200&#10; +  where 500 = &lt;Response [500]&gt;.status_code">backend/tests/test_iteration81_super_fascicolo.py:396: in test_super_fascicolo_handles_missing_cam_data
    assert response.status_code == 200, f"Expected 200 even with no CAM data, got {response.status_code}: {response.text[:500]}"
E   AssertionError: Expected 200 even with no CAM data, got 500: {"detail":"Errore generazione fascicolo: 'datetime.datetime' object is not subscriptable"}
E   assert 500 == 200
E    +  where 500 = &lt;Response [500]&gt;.status_code</failure></testcase><testcase classname="backend.tests.test_iteration81_super_fascicolo.TestSuperFascicoloServiceDirectly" name="test_generate_super_fascicolo_raises_for_missing_commessa" time="0.000"><failure message="Failed: async def functions are not natively supported.&#10;You need to install a suitable plugin for your async framework, for example:&#10;  - anyio&#10;  - pytest-asyncio&#10;  - pytest-tornasync&#10;  - pytest-trio&#10;  - pytest-twisted">async def functions are not natively supported.
You need to install a suitable plugin for your async framework, for example:
  - anyio
  - pytest-asyncio
  - pytest-tornasync
  - pytest-trio
  - pytest-twisted</failure></testcase><testcase classname="backend.tests.test_iteration81_super_fascicolo.TestCoverPageContent" name="test_pdf_cover_has_commessa_info" time="1.185"><failure message="assert 500 == 200&#10; +  where 500 = &lt;Response [500]&gt;.status_code">backend/tests/test_iteration81_super_fascicolo.py:438: in test_pdf_cover_has_commessa_info
    assert response.status_code == 200
E   assert 500 == 200
E    +  where 500 = &lt;Response [500]&gt;.status_code</failure></testcase></testsuite></testsuites>