<?xml version="1.0" encoding="utf-8"?><testsuites name="pytest tests"><testsuite name="pytest" errors="0" failures="0" skipped="0" tests="21" time="5.488" timestamp="2026-03-02T18:53:23.658515+00:00" hostname="agent-env-df89dac8-d895-4bc6-9d9d-ff83f82b651f"><testcase classname="backend.tests.test_payment_types_invoicex.TestPaymentTypesQuoteSystem" name="test_create_payment_type_with_custom_quote" time="2.144" /><testcase classname="backend.tests.test_payment_types_invoicex.TestPaymentTypesQuoteSystem" name="test_create_payment_type_with_multiple_quotes" time="0.071" /><testcase classname="backend.tests.test_payment_types_invoicex.TestPaymentTypesQuoteSystem" name="test_create_immediate_payment_with_quote" time="0.065" /><testcase classname="backend.tests.test_payment_types_invoicex.TestPaymentTypesQuoteSystem" name="test_update_payment_type_quotes" time="0.123" /><testcase classname="backend.tests.test_payment_types_invoicex.TestCodiceFatturazioneElettronica" name="test_codice_fe_mp05_bonifico" time="0.056" /><testcase classname="backend.tests.test_payment_types_invoicex.TestCodiceFatturazioneElettronica" name="test_codice_fe_mp12_riba" time="0.052" /><testcase classname="backend.tests.test_payment_types_invoicex.TestCodiceFatturazioneElettronica" name="test_codice_fe_empty_allowed" time="0.084" /><testcase classname="backend.tests.test_payment_types_invoicex.TestCodiceFatturazioneElettronica" name="test_list_includes_codice_fe" time="0.070" /><testcase classname="backend.tests.test_payment_types_invoicex.TestSimulateDeadlines" name="test_simulate_single_payment" time="0.128" /><testcase classname="backend.tests.test_payment_types_invoicex.TestSimulateDeadlines" name="test_simulate_multiple_installments" time="0.144" /><testcase classname="backend.tests.test_payment_types_invoicex.TestSimulateDeadlines" name="test_simulate_with_fine_mese" time="0.113" /><testcase classname="backend.tests.test_payment_types_invoicex.TestSimulateDeadlines" name="test_simulate_nonexistent_payment_type" time="0.101" /><testcase classname="backend.tests.test_payment_types_invoicex.TestSimulateDeadlines" name="test_simulate_invalid_date_format" time="0.106" /><testcase classname="backend.tests.test_payment_types_invoicex.TestBackwardCompatibility" name="test_legacy_gg_flags_generate_quote" time="0.108" /><testcase classname="backend.tests.test_payment_types_invoicex.TestBackwardCompatibility" name="test_legacy_single_flag_generates_100_percent_quote" time="0.132" /><testcase classname="backend.tests.test_payment_types_invoicex.TestBackwardCompatibility" name="test_immediate_flag_generates_zero_days_quote" time="0.158" /><testcase classname="backend.tests.test_payment_types_invoicex.TestSeedDefaultsWithQuotes" name="test_seed_defaults_includes_quotes" time="1.000" /><testcase classname="backend.tests.test_payment_types_invoicex.TestGiornoScadenzaFixed" name="test_create_with_giorno_scadenza" time="0.055" /><testcase classname="backend.tests.test_payment_types_invoicex.TestDivisioneAutomatica" name="test_divisione_automatica_default_true" time="0.075" /><testcase classname="backend.tests.test_payment_types_invoicex.TestDivisioneAutomatica" name="test_divisione_automatica_can_be_false" time="0.066" /><testcase classname="backend.tests.test_payment_types_invoicex.TestUnauthorizedAccess" name="test_simulate_requires_auth" time="0.498" /></testsuite></testsuites>