<?xml version="1.0" encoding="utf-8"?><testsuites name="pytest tests"><testsuite name="pytest" errors="0" failures="0" skipped="0" tests="12" time="5.439" timestamp="2026-02-28T13:48:27.898458+00:00" hostname="agent-env-53bff274-35c5-41ce-9030-3dc170600750"><testcase classname="backend.tests.test_pdf_email_procurement.TestRdpPdfGeneration" name="test_create_rdp_with_line_items" time="0.906" /><testcase classname="backend.tests.test_pdf_email_procurement.TestRdpPdfGeneration" name="test_get_rdp_pdf" time="1.035" /><testcase classname="backend.tests.test_pdf_email_procurement.TestRdpPdfGeneration" name="test_rdp_pdf_not_found" time="0.133" /><testcase classname="backend.tests.test_pdf_email_procurement.TestOdaPdfGeneration" name="test_create_oda_with_line_items" time="0.146" /><testcase classname="backend.tests.test_pdf_email_procurement.TestOdaPdfGeneration" name="test_get_oda_pdf" time="0.366" /><testcase classname="backend.tests.test_pdf_email_procurement.TestOdaPdfGeneration" name="test_oda_pdf_not_found" time="0.121" /><testcase classname="backend.tests.test_pdf_email_procurement.TestEmailSending" name="test_send_rdp_email_without_supplier_email" time="0.542" /><testcase classname="backend.tests.test_pdf_email_procurement.TestEmailSending" name="test_send_rdp_email_with_supplier_email" time="0.633" /><testcase classname="backend.tests.test_pdf_email_procurement.TestEmailSending" name="test_send_oda_email_with_supplier_email" time="0.605" /><testcase classname="backend.tests.test_pdf_email_procurement.TestEmailStatusBadges" name="test_rdp_default_status_is_draft" time="0.138" /><testcase classname="backend.tests.test_pdf_email_procurement.TestEmailStatusBadges" name="test_oda_default_status_is_draft" time="0.113" /><testcase classname="backend.tests.test_pdf_email_procurement.TestPdfContentValidation" name="test_rdp_pdf_contains_cert_badge" time="0.626" /></testsuite></testsuites>