<?xml version="1.0" encoding="utf-8"?><testsuites name="pytest tests"><testsuite name="pytest" errors="0" failures="0" skipped="0" tests="22" time="4.953" timestamp="2026-02-27T14:57:39.081823+00:00" hostname="agent-env-e9c848b9-df1b-4683-b3a0-b6235dffcfe9"><testcase classname="backend.tests.test_preventivi_v2.TestDualDiscountsCalc" name="test_calc_line_no_discounts" time="0.554" /><testcase classname="backend.tests.test_preventivi_v2.TestDualDiscountsCalc" name="test_calc_line_sconto_1_only" time="0.131" /><testcase classname="backend.tests.test_preventivi_v2.TestDualDiscountsCalc" name="test_calc_line_sconto_2_only" time="0.138" /><testcase classname="backend.tests.test_preventivi_v2.TestDualDiscountsCalc" name="test_calc_line_cascading_discounts" time="0.124" /><testcase classname="backend.tests.test_preventivi_v2.TestDualDiscountsCalc" name="test_calc_line_large_discounts" time="0.112" /><testcase classname="backend.tests.test_preventivi_v2.TestGlobalDiscountAndAcconto" name="test_totals_no_global_discount" time="0.124" /><testcase classname="backend.tests.test_preventivi_v2.TestGlobalDiscountAndAcconto" name="test_totals_with_global_discount" time="0.114" /><testcase classname="backend.tests.test_preventivi_v2.TestGlobalDiscountAndAcconto" name="test_totals_with_acconto" time="0.140" /><testcase classname="backend.tests.test_preventivi_v2.TestGlobalDiscountAndAcconto" name="test_totals_with_global_discount_and_acconto" time="0.136" /><testcase classname="backend.tests.test_preventivi_v2.TestPreventivoNewFields" name="test_create_with_payment_type" time="0.166" /><testcase classname="backend.tests.test_preventivi_v2.TestPreventivoNewFields" name="test_create_with_destinazione_merce" time="0.124" /><testcase classname="backend.tests.test_preventivi_v2.TestPreventivoNewFields" name="test_create_with_iban_banca" time="0.122" /><testcase classname="backend.tests.test_preventivi_v2.TestPreventivoNewFields" name="test_create_with_note_pagamento_riferimento" time="0.096" /><testcase classname="backend.tests.test_preventivi_v2.TestPreventivoNewFields" name="test_create_with_codice_articolo" time="0.127" /><testcase classname="backend.tests.test_preventivi_v2.TestUpdateWithDualDiscounts" name="test_update_line_discounts" time="0.289" /><testcase classname="backend.tests.test_preventivi_v2.TestUpdateWithDualDiscounts" name="test_update_global_discount" time="0.160" /><testcase classname="backend.tests.test_preventivi_v2.TestUpdateWithDualDiscounts" name="test_update_acconto" time="0.185" /><testcase classname="backend.tests.test_preventivi_v2.TestConvertToInvoiceV2" name="test_convert_with_prezzo_netto" time="0.310" /><testcase classname="backend.tests.test_preventivi_v2.TestConvertToInvoiceV2" name="test_convert_with_payment_type" time="0.269" /><testcase classname="backend.tests.test_preventivi_v2.TestConvertToInvoiceV2" name="test_convert_with_global_discount" time="0.312" /><testcase classname="backend.tests.test_preventivi_v2.TestWorkflowTimeline" name="test_status_after_convert" time="0.307" /><testcase classname="backend.tests.test_preventivi_v2.TestWorkflowTimeline" name="test_linked_invoice_info" time="0.788" /></testsuite></testsuites>