<?xml version="1.0" encoding="utf-8"?><testsuites name="pytest tests"><testsuite name="pytest" errors="0" failures="0" skipped="0" tests="15" time="6.618" timestamp="2026-02-28T10:47:38.832672+00:00" hostname="agent-env-6d3496e3-e569-4d43-b561-e9f53b5bc7bf"><testcase classname="backend.tests.test_progressive_invoicing.TestInvoicingStatus" name="test_invoicing_status_returns_correct_structure" time="0.542" /><testcase classname="backend.tests.test_progressive_invoicing.TestInvoicingStatus" name="test_invoicing_status_404_nonexistent" time="0.117" /><testcase classname="backend.tests.test_progressive_invoicing.TestAccontoInvoice" name="test_acconto_creates_invoice_with_percentage" time="0.487" /><testcase classname="backend.tests.test_progressive_invoicing.TestAccontoInvoice" name="test_acconto_rejects_invalid_percentage" time="0.611" /><testcase classname="backend.tests.test_progressive_invoicing.TestSalInvoice" name="test_sal_with_selected_lines" time="0.375" /><testcase classname="backend.tests.test_progressive_invoicing.TestSalInvoice" name="test_sal_with_custom_amount" time="0.371" /><testcase classname="backend.tests.test_progressive_invoicing.TestSalInvoice" name="test_sal_rejects_exceeding_amount" time="0.366" /><testcase classname="backend.tests.test_progressive_invoicing.TestSalInvoice" name="test_sal_rejects_invalid_line_index" time="0.380" /><testcase classname="backend.tests.test_progressive_invoicing.TestSalInvoice" name="test_sal_requires_lines_or_amount" time="0.376" /><testcase classname="backend.tests.test_progressive_invoicing.TestSaldoInvoice" name="test_saldo_creates_full_invoice_with_deductions" time="0.600" /><testcase classname="backend.tests.test_progressive_invoicing.TestSaldoInvoice" name="test_saldo_with_no_previous_invoices" time="0.356" /><testcase classname="backend.tests.test_progressive_invoicing.TestPreventivFullyInvoiced" name="test_reject_invoice_when_fully_invoiced" time="0.482" /><testcase classname="backend.tests.test_progressive_invoicing.TestPreventiviListInvoicingProgress" name="test_list_includes_invoicing_progress" time="0.484" /><testcase classname="backend.tests.test_progressive_invoicing.TestProgressiveInvoiceValidation" name="test_requires_client" time="0.356" /><testcase classname="backend.tests.test_progressive_invoicing.TestProgressiveInvoiceValidation" name="test_invalid_invoice_type" time="0.622" /></testsuite></testsuites>