<?xml version="1.0" encoding="utf-8"?><testsuites name="pytest tests"><testsuite name="pytest" errors="0" failures="0" skipped="0" tests="18" time="17.718" timestamp="2026-02-27T08:43:14.810180+00:00" hostname="agent-env-db94c522-7528-411c-b462-4261eb3bf058"><testcase classname="backend.tests.test_sicurezza.TestRischiEndpoint" name="test_get_rischi_returns_200" time="0.180" /><testcase classname="backend.tests.test_sicurezza.TestRischiEndpoint" name="test_rischi_returns_13_risks" time="0.050" /><testcase classname="backend.tests.test_sicurezza.TestRischiEndpoint" name="test_rischi_returns_14_machines" time="0.047" /><testcase classname="backend.tests.test_sicurezza.TestRischiEndpoint" name="test_rischi_returns_13_dpi" time="0.048" /><testcase classname="backend.tests.test_sicurezza.TestRischiEndpoint" name="test_rischi_categories" time="0.068" /><testcase classname="backend.tests.test_sicurezza.TestPosCRUD" name="test_create_pos" time="0.431" /><testcase classname="backend.tests.test_sicurezza.TestPosCRUD" name="test_get_pos_list" time="0.051" /><testcase classname="backend.tests.test_sicurezza.TestPosCRUD" name="test_get_single_pos" time="0.050" /><testcase classname="backend.tests.test_sicurezza.TestPosCRUD" name="test_update_pos" time="0.048" /><testcase classname="backend.tests.test_sicurezza.TestPosCRUD" name="test_get_pos_returns_404_for_invalid_id" time="0.048" /><testcase classname="backend.tests.test_sicurezza.TestAIRiskAssessment" name="test_create_pos_for_ai" time="0.052" /><testcase classname="backend.tests.test_sicurezza.TestAIRiskAssessment" name="test_generate_risk_assessment" time="15.740" /><testcase classname="backend.tests.test_sicurezza.TestAIRiskAssessment" name="test_ai_assessment_saved_to_pos" time="0.056" /><testcase classname="backend.tests.test_sicurezza.TestAIRiskAssessment" name="test_generate_requires_risks" time="0.104" /><testcase classname="backend.tests.test_sicurezza.TestPosPdfGeneration" name="test_download_pdf" time="0.082" /><testcase classname="backend.tests.test_sicurezza.TestPosDelete" name="test_delete_pos" time="0.097" /><testcase classname="backend.tests.test_sicurezza.TestPosDelete" name="test_deleted_pos_returns_404" time="0.050" /><testcase classname="backend.tests.test_sicurezza.TestAuthRequired" name="test_list_pos_requires_auth" time="0.431" /></testsuite></testsuites>