<?xml version="1.0" encoding="utf-8"?><testsuites name="pytest tests"><testsuite name="pytest" errors="0" failures="0" skipped="0" tests="16" time="3.809" timestamp="2026-02-27T17:08:07.724924+00:00" hostname="agent-env-8b6d3573-c27b-48a3-a8e7-485159df483d"><testcase classname="backend.tests.test_sinistro_smart_algorithm.TestAPIHealth" name="test_api_health_endpoint" time="0.286" /><testcase classname="backend.tests.test_sinistro_smart_algorithm.TestAPIHealth" name="test_codici_danno_returns_7_codes" time="0.127" /><testcase classname="backend.tests.test_sinistro_smart_algorithm.TestSinistroSmartMateriale" name="test_mat01_calculated_with_markup" time="0.176" /><testcase classname="backend.tests.test_sinistro_smart_algorithm.TestSinistroSmartTrasporto" name="test_tra01_120_for_long_elements" time="0.067" /><testcase classname="backend.tests.test_sinistro_smart_algorithm.TestSinistroSmartTrasporto" name="test_tra01_60_for_short_elements" time="0.064" /><testcase classname="backend.tests.test_sinistro_smart_algorithm.TestSinistroSmartManodopera" name="test_man01_smontaggio_40_per_ml" time="0.056" /><testcase classname="backend.tests.test_sinistro_smart_algorithm.TestSinistroSmartManodopera" name="test_man02_montaggio_50_per_ml" time="0.070" /><testcase classname="backend.tests.test_sinistro_smart_algorithm.TestSinistroSmartAutomazione" name="test_aut_items_generated_for_m1_force" time="0.062" /><testcase classname="backend.tests.test_sinistro_smart_algorithm.TestSinistroSmartSicurezza" name="test_sic01_generated_for_g1_gap" time="0.068" /><testcase classname="backend.tests.test_sinistro_smart_algorithm.TestSinistroSmartNormativo" name="test_nor01_generated_for_structural" time="0.055" /><testcase classname="backend.tests.test_sinistro_smart_algorithm.TestSinistroSmartSmaltimento" name="test_sma01_always_90_fixed" time="0.057" /><testcase classname="backend.tests.test_sinistro_smart_algorithm.TestRecalcEndpoint" name="test_recalc_updates_costs_after_module_change" time="0.243" /><testcase classname="backend.tests.test_sinistro_smart_algorithm.TestRecalcEndpoint" name="test_recalc_updates_costs_after_code_change" time="0.182" /><testcase classname="backend.tests.test_sinistro_smart_algorithm.TestPDFGeneration" name="test_pdf_returns_valid_document" time="0.145" /><testcase classname="backend.tests.test_sinistro_smart_algorithm.TestArchivioStats" name="test_archivio_stats_returns_aggregated_data" time="0.179" /><testcase classname="backend.tests.test_sinistro_smart_algorithm.TestFullWorkflow" name="test_complete_perizia_workflow" time="1.676" /></testsuite></testsuites>