<?xml version="1.0" encoding="utf-8"?><testsuites name="pytest tests"><testsuite name="pytest" errors="0" failures="0" skipped="0" tests="13" time="2.147" timestamp="2026-02-27T08:08:53.808257+00:00" hostname="agent-env-db94c522-7528-411c-b462-4261eb3bf058"><testcase classname="tests.test_smart_bom.TestProfilesEndpoint" name="test_get_all_profiles" time="0.206" /><testcase classname="tests.test_smart_bom.TestProfilesEndpoint" name="test_get_profiles_by_type_tubolare" time="0.050" /><testcase classname="tests.test_smart_bom.TestProfilesEndpoint" name="test_get_profiles_by_type_piatto" time="0.056" /><testcase classname="tests.test_smart_bom.TestProfilesEndpoint" name="test_get_profiles_by_type_angolare" time="0.055" /><testcase classname="tests.test_smart_bom.TestProfilesEndpoint" name="test_get_profiles_by_type_tondo" time="0.053" /><testcase classname="tests.test_smart_bom.TestProfilesEndpoint" name="test_profile_types_structure" time="0.054" /><testcase classname="tests.test_smart_bom.TestDistintaCRUD" name="test_create_distinta_with_calculation" time="0.421" /><testcase classname="tests.test_smart_bom.TestDistintaCRUD" name="test_get_distinta" time="0.051" /><testcase classname="tests.test_smart_bom.TestDistintaCRUD" name="test_update_distinta_recalculation" time="0.055" /><testcase classname="tests.test_smart_bom.TestDistintaCRUD" name="test_delete_distinta" time="0.103" /><testcase classname="tests.test_smart_bom.TestBarCalculation" name="test_bar_calculation" time="0.156" /><testcase classname="tests.test_smart_bom.TestBarCalculation" name="test_bar_calculation_multiple_bars" time="0.162" /><testcase classname="tests.test_smart_bom.TestPDFExport" name="test_pdf_download" time="0.540" /></testsuite></testsuites>