<?xml version="1.0" encoding="utf-8"?><testsuites name="pytest tests"><testsuite name="pytest" errors="0" failures="1" skipped="0" tests="10" time="7.695" timestamp="2026-03-01T07:18:47.046033+00:00" hostname="agent-env-84d05d96-6477-420c-ae83-a36d26eeecc4"><testcase classname="backend.tests.test_sustainability_dashboard.TestSustainabilityDashboardNewFields" name="test_report_contains_alberi_equivalenti" time="1.919" /><testcase classname="backend.tests.test_sustainability_dashboard.TestSustainabilityDashboardNewFields" name="test_report_contains_indice_economia_circolare" time="0.362" /><testcase classname="backend.tests.test_sustainability_dashboard.TestSustainabilityDashboardNewFields" name="test_report_contains_co2_per_commessa" time="0.414" /><testcase classname="backend.tests.test_sustainability_dashboard.TestSustainabilityDashboardNewFields" name="test_report_contains_trend_mensile" time="0.316" /><testcase classname="backend.tests.test_sustainability_dashboard.TestCO2CalculationFormula" name="test_co2_saved_formula" time="0.207" /><testcase classname="backend.tests.test_sustainability_dashboard.TestCO2CalculationFormula" name="test_alberi_equivalenti_formula" time="0.213" /><testcase classname="backend.tests.test_sustainability_dashboard.TestCO2CalculationFormula" name="test_indice_economia_circolare_equals_percentuale_media" time="0.209" /><testcase classname="backend.tests.test_sustainability_dashboard.TestReportAziendalePDFEndpoint" name="test_pdf_endpoint_returns_pdf_or_400" time="2.121" /><testcase classname="backend.tests.test_sustainability_dashboard.TestReportAziendalePDFEndpoint" name="test_pdf_endpoint_requires_auth" time="0.128" /><testcase classname="backend.tests.test_sustainability_dashboard.TestEmptyStateSustainability" name="test_empty_state_has_sustainability_fields" time="1.587"><failure message="AssertionError: assert 'alberi_equivalenti' in {'anno': 1990, 'co2': {'co2_effettiva_t': 0.0, 'co2_risparmiata_kg': 0.0, 'co2_risparmiata_t': 0.0, 'co2_se_tutto_primario_t': 0.0, ...}, 'commesse': [], 'commesse_conformi': 0, ...}">backend/tests/test_sustainability_dashboard.py:325: in test_empty_state_has_sustainability_fields
    assert "alberi_equivalenti" in data
E   AssertionError: assert 'alberi_equivalenti' in {'anno': 1990, 'co2': {'co2_effettiva_t': 0.0, 'co2_risparmiata_kg': 0.0, 'co2_risparmiata_t': 0.0, 'co2_se_tutto_primario_t': 0.0, ...}, 'commesse': [], 'commesse_conformi': 0, ...}</failure></testcase></testsuite></testsuites>